Running Trim Galore...
Using an excessive number of cores has a diminishing return! It is recommended not to exceed 8 cores per trimming process (you asked for 30 cores). Please consider re-specifying
Path to Cutadapt set as: 'cutadapt' (default)
Cutadapt seems to be working fine (tested command 'cutadapt --version')
Cutadapt version: 2.10
Could not detect version of Python used by Cutadapt from the first line of Cutadapt (but found this: >>>#!/bin/sh<<<)
Letting the (modified) Cutadapt deal with the Python version instead
Parallel gzip (pigz) detected. Proceeding with multicore (de)compression using 30 cores

No quality encoding type selected. Assuming that the data provided uses Sanger encoded Phred scores (default)

Output will be written into the directory: /bigdata/littlab/arajewski/kmerGWAS/Manzanita/1/QC/


AUTO-DETECTING ADAPTER TYPE
===========================
Attempting to auto-detect adapter type from the first 1 million sequences of the first file (>> 1_1.fq.gz <<)

Found perfect matches for the following adapter sequences:
Adapter type	Count	Sequence	Sequences analysed	Percentage
smallRNA	21	TGGAATTCTCGG	1000000	0.00
Illumina	0	AGATCGGAAGAGC	1000000	0.00
Nextera	0	CTGTCTCTTATA	1000000	0.00
Using smallRNA adapter for trimming (count: 21). Second best hit was Illumina (count: 0)

Reducing length cutoff to 18bp for small RNA-Seq reads because a cutoff of 20bp may remove some short species of small RNAs if they had been trimmed by 1,2 or 3bp
Setting the Illumina smallRNA 5' adapter as adapter 2: 'GATCGTCGGACT'
Writing report to '/bigdata/littlab/arajewski/kmerGWAS/Manzanita/1/QC/1_1.fq.gz_trimming_report.txt'

SUMMARISING RUN PARAMETERS
==========================
Input filename: 1_1.fq.gz
Trimming mode: paired-end
Trim Galore version: 0.6.4_dev
Cutadapt version: 2.10
Python version: could not detect
Number of cores used for trimming: 30
Quality Phred score cutoff: 20
Quality encoding type selected: ASCII+33
Adapter sequence: 'TGGAATTCTCGG' (Illumina small RNA adapter; auto-detected)
Maximum trimming error rate: 0.1 (default)
Optional adapter 2 sequence (only used for read 2 of paired-end files): 'GATCGTCGGACT'
Minimum required adapter overlap (stringency): 1 bp
Minimum required sequence length for both reads before a sequence pair gets removed: 18 bp
Output file(s) will be GZIP compressed

Cutadapt seems to be fairly up-to-date (version 2.10). Setting -j 30
Writing final adapter and quality trimmed output to 1_1_trimmed.fq.gz


  >>> Now performing quality (cutoff '-q 20') and adapter trimming in a single pass for the adapter sequence: 'TGGAATTCTCGG' from file 1_1.fq.gz <<< 
This is cutadapt 2.10 with Python 3.7.6
Command line parameters: -j 30 -e 0.1 -q 20 -O 1 -a TGGAATTCTCGG 1_1.fq.gz
Processing reads on 30 cores in single-end mode ...
Finished in 12.16 s (3 us/read; 18.04 M reads/minute).

=== Summary ===

Total reads processed:               3,654,278
Reads with adapters:                   738,406 (20.2%)
Reads written (passing filters):     3,654,278 (100.0%)

Total basepairs processed:   448,338,950 bp
Quality-trimmed:                       0 bp (0.0%)
Total written (filtered):    447,320,171 bp (99.8%)

=== Adapter 1 ===

Sequence: TGGAATTCTCGG; Type: regular 3'; Length: 12; Trimmed: 738406 times

No. of allowed errors:
0-9 bp: 0; 10-12 bp: 1

Bases preceding removed adapters:
  A: 26.5%
  C: 19.0%
  G: 19.2%
  T: 35.3%
  none/other: 0.0%

Overview of removed sequences
length	count	expect	max.err	error counts
1	551730	913569.5	0	551730
2	143325	228392.4	0	143325
3	31461	57098.1	0	31461
4	8365	14274.5	0	8365
5	1633	3568.6	0	1633
6	1103	892.2	0	1103
7	47	223.0	0	47
8	14	55.8	0	14
9	18	13.9	0	3 15
10	32	3.5	1	0 32
11	13	0.9	1	0 13
12	2	0.2	1	0 2
13	11	0.2	1	0 11
14	100	0.2	1	0 100
15	1	0.2	1	0 1
16	3	0.2	1	0 3
17	5	0.2	1	0 5
18	2	0.2	1	0 2
19	12	0.2	1	0 12
20	18	0.2	1	0 18
21	9	0.2	1	0 9
22	1	0.2	1	0 1
23	1	0.2	1	0 1
24	1	0.2	1	0 1
25	1	0.2	1	0 1
26	1	0.2	1	0 1
27	2	0.2	1	0 2
28	2	0.2	1	0 2
29	1	0.2	1	0 1
33	1	0.2	1	0 1
34	3	0.2	1	0 3
38	1	0.2	1	0 1
40	1	0.2	1	0 1
42	5	0.2	1	0 5
43	2	0.2	1	0 2
44	2	0.2	1	0 2
46	1	0.2	1	0 1
48	2	0.2	1	0 2
50	1	0.2	1	0 1
51	1	0.2	1	0 1
52	2	0.2	1	0 2
54	3	0.2	1	0 3
55	3	0.2	1	0 3
56	4	0.2	1	0 4
57	2	0.2	1	0 2
58	3	0.2	1	0 3
59	2	0.2	1	0 2
60	4	0.2	1	0 4
61	36	0.2	1	0 36
62	324	0.2	1	0 324
63	1	0.2	1	0 1
68	3	0.2	1	1 2
70	1	0.2	1	0 1
73	1	0.2	1	0 1
76	2	0.2	1	0 2
78	1	0.2	1	0 1
79	2	0.2	1	0 2
80	1	0.2	1	0 1
81	1	0.2	1	0 1
86	1	0.2	1	0 1
87	2	0.2	1	0 2
88	1	0.2	1	0 1
90	1	0.2	1	0 1
91	4	0.2	1	0 4
93	1	0.2	1	0 1
95	1	0.2	1	0 1
96	1	0.2	1	0 1
100	1	0.2	1	0 1
103	1	0.2	1	0 1
108	1	0.2	1	0 1
109	1	0.2	1	0 1
112	1	0.2	1	0 1
115	4	0.2	1	2 2
116	48	0.2	1	47 1
118	1	0.2	1	0 1
123	1	0.2	1	0 1
125	2	0.2	1	0 2
126	1	0.2	1	0 1
135	1	0.2	1	0 1
138	1	0.2	1	0 1

RUN STATISTICS FOR INPUT FILE: 1_1.fq.gz
=============================================
3654278 sequences processed in total
The length threshold of paired-end sequences gets evaluated later on (in the validation step)

Writing report to '/bigdata/littlab/arajewski/kmerGWAS/Manzanita/1/QC/1_2.fq.gz_trimming_report.txt'

SUMMARISING RUN PARAMETERS
==========================
Input filename: 1_2.fq.gz
Trimming mode: paired-end
Trim Galore version: 0.6.4_dev
Cutadapt version: 2.10
Python version: could not detect
Number of cores used for trimming: 30
Quality Phred score cutoff: 20
Quality encoding type selected: ASCII+33
Adapter sequence: 'TGGAATTCTCGG' (Illumina small RNA adapter; auto-detected)
Maximum trimming error rate: 0.1 (default)
Optional adapter 2 sequence (only used for read 2 of paired-end files): 'GATCGTCGGACT'
Minimum required adapter overlap (stringency): 1 bp
Minimum required sequence length for both reads before a sequence pair gets removed: 18 bp
Output file(s) will be GZIP compressed

Cutadapt seems to be fairly up-to-date (version 2.10). Setting -j -j 30
Writing final adapter and quality trimmed output to 1_2_trimmed.fq.gz


  >>> Now performing quality (cutoff '-q 20') and adapter trimming in a single pass for the adapter sequence: 'GATCGTCGGACT' from file 1_2.fq.gz <<< 
This is cutadapt 2.10 with Python 3.7.6
Command line parameters: -j 30 -e 0.1 -q 20 -O 1 -a GATCGTCGGACT 1_2.fq.gz
Processing reads on 30 cores in single-end mode ...
Finished in 12.29 s (3 us/read; 17.85 M reads/minute).

=== Summary ===

Total reads processed:               3,654,278
Reads with adapters:                   494,473 (13.5%)
Reads written (passing filters):     3,654,278 (100.0%)

Total basepairs processed:   469,044,937 bp
Quality-trimmed:               2,039,615 bp (0.4%)
Total written (filtered):    466,327,983 bp (99.4%)

=== Adapter 1 ===

Sequence: GATCGTCGGACT; Type: regular 3'; Length: 12; Trimmed: 494473 times

No. of allowed errors:
0-9 bp: 0; 10-12 bp: 1

Bases preceding removed adapters:
  A: 28.5%
  C: 8.6%
  G: 25.1%
  T: 37.8%
  none/other: 0.0%

Overview of removed sequences
length	count	expect	max.err	error counts
1	359549	913569.5	0	359549
2	107024	228392.4	0	107024
3	21836	57098.1	0	21836
4	5466	14274.5	0	5466
5	294	3568.6	0	294
6	28	892.2	0	28
7	96	223.0	0	96
8	5	55.8	0	5
9	5	13.9	0	0 5
10	2	3.5	1	0 2
14	1	0.2	1	0 1
15	1	0.2	1	0 1
16	2	0.2	1	0 2
17	2	0.2	1	0 2
18	1	0.2	1	0 1
20	3	0.2	1	0 3
22	1	0.2	1	0 1
25	1	0.2	1	0 1
26	1	0.2	1	0 1
27	4	0.2	1	0 4
28	2	0.2	1	0 2
30	1	0.2	1	0 1
31	1	0.2	1	0 1
32	1	0.2	1	0 1
34	2	0.2	1	0 2
35	3	0.2	1	0 3
37	1	0.2	1	0 1
43	1	0.2	1	0 1
44	4	0.2	1	1 3
46	1	0.2	1	0 1
50	7	0.2	1	0 7
51	1	0.2	1	0 1
52	4	0.2	1	0 4
56	2	0.2	1	0 2
57	3	0.2	1	0 3
59	1	0.2	1	0 1
61	1	0.2	1	0 1
67	1	0.2	1	0 1
68	1	0.2	1	0 1
69	3	0.2	1	0 3
70	6	0.2	1	0 6
75	1	0.2	1	0 1
79	1	0.2	1	0 1
85	1	0.2	1	0 1
86	1	0.2	1	0 1
89	1	0.2	1	0 1
90	3	0.2	1	0 3
97	1	0.2	1	0 1
99	4	0.2	1	0 4
100	48	0.2	1	0 48
102	3	0.2	1	0 3
103	1	0.2	1	0 1
106	2	0.2	1	0 2
109	1	0.2	1	0 1
110	1	0.2	1	0 1
111	1	0.2	1	0 1
112	2	0.2	1	0 2
113	4	0.2	1	0 4
114	2	0.2	1	0 2
115	3	0.2	1	0 3
117	3	0.2	1	0 3
119	1	0.2	1	0 1
120	1	0.2	1	0 1
121	1	0.2	1	0 1
122	1	0.2	1	0 1
124	2	0.2	1	0 2
125	1	0.2	1	0 1
126	1	0.2	1	0 1
131	1	0.2	1	0 1
135	1	0.2	1	0 1
138	2	0.2	1	0 2
143	6	0.2	1	0 6
147	2	0.2	1	0 2

RUN STATISTICS FOR INPUT FILE: 1_2.fq.gz
=============================================
3654278 sequences processed in total
The length threshold of paired-end sequences gets evaluated later on (in the validation step)

Validate paired-end files 1_1_trimmed.fq.gz and 1_2_trimmed.fq.gz
file_1: 1_1_trimmed.fq.gz, file_2: 1_2_trimmed.fq.gz


>>>>> Now validing the length of the 2 paired-end infiles: 1_1_trimmed.fq.gz and 1_2_trimmed.fq.gz <<<<<
Writing validated paired-end Read 1 reads to 1_1_val_1.fq.gz
Writing validated paired-end Read 2 reads to 1_2_val_2.fq.gz

Total number of sequences analysed: 3654278

Number of sequence pairs removed because at least one read was shorter than the length cutoff (18 bp): 3268 (0.09%)

Deleting both intermediate output files 1_1_trimmed.fq.gz and 1_2_trimmed.fq.gz

====================================================================================================

/var/spool/slurmd/job1542524/slurm_script: line 35: exit: o: numeric argument required
