Reading Files ... 
Reading Files ... 
Reading Files ... 
Reading Files ... 
Reading Files ... 
Reading Files ... 
Reading Files ... 
Reading Files ... 
Reading Files ... 
Reading Files ... 
Reading Files ... 
Reading Files ... 
Reading Files ... 
Reading Files ... 
Reading Files ... 
Reading Files ... 
Reading Files ... 
Reading Files ... 
Reading Files ... 
Reading Files ... 
Reading Files ... 
Reading Files ... 
## number of total individuals = 39
## number of analyzed individuals = 39
## number of covariates = 1
## number of phenotypes = 1
## number of total SNPs = 100000
## number of analyzed SNPs = 100000
Start Eigen-Decomposition...
gsl: newton.c:74: ERROR: derivative is zero
Default GSL error handler invoked.
Reading Files ... 
Reading Files ... 
## number of total individuals = 39
## number of analyzed individuals = 39
## number of covariates = 1
## number of phenotypes = 1
## number of total SNPs = 100000
## number of analyzed SNPs = 100000
Start Eigen-Decomposition...
pve estimate =0.999962
se(pve) =-nan
Reading SNPs                                                    0.00%## number of total individuals = 39
## number of analyzed individuals = 39
## number of covariates = 1
## number of phenotypes = 1
## number of total SNPs = 100000
## number of analyzed SNPs = 100000
Start Eigen-Decomposition...
Reading Files ... 
pve estimate =0.996213
se(pve) =-nan
## number of total individuals = 39
## number of analyzed individuals = 39
## number of covariates = 1
## number of phenotypes = 1
## number of total SNPs = 100000
## number of analyzed SNPs = 100000
Start Eigen-Decomposition...
gsl: newton.c:74: ERROR: derivative is zero
Default GSL error handler invoked.
Reading SNPs                                                    0.00%Reading Files ... 
Reading Files ... 
## number of total individuals = 39
## number of analyzed individuals = 39
## number of covariates = 1
## number of phenotypes = 1
## number of total SNPs = 100000
## number of analyzed SNPs = 100000
Start Eigen-Decomposition...
gsl: newton.c:74: ERROR: derivative is zero
Default GSL error handler invoked.
## number of total individuals = 39
## number of analyzed individuals = 39
## number of covariates = 1
## number of phenotypes = 1
## number of total SNPs = 100000
## number of analyzed SNPs = 100000
Start Eigen-Decomposition...
gsl: newton.c:74: ERROR: derivative is zero
Default GSL error handler invoked.
Reading Files ... 
Reading Files ... 
## number of total individuals = 39
## number of analyzed individuals = 39
## number of covariates = 1
## number of phenotypes = 1
## number of total SNPs = 100000
## number of analyzed SNPs = 100000
Start Eigen-Decomposition...
gsl: newton.c:74: ERROR: derivative is zero
Default GSL error handler invoked.
Reading Files ... 
Reading Files ... 
## number of total individuals = 39
## number of analyzed individuals = 39
## number of covariates = 1
## number of phenotypes = 1
## number of total SNPs = 100000
## number of analyzed SNPs = 100000
Start Eigen-Decomposition...
pve estimate =0.999961
se(pve) =485.691
Reading SNPs                                                    0.00%## number of total individuals = 39
## number of analyzed individuals = 39
## number of covariates = 1
## number of phenotypes = 1
## number of total SNPs = 100000
## number of analyzed SNPs = 100000
Start Eigen-Decomposition...
gsl: newton.c:74: ERROR: derivative is zero
Default GSL error handler invoked.
## number of total individuals = 39
## number of analyzed individuals = 39
## number of covariates = 1
## number of phenotypes = 1
## number of total SNPs = 100000
## number of analyzed SNPs = 100000
Start Eigen-Decomposition...
gsl: newton.c:74: ERROR: derivative is zero
Default GSL error handler invoked.
## number of total individuals = 39
## number of analyzed individuals = 39
## number of covariates = 1
## number of phenotypes = 1
## number of total SNPs = 100000
## number of analyzed SNPs = 100000
Start Eigen-Decomposition...
## number of total individuals = 39
## number of analyzed individuals = 39
## number of covariates = 1
## number of phenotypes = 1
## number of total SNPs = 100000
## number of analyzed SNPs = 100000
Start Eigen-Decomposition...
gsl: newton.c:74: ERROR: derivative is zero
Default GSL error handler invoked.
pve estimate =0.999961
se(pve) =686.871
## number of total individuals = 39
## number of analyzed individuals = 39
## number of covariates = 1
## number of phenotypes = 1
## number of total SNPs = 100000
## number of analyzed SNPs = 100000
Start Eigen-Decomposition...
gsl: newton.c:74: ERROR: derivative is zero
Default GSL error handler invoked.
## number of total individuals = 39
## number of analyzed individuals = 39
## number of covariates = 1
## number of phenotypes = 1
## number of total SNPs = 100000
## number of analyzed SNPs = 100000
Start Eigen-Decomposition...
gsl: newton.c:74: ERROR: derivative is zero
Default GSL error handler invoked.
## number of total individuals = 39
## number of analyzed individuals = 39
## number of covariates = 1
## number of phenotypes = 1
## number of total SNPs = 100000
## number of analyzed SNPs = 100000
Start Eigen-Decomposition...
pve estimate =0.999962
se(pve) =-nan
Reading SNPs                                                    0.00%Reading SNPs                                                    0.00%## number of total individuals = 39
## number of analyzed individuals = 39
## number of covariates = 1
## number of phenotypes = 1
## number of total SNPs = 100000
## number of analyzed SNPs = 100000
Start Eigen-Decomposition...
gsl: newton.c:74: ERROR: derivative is zero
Default GSL error handler invoked.
## number of total individuals = 39
## number of analyzed individuals = 39
## number of covariates = 1
## number of phenotypes = 1
## number of total SNPs = 100000
## number of analyzed SNPs = 100000
Start Eigen-Decomposition...
gsl: newton.c:74: ERROR: derivative is zero
Default GSL error handler invoked.
## number of total individuals = 39
## number of analyzed individuals = 39
## number of covariates = 1
## number of phenotypes = 1
## number of total SNPs = 100000
## number of analyzed SNPs = 100000
Start Eigen-Decomposition...
gsl: newton.c:74: ERROR: derivative is zero
Default GSL error handler invoked.
## number of total individuals = 39
## number of analyzed individuals = 39
## number of covariates = 1
## number of phenotypes = 1
## number of total SNPs = 100000
## number of analyzed SNPs = 100000
Start Eigen-Decomposition...
gsl: newton.c:74: ERROR: derivative is zero
Default GSL error handler invoked.
## number of total individuals = 39
## number of analyzed individuals = 39
## number of covariates = 1
## number of phenotypes = 1
## number of total SNPs = 100000
## number of analyzed SNPs = 100000
Start Eigen-Decomposition...
gsl: newton.c:74: ERROR: derivative is zero
Default GSL error handler invoked.
## number of total individuals = 39
## number of analyzed individuals = 39
## number of covariates = 1
## number of phenotypes = 1
## number of total SNPs = 100000
## number of analyzed SNPs = 100000
Start Eigen-Decomposition...
gsl: newton.c:74: ERROR: derivative is zero
Default GSL error handler invoked.
## number of total individuals = 39
## number of analyzed individuals = 39
## number of covariates = 1
## number of phenotypes = 1
## number of total SNPs = 100000
## number of analyzed SNPs = 100000
Start Eigen-Decomposition...
gsl: newton.c:74: ERROR: derivative is zero
Default GSL error handler invoked.
## number of total individuals = 39
## number of analyzed individuals = 39
## number of covariates = 1
## number of phenotypes = 1
## number of total SNPs = 100000
## number of analyzed SNPs = 100000
Start Eigen-Decomposition...
pve estimate =0.999961
se(pve) =686.871
Reading SNPs                                                    0.00%## number of total individuals = 39
## number of analyzed individuals = 39
## number of covariates = 1
## number of phenotypes = 1
## number of total SNPs = 100000
## number of analyzed SNPs = 100000
Start Eigen-Decomposition...
gsl: newton.c:74: ERROR: derivative is zero
Default GSL error handler invoked.
## number of total individuals = 39
## number of analyzed individuals = 39
## number of covariates = 1
## number of phenotypes = 1
## number of total SNPs = 100000
## number of analyzed SNPs = 100000
Start Eigen-Decomposition...
pve estimate =0.999962
se(pve) =656.684
Reading SNPs                                                    0.00%## number of total individuals = 39
## number of analyzed individuals = 39
## number of covariates = 1
## number of phenotypes = 1
## number of total SNPs = 100000
## number of analyzed SNPs = 100000
Start Eigen-Decomposition...
pve estimate =3.09277e-05
se(pve) =-nan
## number of total individuals = 39
## number of analyzed individuals = 39
## number of covariates = 1
## number of phenotypes = 1
## number of total SNPs = 100000
## number of analyzed SNPs = 100000
Start Eigen-Decomposition...
pve estimate =0.435485
se(pve) =3.34146e+06
Reading SNPs                                                    0.00%Reading SNPs                                                    0.00%## number of total individuals = 39
## number of analyzed individuals = 39
## number of covariates = 1
## number of phenotypes = 1
## number of total SNPs = 100000
## number of analyzed SNPs = 100000
Start Eigen-Decomposition...
pve estimate =0.996412
se(pve) =-nan
Reading SNPs                                                    0.00%## number of total individuals = 39
## number of analyzed individuals = 39
## number of covariates = 1
## number of phenotypes = 1
## number of total SNPs = 100000
## number of analyzed SNPs = 100000
Start Eigen-Decomposition...
gsl: newton.c:74: ERROR: derivative is zero
Default GSL error handler invoked.
## number of total individuals = 39
## number of analyzed individuals = 39
## number of covariates = 1
## number of phenotypes = 1
## number of total SNPs = 100000
## number of analyzed SNPs = 100000
Start Eigen-Decomposition...
pve estimate =0.999962
se(pve) =656.684
## number of total individuals = 39
## number of analyzed individuals = 39
## number of covariates = 1
## number of phenotypes = 1
## number of total SNPs = 100000
## number of analyzed SNPs = 100000
Start Eigen-Decomposition...
pve estimate =0.999962
se(pve) =-nan
Reading SNPs                                                    0.00%Reading SNPs                                                    0.00%Reading SNPs  ==================================================100.00%Reading SNPs  ==================================================100.00%Reading SNPs  ==================================================100.00%Reading SNPs  ==================================================100.00%Reading SNPs  ==================================================100.00%

Reading SNPs  ==================================================100.00%

Reading SNPs  ==================================================100.00%
Reading SNPs  ==================================================100.00%
Reading SNPs  ==================================================100.00%Reading SNPs  ==================================================100.00%



Reading SNPs  ==================================================100.00%Reading SNPs  ==================================================100.00%

affective MAF = 0.05
Traceback (most recent call last):
  File "/bigdata/littlab/arajewski/kmerGWAS/software/kmers_gwas.py", line 283, in <module>
    main()
  File "/bigdata/littlab/arajewski/kmerGWAS/software/kmers_gwas.py", line 252, in main
    th_5per = get_threshold_from_perm(res, "P", args.n_permutations, 0.05)
  File "/bigdata/littlab/arajewski/kmerGWAS/software/src/py/functions.py", line 110, in get_threshold_from_perm
    pvals.append(best_pvals[prefix + str(i)])
KeyError: 'P1'
