
# Run this as an array job with the index corresponding to the individual
PEOPLE=( HG00304 HG00309 HG00324 HG00326 HG00331 HG00353 NA18972 NA18978 NA19001 NA19081 NA19087 NA19090 )
cd People/${PEOPLE[$SLURM_ARRAY_TASK_ID]}
module load KMC/3.1.1
/usr/bin/modulecmd bash $*
LOADEDMODULES=slurm/19.05.0:openmpi/4.0.1-slurm-19.05.0:ggobi/2.1.11:texlive/2017:pandoc/2.0:netcdf/4.4.1.1:java/8:geos/3.7.1:gdal/2.1.3:hdf5/1.10.1:R/3.6.0:miniconda2/4.4.10:perl/5.20.2:less-highlight/1.0:iigb_utilities/1:vim/8.1:sratoolkit/2.10.0:extra/1:GCCcore/4.9.3:binutils/2.25-GCCcore-4.9.3:GCCcore/7.4.0:zlib/1.2.11-GCCcore-7.4.0:binutils/2.31.1-GCCcore-7.4.0:GCC/7.4.0-2.31.1:KMC/3.1.1 ;export LOADEDMODULES;PATH=/opt/linux/centos/7.x/x86_64/pkgs/KMC/3.1.1/bin:/rhome/arajewski/bin:/opt/linux/centos/7.x/x86_64/pkgs/vim/8.1/bin:/opt/linux/centos/7.x/x86_64/pkgs/iigb_utilities/1/bin:/opt/linux/centos/7.x/x86_64/pkgs/perl/5.20.2/bin:/opt/linux/centos/7.x/x86_64/pkgs/miniconda2/4.4.10/bin:/opt/linux/centos/7.x/x86_64/pkgs/hdf5/1.10.1/bin:/opt/linux/centos/7.x/x86_64/pkgs/gdal/2.1.3/bin:/opt/linux/centos/7.x/x86_64/pkgs/geos/3.7.1/bin:/opt/linux/centos/7.x/x86_64/pkgs/java/jdk1.8.0_45/bin:/opt/linux/centos/7.x/x86_64/pkgs/netcdf/4.4.1.1/bin:/opt/linux/centos/7.x/x86_64/pkgs/pandoc/2.0/bin:/opt/linux/centos/7.x/x86_64/pkgs/texlive/2017/bin/x86_64-linux:/opt/linux/centos/7.x/x86_64/pkgs/ggobi/2.1.11/bin:/opt/linux/centos/7.x/x86_64/pkgs/R/3.6.0/bin:/opt/linux/centos/7.x/x86_64/pkgs/openmpi/4.0.1-slurm-19.05.0/bin:/opt/linux/centos/7.x/x86_64/pkgs/slurm/19.05.0/bin:/opt/linux/centos/7.x/x86_64/pkgs/slurm/19.05.0/sbin:/usr/bin:/bin:/usr/local/games:/usr/games:/usr/local/bin:/usr/lpp/mmfs/bin:/opt/ibutils/bin ;export PATH;_LMFILES_=/opt/linux/centos/7.x/x86_64/modules/slurm/19.05.0:/opt/linux/centos/7.x/x86_64/modules/openmpi/4.0.1-slurm-19.05.0:/opt/linux/centos/7.x/x86_64/modules/ggobi/2.1.11:/opt/linux/centos/7.x/x86_64/modules/texlive/2017:/opt/linux/centos/7.x/x86_64/modules/pandoc/2.0:/opt/linux/centos/7.x/x86_64/modules/netcdf/4.4.1.1:/opt/linux/centos/7.x/x86_64/modules/java/8:/opt/linux/centos/7.x/x86_64/modules/geos/3.7.1:/opt/linux/centos/7.x/x86_64/modules/gdal/2.1.3:/opt/linux/centos/7.x/x86_64/modules/hdf5/1.10.1:/opt/linux/centos/7.x/x86_64/modules/R/3.6.0:/opt/linux/centos/7.x/x86_64/modules/miniconda2/4.4.10:/opt/linux/centos/7.x/x86_64/modules/perl/5.20.2:/opt/linux/centos/7.x/x86_64/modules/less-highlight/1.0:/opt/linux/centos/7.x/x86_64/modules/iigb_utilities/1:/opt/linux/centos/7.x/x86_64/modules/vim/8.1:/opt/linux/centos/7.x/x86_64/modules/sratoolkit/2.10.0:/opt/linux/centos/7.x/x86_64/modules/extra/1:/opt/linux/centos/7.x/x86_64/pkgs/../easybuild/modules/all/GCCcore/4.9.3:/opt/linux/centos/7.x/x86_64/pkgs/../easybuild/modules/all/binutils/2.25-GCCcore-4.9.3:/opt/linux/centos/7.x/x86_64/pkgs/../easybuild/modules/all/GCCcore/7.4.0:/opt/linux/centos/7.x/x86_64/pkgs/../easybuild/modules/all/zlib/1.2.11-GCCcore-7.4.0:/opt/linux/centos/7.x/x86_64/pkgs/../easybuild/modules/all/binutils/2.31.1-GCCcore-7.4.0:/opt/linux/centos/7.x/x86_64/pkgs/../easybuild/modules/all/GCC/7.4.0-2.31.1:/opt/linux/centos/7.x/x86_64/modules/KMC/3.1.1 ;export _LMFILES_;
mkdir -p tmp
# Count canonical kmers occuring more than thrice
if [ ! -e output_kmc_canon.kmc_suf ]; then
echo Count cannonical kmers for ${PEOPLE[$SLURM_ARRAY_TASK_ID]}
kmc \
    -k31 \
    -t$SLURM_CPUS_PER_TASK \
    -m$((SLURM_MEM_PER_NODE/1024)) \
    -ci3 \
    @input_files.txt \
    output_kmc_canon \
    ./ \
    1> kmc_canon.1 \
    2> kmc_canon.2
echo Done.
fi

# Count all kmers
if [ ! -e output_kmc_all.kmc_suf ]; then
echo Counting non-cannonical kmers for ${PEOPLE[$SLURM_ARRAY_TASK_ID]}
kmc \
    -t$SLURM_CPUS_PER_TASK \
    -k31 \
    -ci0 \
    -b \
    @input_files.txt \
    output_kmc_all \
    ./ \
    1> kmc_all.1 \
    2> kmc_all.2
echo Done.
fi
Counting non-cannonical kmers for HG00304
Done.
