Prefetching SRR1604440...

2020-05-19T11:25:33 prefetch.2.10.0: 1) Downloading 'SRR1604440'...
2020-05-19T11:25:33 prefetch.2.10.0:  Downloading via https...
2020-05-19T12:09:59 prefetch.2.10.0:  https download succeed
2020-05-19T12:09:59 prefetch.2.10.0: 1,2) Downloading 'SRR1604440.vdbcache'...
2020-05-19T12:09:59 prefetch.2.10.0:  Downloading via https...
2020-05-19T12:10:37 prefetch.2.10.0:  https download succeed
2020-05-19T12:10:37 prefetch.2.10.0: 1.2) 'SRR1604440.vdbcache' was downloaded successfully
2020-05-19T12:10:37 prefetch.2.10.0: 1) 'SRR1604440' was downloaded successfully
2020-05-19T12:11:03 prefetch.2.10.0: 'SRR1604440' has 86 unresolved dependencies
2020-05-19T12:11:03 prefetch.2.10.0: 2) Downloading 'ncbi-acc:CM000663.1?vdb-ctx=refseq'...
2020-05-19T12:11:03 prefetch.2.10.0:  Downloading via https...
2020-05-19T12:11:19 prefetch.2.10.0:  https download succeed
2020-05-19T12:11:19 prefetch.2.10.0: 2) 'ncbi-acc:CM000663.1?vdb-ctx=refseq' was downloaded successfully
2020-05-19T12:11:19 prefetch.2.10.0: 3) Downloading 'ncbi-acc:CM000664.1?vdb-ctx=refseq'...
2020-05-19T12:11:19 prefetch.2.10.0:  Downloading via https...
2020-05-19T12:11:40 prefetch.2.10.0:  https download succeed
2020-05-19T12:11:40 prefetch.2.10.0: 3) 'ncbi-acc:CM000664.1?vdb-ctx=refseq' was downloaded successfully
2020-05-19T12:11:40 prefetch.2.10.0: 4) Downloading 'ncbi-acc:CM000665.1?vdb-ctx=refseq'...
2020-05-19T12:11:40 prefetch.2.10.0:  Downloading via https...
2020-05-19T12:11:52 prefetch.2.10.0:  https download succeed
2020-05-19T12:11:52 prefetch.2.10.0: 4) 'ncbi-acc:CM000665.1?vdb-ctx=refseq' was downloaded successfully
2020-05-19T12:11:52 prefetch.2.10.0: 5) Downloading 'ncbi-acc:CM000666.1?vdb-ctx=refseq'...
2020-05-19T12:11:52 prefetch.2.10.0:  Downloading via https...
2020-05-19T12:12:16 prefetch.2.10.0:  https download succeed
2020-05-19T12:12:16 prefetch.2.10.0: 5) 'ncbi-acc:CM000666.1?vdb-ctx=refseq' was downloaded successfully
2020-05-19T12:12:16 prefetch.2.10.0: 6) Downloading 'ncbi-acc:CM000667.1?vdb-ctx=refseq'...
2020-05-19T12:12:16 prefetch.2.10.0:  Downloading via https...
2020-05-19T12:19:46 prefetch.2.10.0:  https download succeed
2020-05-19T12:19:46 prefetch.2.10.0: 6) 'ncbi-acc:CM000667.1?vdb-ctx=refseq' was downloaded successfully
2020-05-19T12:19:46 prefetch.2.10.0: 7) Downloading 'ncbi-acc:CM000668.1?vdb-ctx=refseq'...
2020-05-19T12:19:46 prefetch.2.10.0:  Downloading via https...
2020-05-19T12:20:03 prefetch.2.10.0:  https download succeed
2020-05-19T12:20:03 prefetch.2.10.0: 7) 'ncbi-acc:CM000668.1?vdb-ctx=refseq' was downloaded successfully
2020-05-19T12:20:03 prefetch.2.10.0: 8) Downloading 'ncbi-acc:CM000669.1?vdb-ctx=refseq'...
2020-05-19T12:20:03 prefetch.2.10.0:  Downloading via https...
2020-05-19T12:20:18 prefetch.2.10.0:  https download succeed
2020-05-19T12:20:18 prefetch.2.10.0: 8) 'ncbi-acc:CM000669.1?vdb-ctx=refseq' was downloaded successfully
2020-05-19T12:20:18 prefetch.2.10.0: 9) Downloading 'ncbi-acc:CM000670.1?vdb-ctx=refseq'...
2020-05-19T12:20:18 prefetch.2.10.0:  Downloading via https...
2020-05-19T12:20:30 prefetch.2.10.0:  https download succeed
2020-05-19T12:20:30 prefetch.2.10.0: 9) 'ncbi-acc:CM000670.1?vdb-ctx=refseq' was downloaded successfully
2020-05-19T12:20:30 prefetch.2.10.0: 10) Downloading 'ncbi-acc:CM000671.1?vdb-ctx=refseq'...
2020-05-19T12:20:30 prefetch.2.10.0:  Downloading via https...
2020-05-19T12:20:38 prefetch.2.10.0:  https download succeed
2020-05-19T12:20:38 prefetch.2.10.0: 10) 'ncbi-acc:CM000671.1?vdb-ctx=refseq' was downloaded successfully
2020-05-19T12:20:38 prefetch.2.10.0: 11) Downloading 'ncbi-acc:CM000672.1?vdb-ctx=refseq'...
2020-05-19T12:20:38 prefetch.2.10.0:  Downloading via https...
2020-05-19T12:20:53 prefetch.2.10.0:  https download succeed
2020-05-19T12:20:53 prefetch.2.10.0: 11) 'ncbi-acc:CM000672.1?vdb-ctx=refseq' was downloaded successfully
2020-05-19T12:20:53 prefetch.2.10.0: 12) Downloading 'ncbi-acc:CM000673.1?vdb-ctx=refseq'...
2020-05-19T12:20:53 prefetch.2.10.0:  Downloading via https...
2020-05-19T12:21:04 prefetch.2.10.0:  https download succeed
2020-05-19T12:21:04 prefetch.2.10.0: 12) 'ncbi-acc:CM000673.1?vdb-ctx=refseq' was downloaded successfully
2020-05-19T12:21:04 prefetch.2.10.0: 13) Downloading 'ncbi-acc:CM000674.1?vdb-ctx=refseq'...
2020-05-19T12:21:04 prefetch.2.10.0:  Downloading via https...
2020-05-19T12:21:17 prefetch.2.10.0:  https download succeed
2020-05-19T12:21:17 prefetch.2.10.0: 13) 'ncbi-acc:CM000674.1?vdb-ctx=refseq' was downloaded successfully
2020-05-19T12:21:17 prefetch.2.10.0: 14) Downloading 'ncbi-acc:CM000675.1?vdb-ctx=refseq'...
2020-05-19T12:21:17 prefetch.2.10.0:  Downloading via https...
2020-05-19T12:21:27 prefetch.2.10.0:  https download succeed
2020-05-19T12:21:27 prefetch.2.10.0: 14) 'ncbi-acc:CM000675.1?vdb-ctx=refseq' was downloaded successfully
2020-05-19T12:21:27 prefetch.2.10.0: 15) Downloading 'ncbi-acc:CM000676.1?vdb-ctx=refseq'...
2020-05-19T12:21:27 prefetch.2.10.0:  Downloading via https...
2020-05-19T12:27:36 prefetch.2.10.0 int: connection failed while opening file within cryptographic module - Cannot KNSManagerMakeClientRequest: https://sra-download.ncbi.nlm.nih.gov/traces/refseq/CM000676.1
2020-05-19T12:27:36 prefetch.2.10.0:  https download failed
2020-05-19T12:27:36 prefetch.2.10.0: 15) failed to download ncbi-acc:CM000676.1?vdb-ctx=refseq
Done.
Dumping fastq file for SRR1604440
2020-05-19T19:00:48 fastq-dump.2.10.0 err: connection failed while opening file within cryptographic module - error with https open 'https://sra-download.ncbi.nlm.nih.gov/traces/refseq/CM000682.1'
2020-05-19T21:23:11 fastq-dump.2.10.0 err: connection failed while opening file within cryptographic module - error with https open 'https://sra-download.ncbi.nlm.nih.gov/traces/refseq/CM000685.1'
2020-05-19T21:29:27 fastq-dump.2.10.0 err: connection failed while opening file within cryptographic module - error with https open 'https://sra-download.ncbi.nlm.nih.gov/traces/refseq/CM000680.1'
2020-05-19T22:08:33 fastq-dump.2.10.0 err: connection failed while opening file within cryptographic module - error with https open 'https://sra-download.ncbi.nlm.nih.gov/traces/refseq/CM000685.1'
2020-05-19T22:57:18 fastq-dump.2.10.0 err: connection failed while opening file within cryptographic module - error with https open 'https://sra-download.ncbi.nlm.nih.gov/traces/refseq/CM000676.1'
2020-05-19T23:06:42 fastq-dump.2.10.0 err: connection failed while opening file within cryptographic module - error with https open 'https://sra-download.ncbi.nlm.nih.gov/traces/refseq/CM000682.1'
2020-05-19T23:14:34 fastq-dump.2.10.0 err: connection failed while opening file within cryptographic module - error with https open 'https://sra-download.ncbi.nlm.nih.gov/traces/refseq/CM000678.1'
slurmstepd-i28: error: *** JOB 1142091 ON i28 CANCELLED AT 2020-05-19T16:25:55 DUE TO TIME LIMIT ***
