Prefetching SRR1602449...

2020-05-19T10:00:18 prefetch.2.10.0: 1) Downloading 'SRR1602449'...
2020-05-19T10:00:18 prefetch.2.10.0:  Downloading via https...
2020-05-19T11:48:20 prefetch.2.10.0:  https download succeed
2020-05-19T11:48:20 prefetch.2.10.0: 1,2) Downloading 'SRR1602449.vdbcache'...
2020-05-19T11:48:20 prefetch.2.10.0:  Downloading via https...
2020-05-19T11:49:31 prefetch.2.10.0:  https download succeed
2020-05-19T11:49:31 prefetch.2.10.0: 1.2) 'SRR1602449.vdbcache' was downloaded successfully
2020-05-19T11:49:31 prefetch.2.10.0: 1) 'SRR1602449' was downloaded successfully
2020-05-19T11:49:57 prefetch.2.10.0: 'SRR1602449' has 86 unresolved dependencies
2020-05-19T11:49:57 prefetch.2.10.0: 2) Downloading 'ncbi-acc:CM000663.1?vdb-ctx=refseq'...
2020-05-19T11:49:57 prefetch.2.10.0:  Downloading via https...
2020-05-19T11:50:21 prefetch.2.10.0:  https download succeed
2020-05-19T11:50:21 prefetch.2.10.0: 2) 'ncbi-acc:CM000663.1?vdb-ctx=refseq' was downloaded successfully
2020-05-19T11:50:21 prefetch.2.10.0: 3) Downloading 'ncbi-acc:CM000664.1?vdb-ctx=refseq'...
2020-05-19T11:50:21 prefetch.2.10.0:  Downloading via https...
2020-05-19T11:50:42 prefetch.2.10.0:  https download succeed
2020-05-19T11:50:42 prefetch.2.10.0: 3) 'ncbi-acc:CM000664.1?vdb-ctx=refseq' was downloaded successfully
2020-05-19T11:50:42 prefetch.2.10.0: 4) Downloading 'ncbi-acc:CM000665.1?vdb-ctx=refseq'...
2020-05-19T11:50:42 prefetch.2.10.0:  Downloading via https...
2020-05-19T11:51:08 prefetch.2.10.0:  https download succeed
2020-05-19T11:51:08 prefetch.2.10.0: 4) 'ncbi-acc:CM000665.1?vdb-ctx=refseq' was downloaded successfully
2020-05-19T11:51:08 prefetch.2.10.0: 5) Downloading 'ncbi-acc:CM000666.1?vdb-ctx=refseq'...
2020-05-19T11:51:08 prefetch.2.10.0:  Downloading via https...
2020-05-19T11:54:50 prefetch.2.10.0:  https download succeed
2020-05-19T11:54:50 prefetch.2.10.0: 5) 'ncbi-acc:CM000666.1?vdb-ctx=refseq' was downloaded successfully
2020-05-19T11:54:50 prefetch.2.10.0: 6) Downloading 'ncbi-acc:CM000667.1?vdb-ctx=refseq'...
2020-05-19T11:54:50 prefetch.2.10.0:  Downloading via https...
2020-05-19T11:55:09 prefetch.2.10.0:  https download succeed
2020-05-19T11:55:09 prefetch.2.10.0: 6) 'ncbi-acc:CM000667.1?vdb-ctx=refseq' was downloaded successfully
2020-05-19T11:55:09 prefetch.2.10.0: 7) Downloading 'ncbi-acc:CM000668.1?vdb-ctx=refseq'...
2020-05-19T11:55:09 prefetch.2.10.0:  Downloading via https...
2020-05-19T11:55:28 prefetch.2.10.0:  https download succeed
2020-05-19T11:55:28 prefetch.2.10.0: 7) 'ncbi-acc:CM000668.1?vdb-ctx=refseq' was downloaded successfully
2020-05-19T11:55:28 prefetch.2.10.0: 8) Downloading 'ncbi-acc:CM000669.1?vdb-ctx=refseq'...
2020-05-19T11:55:28 prefetch.2.10.0:  Downloading via https...
2020-05-19T11:55:44 prefetch.2.10.0:  https download succeed
2020-05-19T11:55:44 prefetch.2.10.0: 8) 'ncbi-acc:CM000669.1?vdb-ctx=refseq' was downloaded successfully
2020-05-19T11:55:44 prefetch.2.10.0: 9) Downloading 'ncbi-acc:CM000670.1?vdb-ctx=refseq'...
2020-05-19T11:55:44 prefetch.2.10.0:  Downloading via https...
2020-05-19T11:55:56 prefetch.2.10.0:  https download succeed
2020-05-19T11:55:56 prefetch.2.10.0: 9) 'ncbi-acc:CM000670.1?vdb-ctx=refseq' was downloaded successfully
2020-05-19T11:55:56 prefetch.2.10.0: 10) Downloading 'ncbi-acc:CM000671.1?vdb-ctx=refseq'...
2020-05-19T11:55:56 prefetch.2.10.0:  Downloading via https...
2020-05-19T11:56:11 prefetch.2.10.0:  https download succeed
2020-05-19T11:56:11 prefetch.2.10.0: 10) 'ncbi-acc:CM000671.1?vdb-ctx=refseq' was downloaded successfully
2020-05-19T11:56:11 prefetch.2.10.0: 11) Downloading 'ncbi-acc:CM000672.1?vdb-ctx=refseq'...
2020-05-19T11:56:11 prefetch.2.10.0:  Downloading via https...
2020-05-19T11:56:26 prefetch.2.10.0:  https download succeed
2020-05-19T11:56:26 prefetch.2.10.0: 11) 'ncbi-acc:CM000672.1?vdb-ctx=refseq' was downloaded successfully
2020-05-19T11:56:26 prefetch.2.10.0: 12) Downloading 'ncbi-acc:CM000673.1?vdb-ctx=refseq'...
2020-05-19T11:56:26 prefetch.2.10.0:  Downloading via https...
2020-05-19T11:56:39 prefetch.2.10.0:  https download succeed
2020-05-19T11:56:39 prefetch.2.10.0: 12) 'ncbi-acc:CM000673.1?vdb-ctx=refseq' was downloaded successfully
2020-05-19T11:56:39 prefetch.2.10.0: 13) Downloading 'ncbi-acc:CM000674.1?vdb-ctx=refseq'...
2020-05-19T11:56:39 prefetch.2.10.0:  Downloading via https...
2020-05-19T11:56:45 prefetch.2.10.0:  https download succeed
2020-05-19T11:56:45 prefetch.2.10.0: 13) 'ncbi-acc:CM000674.1?vdb-ctx=refseq' was downloaded successfully
2020-05-19T11:56:45 prefetch.2.10.0: 14) Downloading 'ncbi-acc:CM000675.1?vdb-ctx=refseq'...
2020-05-19T11:56:45 prefetch.2.10.0:  Downloading via https...
2020-05-19T11:57:54 prefetch.2.10.0 int: transfer incomplete while reading file within network system module - Cannot KStreamRead: https://sra-download.ncbi.nlm.nih.gov/traces/refseq/CM000675.1
2020-05-19T11:57:54 prefetch.2.10.0:  https download failed
2020-05-19T11:57:54 prefetch.2.10.0: 14) failed to download ncbi-acc:CM000675.1?vdb-ctx=refseq
Done.
Dumping fastq file for SRR1602449
2020-05-19T19:31:02 fastq-dump.2.10.0 err: connection failed while opening file within cryptographic module - error with https open 'https://sra-download.ncbi.nlm.nih.gov/traces/refseq/CM000675.1'
2020-05-19T20:41:33 fastq-dump.2.10.0 err: connection failed while opening file within cryptographic module - error with https open 'https://sra-download.ncbi.nlm.nih.gov/traces/refseq/CM000680.1'
2020-05-19T21:33:31 fastq-dump.2.10.0 err: connection failed while opening file within cryptographic module - error with https open 'https://sra-download.ncbi.nlm.nih.gov/traces/refseq/CM000684.1'
slurmstepd-i17: error: *** JOB 1142040 ON i17 CANCELLED AT 2020-05-19T15:00:17 DUE TO TIME LIMIT ***
