Prefetching SRR1599283...

2020-05-19T03:10:24 prefetch.2.10.0: 1) Downloading 'SRR1599283'...
2020-05-19T03:10:24 prefetch.2.10.0:  Downloading via https...
2020-05-19T03:19:35 prefetch.2.10.0:  https download succeed
2020-05-19T03:19:35 prefetch.2.10.0: 1,2) Downloading 'SRR1599283.vdbcache'...
2020-05-19T03:19:35 prefetch.2.10.0:  Downloading via https...
2020-05-19T03:19:38 prefetch.2.10.0:  https download succeed
2020-05-19T03:19:38 prefetch.2.10.0: 1.2) 'SRR1599283.vdbcache' was downloaded successfully
2020-05-19T03:19:38 prefetch.2.10.0: 1) 'SRR1599283' was downloaded successfully
2020-05-19T03:20:04 prefetch.2.10.0: 'SRR1599283' has 86 unresolved dependencies
2020-05-19T03:20:04 prefetch.2.10.0: 2) Downloading 'ncbi-acc:CM000663.1?vdb-ctx=refseq'...
2020-05-19T03:20:04 prefetch.2.10.0:  Downloading via https...
2020-05-19T03:20:16 prefetch.2.10.0:  https download succeed
2020-05-19T03:20:16 prefetch.2.10.0: 2) 'ncbi-acc:CM000663.1?vdb-ctx=refseq' was downloaded successfully
2020-05-19T03:20:16 prefetch.2.10.0: 3) Downloading 'ncbi-acc:CM000664.1?vdb-ctx=refseq'...
2020-05-19T03:20:16 prefetch.2.10.0:  Downloading via https...
2020-05-19T03:20:33 prefetch.2.10.0:  https download succeed
2020-05-19T03:20:33 prefetch.2.10.0: 3) 'ncbi-acc:CM000664.1?vdb-ctx=refseq' was downloaded successfully
2020-05-19T03:20:33 prefetch.2.10.0: 4) Downloading 'ncbi-acc:CM000665.1?vdb-ctx=refseq'...
2020-05-19T03:20:33 prefetch.2.10.0:  Downloading via https...
2020-05-19T03:20:41 prefetch.2.10.0:  https download succeed
2020-05-19T03:20:41 prefetch.2.10.0: 4) 'ncbi-acc:CM000665.1?vdb-ctx=refseq' was downloaded successfully
2020-05-19T03:20:41 prefetch.2.10.0: 5) Downloading 'ncbi-acc:CM000666.1?vdb-ctx=refseq'...
2020-05-19T03:20:41 prefetch.2.10.0:  Downloading via https...
2020-05-19T03:20:54 prefetch.2.10.0:  https download succeed
2020-05-19T03:20:54 prefetch.2.10.0: 5) 'ncbi-acc:CM000666.1?vdb-ctx=refseq' was downloaded successfully
2020-05-19T03:20:54 prefetch.2.10.0: 6) Downloading 'ncbi-acc:CM000667.1?vdb-ctx=refseq'...
2020-05-19T03:20:54 prefetch.2.10.0:  Downloading via https...
2020-05-19T03:21:04 prefetch.2.10.0:  https download succeed
2020-05-19T03:21:04 prefetch.2.10.0: 6) 'ncbi-acc:CM000667.1?vdb-ctx=refseq' was downloaded successfully
2020-05-19T03:21:04 prefetch.2.10.0: 7) Downloading 'ncbi-acc:CM000668.1?vdb-ctx=refseq'...
2020-05-19T03:21:04 prefetch.2.10.0:  Downloading via https...
2020-05-19T03:21:14 prefetch.2.10.0:  https download succeed
2020-05-19T03:21:14 prefetch.2.10.0: 7) 'ncbi-acc:CM000668.1?vdb-ctx=refseq' was downloaded successfully
2020-05-19T03:21:14 prefetch.2.10.0: 8) Downloading 'ncbi-acc:CM000669.1?vdb-ctx=refseq'...
2020-05-19T03:21:14 prefetch.2.10.0:  Downloading via https...
2020-05-19T03:23:04 prefetch.2.10.0 int: transfer incomplete while reading file within network system module - Cannot KStreamRead: https://sra-download.ncbi.nlm.nih.gov/traces/refseq/CM000669.1
2020-05-19T03:23:04 prefetch.2.10.0:  https download failed
2020-05-19T03:23:04 prefetch.2.10.0: 8) failed to download ncbi-acc:CM000669.1?vdb-ctx=refseq
Done.
Dumping fastq file for SRR1599283
2020-05-19T04:42:14 fastq-dump.2.10.0 err: data corrupt while selecting function within transform module - failed SRR1599283

=============================================================
An error occurred during processing.
A report was generated into the file '/rhome/arajewski/ncbi_error_report.txt'.
If the problem persists, you may consider sending the file
to 'sra-tools@ncbi.nlm.nih.gov' for assistance.
=============================================================

Done.
