Prefetching SRR1600371...

2020-05-21T02:13:41 prefetch.2.10.0: 1) Downloading 'SRR1600371'...
2020-05-21T02:13:41 prefetch.2.10.0:  Downloading via https...
2020-05-21T04:43:00 prefetch.2.10.0:  https download succeed
2020-05-21T04:43:00 prefetch.2.10.0: 1,2) Downloading 'SRR1600371.vdbcache'...
2020-05-21T04:43:00 prefetch.2.10.0:  Downloading via https...
2020-05-21T04:44:53 prefetch.2.10.0:  https download succeed
2020-05-21T04:44:53 prefetch.2.10.0: 1.2) 'SRR1600371.vdbcache' was downloaded successfully
2020-05-21T04:44:53 prefetch.2.10.0: 1) 'SRR1600371' was downloaded successfully
2020-05-21T04:45:19 prefetch.2.10.0: 'SRR1600371' has 86 unresolved dependencies
2020-05-21T04:45:19 prefetch.2.10.0: 2) Downloading 'ncbi-acc:CM000663.1?vdb-ctx=refseq'...
2020-05-21T04:45:19 prefetch.2.10.0:  Downloading via https...
2020-05-21T04:46:02 prefetch.2.10.0:  https download succeed
2020-05-21T04:46:02 prefetch.2.10.0: 2) 'ncbi-acc:CM000663.1?vdb-ctx=refseq' was downloaded successfully
2020-05-21T04:46:03 prefetch.2.10.0: 3) Downloading 'ncbi-acc:CM000664.1?vdb-ctx=refseq'...
2020-05-21T04:46:03 prefetch.2.10.0:  Downloading via https...
2020-05-21T04:46:44 prefetch.2.10.0:  https download succeed
2020-05-21T04:46:44 prefetch.2.10.0: 3) 'ncbi-acc:CM000664.1?vdb-ctx=refseq' was downloaded successfully
2020-05-21T04:46:44 prefetch.2.10.0: 4) Downloading 'ncbi-acc:CM000665.1?vdb-ctx=refseq'...
2020-05-21T04:46:44 prefetch.2.10.0:  Downloading via https...
2020-05-21T04:47:17 prefetch.2.10.0:  https download succeed
2020-05-21T04:47:17 prefetch.2.10.0: 4) 'ncbi-acc:CM000665.1?vdb-ctx=refseq' was downloaded successfully
2020-05-21T04:47:17 prefetch.2.10.0: 5) Downloading 'ncbi-acc:CM000666.1?vdb-ctx=refseq'...
2020-05-21T04:47:17 prefetch.2.10.0:  Downloading via https...
2020-05-21T04:47:49 prefetch.2.10.0:  https download succeed
2020-05-21T04:47:49 prefetch.2.10.0: 5) 'ncbi-acc:CM000666.1?vdb-ctx=refseq' was downloaded successfully
2020-05-21T04:47:49 prefetch.2.10.0: 6) Downloading 'ncbi-acc:CM000667.1?vdb-ctx=refseq'...
2020-05-21T04:47:49 prefetch.2.10.0:  Downloading via https...
2020-05-21T04:48:18 prefetch.2.10.0:  https download succeed
2020-05-21T04:48:18 prefetch.2.10.0: 6) 'ncbi-acc:CM000667.1?vdb-ctx=refseq' was downloaded successfully
2020-05-21T04:48:19 prefetch.2.10.0: 7) Downloading 'ncbi-acc:CM000668.1?vdb-ctx=refseq'...
2020-05-21T04:48:19 prefetch.2.10.0:  Downloading via https...
2020-05-21T04:48:52 prefetch.2.10.0:  https download succeed
2020-05-21T04:48:52 prefetch.2.10.0: 7) 'ncbi-acc:CM000668.1?vdb-ctx=refseq' was downloaded successfully
2020-05-21T04:48:52 prefetch.2.10.0: 8) Downloading 'ncbi-acc:CM000669.1?vdb-ctx=refseq'...
2020-05-21T04:48:52 prefetch.2.10.0:  Downloading via https...
2020-05-21T04:49:22 prefetch.2.10.0:  https download succeed
2020-05-21T04:49:22 prefetch.2.10.0: 8) 'ncbi-acc:CM000669.1?vdb-ctx=refseq' was downloaded successfully
2020-05-21T04:49:22 prefetch.2.10.0: 9) Downloading 'ncbi-acc:CM000670.1?vdb-ctx=refseq'...
2020-05-21T04:49:22 prefetch.2.10.0:  Downloading via https...
2020-05-21T04:49:47 prefetch.2.10.0:  https download succeed
2020-05-21T04:49:47 prefetch.2.10.0: 9) 'ncbi-acc:CM000670.1?vdb-ctx=refseq' was downloaded successfully
2020-05-21T04:49:47 prefetch.2.10.0: 10) Downloading 'ncbi-acc:CM000671.1?vdb-ctx=refseq'...
2020-05-21T04:49:47 prefetch.2.10.0:  Downloading via https...
2020-05-21T04:53:10 prefetch.2.10.0 int: transfer incomplete while reading file within network system module - Cannot KStreamRead: https://sra-download.ncbi.nlm.nih.gov/traces/refseq/CM000671.1
2020-05-21T04:53:10 prefetch.2.10.0:  https download failed
2020-05-21T04:53:10 prefetch.2.10.0: 10) failed to download ncbi-acc:CM000671.1?vdb-ctx=refseq
Done.
Dumping fastq file for SRR1600371
2020-05-21T14:11:43 fastq-dump.2.10.0 err: connection failed while opening file within cryptographic module - error with https open 'https://sra-download.ncbi.nlm.nih.gov/traces/refseq/CM000674.1'
slurmstepd-i26: error: *** JOB 1149227 ON i26 CANCELLED AT 2020-05-21T15:13:49 DUE TO TIME LIMIT ***
