Prefetching SRR1602477...

2020-05-19T10:00:18 prefetch.2.10.0: 1) Downloading 'SRR1602477'...
2020-05-19T10:00:18 prefetch.2.10.0:  Downloading via https...
2020-05-19T10:38:46 prefetch.2.10.0:  https download succeed
2020-05-19T10:38:46 prefetch.2.10.0: 1,2) Downloading 'SRR1602477.vdbcache'...
2020-05-19T10:38:46 prefetch.2.10.0:  Downloading via https...
2020-05-19T10:38:57 prefetch.2.10.0:  https download succeed
2020-05-19T10:38:57 prefetch.2.10.0: 1.2) 'SRR1602477.vdbcache' was downloaded successfully
2020-05-19T10:38:57 prefetch.2.10.0: 1) 'SRR1602477' was downloaded successfully
2020-05-19T10:39:23 prefetch.2.10.0: 'SRR1602477' has 86 unresolved dependencies
2020-05-19T10:39:23 prefetch.2.10.0: 2) Downloading 'ncbi-acc:CM000663.1?vdb-ctx=refseq'...
2020-05-19T10:39:23 prefetch.2.10.0:  Downloading via https...
2020-05-19T10:39:45 prefetch.2.10.0:  https download succeed
2020-05-19T10:39:45 prefetch.2.10.0: 2) 'ncbi-acc:CM000663.1?vdb-ctx=refseq' was downloaded successfully
2020-05-19T10:39:45 prefetch.2.10.0: 3) Downloading 'ncbi-acc:CM000664.1?vdb-ctx=refseq'...
2020-05-19T10:39:45 prefetch.2.10.0:  Downloading via https...
2020-05-19T10:40:18 prefetch.2.10.0:  https download succeed
2020-05-19T10:40:18 prefetch.2.10.0: 3) 'ncbi-acc:CM000664.1?vdb-ctx=refseq' was downloaded successfully
2020-05-19T10:40:18 prefetch.2.10.0: 4) Downloading 'ncbi-acc:CM000665.1?vdb-ctx=refseq'...
2020-05-19T10:40:18 prefetch.2.10.0:  Downloading via https...
2020-05-19T10:40:43 prefetch.2.10.0:  https download succeed
2020-05-19T10:40:43 prefetch.2.10.0: 4) 'ncbi-acc:CM000665.1?vdb-ctx=refseq' was downloaded successfully
2020-05-19T10:40:43 prefetch.2.10.0: 5) Downloading 'ncbi-acc:CM000666.1?vdb-ctx=refseq'...
2020-05-19T10:40:43 prefetch.2.10.0:  Downloading via https...
2020-05-19T10:41:05 prefetch.2.10.0:  https download succeed
2020-05-19T10:41:05 prefetch.2.10.0: 5) 'ncbi-acc:CM000666.1?vdb-ctx=refseq' was downloaded successfully
2020-05-19T10:41:05 prefetch.2.10.0: 6) Downloading 'ncbi-acc:CM000667.1?vdb-ctx=refseq'...
2020-05-19T10:41:05 prefetch.2.10.0:  Downloading via https...
2020-05-19T10:41:27 prefetch.2.10.0:  https download succeed
2020-05-19T10:41:27 prefetch.2.10.0: 6) 'ncbi-acc:CM000667.1?vdb-ctx=refseq' was downloaded successfully
2020-05-19T10:41:27 prefetch.2.10.0: 7) Downloading 'ncbi-acc:CM000668.1?vdb-ctx=refseq'...
2020-05-19T10:41:27 prefetch.2.10.0:  Downloading via https...
2020-05-19T10:41:43 prefetch.2.10.0:  https download succeed
2020-05-19T10:41:43 prefetch.2.10.0: 7) 'ncbi-acc:CM000668.1?vdb-ctx=refseq' was downloaded successfully
2020-05-19T10:41:43 prefetch.2.10.0: 8) Downloading 'ncbi-acc:CM000669.1?vdb-ctx=refseq'...
2020-05-19T10:41:43 prefetch.2.10.0:  Downloading via https...
2020-05-19T10:41:57 prefetch.2.10.0:  https download succeed
2020-05-19T10:41:57 prefetch.2.10.0: 8) 'ncbi-acc:CM000669.1?vdb-ctx=refseq' was downloaded successfully
2020-05-19T10:41:57 prefetch.2.10.0: 9) Downloading 'ncbi-acc:CM000670.1?vdb-ctx=refseq'...
2020-05-19T10:41:57 prefetch.2.10.0:  Downloading via https...
2020-05-19T10:42:17 prefetch.2.10.0:  https download succeed
2020-05-19T10:42:17 prefetch.2.10.0: 9) 'ncbi-acc:CM000670.1?vdb-ctx=refseq' was downloaded successfully
2020-05-19T10:42:17 prefetch.2.10.0: 10) Downloading 'ncbi-acc:CM000671.1?vdb-ctx=refseq'...
2020-05-19T10:42:17 prefetch.2.10.0:  Downloading via https...
2020-05-19T10:42:30 prefetch.2.10.0:  https download succeed
2020-05-19T10:42:30 prefetch.2.10.0: 10) 'ncbi-acc:CM000671.1?vdb-ctx=refseq' was downloaded successfully
2020-05-19T10:42:30 prefetch.2.10.0: 11) Downloading 'ncbi-acc:CM000672.1?vdb-ctx=refseq'...
2020-05-19T10:42:30 prefetch.2.10.0:  Downloading via https...
2020-05-19T10:42:38 prefetch.2.10.0:  https download succeed
2020-05-19T10:42:38 prefetch.2.10.0: 11) 'ncbi-acc:CM000672.1?vdb-ctx=refseq' was downloaded successfully
2020-05-19T10:42:38 prefetch.2.10.0: 12) Downloading 'ncbi-acc:CM000673.1?vdb-ctx=refseq'...
2020-05-19T10:42:38 prefetch.2.10.0:  Downloading via https...
2020-05-19T10:42:49 prefetch.2.10.0:  https download succeed
2020-05-19T10:42:49 prefetch.2.10.0: 12) 'ncbi-acc:CM000673.1?vdb-ctx=refseq' was downloaded successfully
2020-05-19T10:42:49 prefetch.2.10.0: 13) Downloading 'ncbi-acc:CM000674.1?vdb-ctx=refseq'...
2020-05-19T10:42:49 prefetch.2.10.0:  Downloading via https...
2020-05-19T10:43:01 prefetch.2.10.0:  https download succeed
2020-05-19T10:43:01 prefetch.2.10.0: 13) 'ncbi-acc:CM000674.1?vdb-ctx=refseq' was downloaded successfully
2020-05-19T10:43:01 prefetch.2.10.0: 14) Downloading 'ncbi-acc:CM000675.1?vdb-ctx=refseq'...
2020-05-19T10:43:01 prefetch.2.10.0:  Downloading via https...
2020-05-19T10:49:48 prefetch.2.10.0:  https download succeed
2020-05-19T10:49:48 prefetch.2.10.0: 14) 'ncbi-acc:CM000675.1?vdb-ctx=refseq' was downloaded successfully
2020-05-19T10:49:48 prefetch.2.10.0: 15) Downloading 'ncbi-acc:CM000676.1?vdb-ctx=refseq'...
2020-05-19T10:49:48 prefetch.2.10.0:  Downloading via https...
2020-05-19T10:49:55 prefetch.2.10.0:  https download succeed
2020-05-19T10:49:55 prefetch.2.10.0: 15) 'ncbi-acc:CM000676.1?vdb-ctx=refseq' was downloaded successfully
2020-05-19T10:49:55 prefetch.2.10.0: 16) Downloading 'ncbi-acc:CM000677.1?vdb-ctx=refseq'...
2020-05-19T10:49:55 prefetch.2.10.0:  Downloading via https...
2020-05-19T10:50:10 prefetch.2.10.0:  https download succeed
2020-05-19T10:50:10 prefetch.2.10.0: 16) 'ncbi-acc:CM000677.1?vdb-ctx=refseq' was downloaded successfully
2020-05-19T10:50:10 prefetch.2.10.0: 17) Downloading 'ncbi-acc:CM000678.1?vdb-ctx=refseq'...
2020-05-19T10:50:10 prefetch.2.10.0:  Downloading via https...
2020-05-19T10:50:22 prefetch.2.10.0:  https download succeed
2020-05-19T10:50:22 prefetch.2.10.0: 17) 'ncbi-acc:CM000678.1?vdb-ctx=refseq' was downloaded successfully
2020-05-19T10:50:22 prefetch.2.10.0: 18) Downloading 'ncbi-acc:CM000679.1?vdb-ctx=refseq'...
2020-05-19T10:50:22 prefetch.2.10.0:  Downloading via https...
2020-05-19T10:50:28 prefetch.2.10.0:  https download succeed
2020-05-19T10:50:28 prefetch.2.10.0: 18) 'ncbi-acc:CM000679.1?vdb-ctx=refseq' was downloaded successfully
2020-05-19T10:50:28 prefetch.2.10.0: 19) Downloading 'ncbi-acc:CM000680.1?vdb-ctx=refseq'...
2020-05-19T10:50:28 prefetch.2.10.0:  Downloading via https...
2020-05-19T10:50:36 prefetch.2.10.0:  https download succeed
2020-05-19T10:50:36 prefetch.2.10.0: 19) 'ncbi-acc:CM000680.1?vdb-ctx=refseq' was downloaded successfully
2020-05-19T10:50:36 prefetch.2.10.0: 20) Downloading 'ncbi-acc:CM000681.1?vdb-ctx=refseq'...
2020-05-19T10:50:36 prefetch.2.10.0:  Downloading via https...
2020-05-19T10:54:40 prefetch.2.10.0:  https download succeed
2020-05-19T10:54:40 prefetch.2.10.0: 20) 'ncbi-acc:CM000681.1?vdb-ctx=refseq' was downloaded successfully
2020-05-19T10:54:40 prefetch.2.10.0: 21) Downloading 'ncbi-acc:CM000682.1?vdb-ctx=refseq'...
2020-05-19T10:54:40 prefetch.2.10.0:  Downloading via https...
2020-05-19T10:54:50 prefetch.2.10.0:  https download succeed
2020-05-19T10:54:50 prefetch.2.10.0: 21) 'ncbi-acc:CM000682.1?vdb-ctx=refseq' was downloaded successfully
2020-05-19T10:54:50 prefetch.2.10.0: 22) Downloading 'ncbi-acc:CM000683.1?vdb-ctx=refseq'...
2020-05-19T10:54:50 prefetch.2.10.0:  Downloading via https...
2020-05-19T10:54:55 prefetch.2.10.0:  https download succeed
2020-05-19T10:54:55 prefetch.2.10.0: 22) 'ncbi-acc:CM000683.1?vdb-ctx=refseq' was downloaded successfully
2020-05-19T10:54:55 prefetch.2.10.0: 23) Downloading 'ncbi-acc:CM000684.1?vdb-ctx=refseq'...
2020-05-19T10:54:55 prefetch.2.10.0:  Downloading via https...
2020-05-19T10:55:00 prefetch.2.10.0:  https download succeed
2020-05-19T10:55:00 prefetch.2.10.0: 23) 'ncbi-acc:CM000684.1?vdb-ctx=refseq' was downloaded successfully
2020-05-19T10:55:00 prefetch.2.10.0: 24) Downloading 'ncbi-acc:CM000685.1?vdb-ctx=refseq'...
2020-05-19T10:55:00 prefetch.2.10.0:  Downloading via https...
2020-05-19T10:55:14 prefetch.2.10.0:  https download succeed
2020-05-19T10:55:14 prefetch.2.10.0: 24) 'ncbi-acc:CM000685.1?vdb-ctx=refseq' was downloaded successfully
2020-05-19T10:55:14 prefetch.2.10.0: 25) Downloading 'ncbi-acc:CM000686.1?vdb-ctx=refseq'...
2020-05-19T10:55:14 prefetch.2.10.0:  Downloading via https...
2020-05-19T10:55:20 prefetch.2.10.0:  https download succeed
2020-05-19T10:55:20 prefetch.2.10.0: 25) 'ncbi-acc:CM000686.1?vdb-ctx=refseq' was downloaded successfully
2020-05-19T10:55:20 prefetch.2.10.0: 26) Downloading 'ncbi-acc:GL000191.1?vdb-ctx=refseq'...
2020-05-19T10:55:20 prefetch.2.10.0:  Downloading via https...
2020-05-19T10:55:21 prefetch.2.10.0:  https download succeed
2020-05-19T10:55:21 prefetch.2.10.0: 26) 'ncbi-acc:GL000191.1?vdb-ctx=refseq' was downloaded successfully
2020-05-19T10:55:21 prefetch.2.10.0: 27) Downloading 'ncbi-acc:GL000192.1?vdb-ctx=refseq'...
2020-05-19T10:55:21 prefetch.2.10.0:  Downloading via https...
2020-05-19T10:55:21 prefetch.2.10.0:  https download succeed
2020-05-19T10:55:21 prefetch.2.10.0: 27) 'ncbi-acc:GL000192.1?vdb-ctx=refseq' was downloaded successfully
2020-05-19T10:55:21 prefetch.2.10.0: 28) Downloading 'ncbi-acc:GL000193.1?vdb-ctx=refseq'...
2020-05-19T10:55:21 prefetch.2.10.0:  Downloading via https...
2020-05-19T10:55:22 prefetch.2.10.0:  https download succeed
2020-05-19T10:55:22 prefetch.2.10.0: 28) 'ncbi-acc:GL000193.1?vdb-ctx=refseq' was downloaded successfully
2020-05-19T10:55:22 prefetch.2.10.0: 29) Downloading 'ncbi-acc:GL000194.1?vdb-ctx=refseq'...
2020-05-19T10:55:22 prefetch.2.10.0:  Downloading via https...
2020-05-19T10:55:22 prefetch.2.10.0:  https download succeed
2020-05-19T10:55:22 prefetch.2.10.0: 29) 'ncbi-acc:GL000194.1?vdb-ctx=refseq' was downloaded successfully
2020-05-19T10:55:22 prefetch.2.10.0: 30) Downloading 'ncbi-acc:GL000195.1?vdb-ctx=refseq'...
2020-05-19T10:55:22 prefetch.2.10.0:  Downloading via https...
2020-05-19T10:55:23 prefetch.2.10.0:  https download succeed
2020-05-19T10:55:23 prefetch.2.10.0: 30) 'ncbi-acc:GL000195.1?vdb-ctx=refseq' was downloaded successfully
2020-05-19T10:55:23 prefetch.2.10.0: 31) Downloading 'ncbi-acc:GL000196.1?vdb-ctx=refseq'...
2020-05-19T10:55:23 prefetch.2.10.0:  Downloading via https...
2020-05-19T10:55:23 prefetch.2.10.0:  https download succeed
2020-05-19T10:55:23 prefetch.2.10.0: 31) 'ncbi-acc:GL000196.1?vdb-ctx=refseq' was downloaded successfully
2020-05-19T10:55:23 prefetch.2.10.0: 32) Downloading 'ncbi-acc:GL000197.1?vdb-ctx=refseq'...
2020-05-19T10:55:23 prefetch.2.10.0:  Downloading via https...
2020-05-19T10:55:23 prefetch.2.10.0:  https download succeed
2020-05-19T10:55:23 prefetch.2.10.0: 32) 'ncbi-acc:GL000197.1?vdb-ctx=refseq' was downloaded successfully
2020-05-19T10:55:23 prefetch.2.10.0: 33) Downloading 'ncbi-acc:GL000198.1?vdb-ctx=refseq'...
2020-05-19T10:55:23 prefetch.2.10.0:  Downloading via https...
2020-05-19T10:55:24 prefetch.2.10.0:  https download succeed
2020-05-19T10:55:24 prefetch.2.10.0: 33) 'ncbi-acc:GL000198.1?vdb-ctx=refseq' was downloaded successfully
2020-05-19T10:55:24 prefetch.2.10.0: 34) Downloading 'ncbi-acc:GL000199.1?vdb-ctx=refseq'...
2020-05-19T10:55:24 prefetch.2.10.0:  Downloading via https...
2020-05-19T10:55:24 prefetch.2.10.0:  https download succeed
2020-05-19T10:55:24 prefetch.2.10.0: 34) 'ncbi-acc:GL000199.1?vdb-ctx=refseq' was downloaded successfully
2020-05-19T10:55:24 prefetch.2.10.0: 35) Downloading 'ncbi-acc:GL000200.1?vdb-ctx=refseq'...
2020-05-19T10:55:24 prefetch.2.10.0:  Downloading via https...
2020-05-19T10:55:25 prefetch.2.10.0:  https download succeed
2020-05-19T10:55:25 prefetch.2.10.0: 35) 'ncbi-acc:GL000200.1?vdb-ctx=refseq' was downloaded successfully
2020-05-19T10:55:25 prefetch.2.10.0: 36) Downloading 'ncbi-acc:GL000201.1?vdb-ctx=refseq'...
2020-05-19T10:55:25 prefetch.2.10.0:  Downloading via https...
2020-05-19T10:55:25 prefetch.2.10.0:  https download succeed
2020-05-19T10:55:25 prefetch.2.10.0: 36) 'ncbi-acc:GL000201.1?vdb-ctx=refseq' was downloaded successfully
2020-05-19T10:55:25 prefetch.2.10.0: 37) Downloading 'ncbi-acc:GL000202.1?vdb-ctx=refseq'...
2020-05-19T10:55:25 prefetch.2.10.0:  Downloading via https...
2020-05-19T10:55:25 prefetch.2.10.0:  https download succeed
2020-05-19T10:55:25 prefetch.2.10.0: 37) 'ncbi-acc:GL000202.1?vdb-ctx=refseq' was downloaded successfully
2020-05-19T10:55:25 prefetch.2.10.0: 38) Downloading 'ncbi-acc:GL000203.1?vdb-ctx=refseq'...
2020-05-19T10:55:25 prefetch.2.10.0:  Downloading via https...
2020-05-19T10:55:26 prefetch.2.10.0:  https download succeed
2020-05-19T10:55:26 prefetch.2.10.0: 38) 'ncbi-acc:GL000203.1?vdb-ctx=refseq' was downloaded successfully
2020-05-19T10:55:26 prefetch.2.10.0: 39) Downloading 'ncbi-acc:GL000204.1?vdb-ctx=refseq'...
2020-05-19T10:55:26 prefetch.2.10.0:  Downloading via https...
2020-05-19T10:55:26 prefetch.2.10.0:  https download succeed
2020-05-19T10:55:26 prefetch.2.10.0: 39) 'ncbi-acc:GL000204.1?vdb-ctx=refseq' was downloaded successfully
2020-05-19T10:55:26 prefetch.2.10.0: 40) Downloading 'ncbi-acc:GL000205.1?vdb-ctx=refseq'...
2020-05-19T10:55:26 prefetch.2.10.0:  Downloading via https...
2020-05-19T10:55:26 prefetch.2.10.0:  https download succeed
2020-05-19T10:55:26 prefetch.2.10.0: 40) 'ncbi-acc:GL000205.1?vdb-ctx=refseq' was downloaded successfully
2020-05-19T10:55:26 prefetch.2.10.0: 41) Downloading 'ncbi-acc:GL000206.1?vdb-ctx=refseq'...
2020-05-19T10:55:26 prefetch.2.10.0:  Downloading via https...
2020-05-19T10:55:27 prefetch.2.10.0:  https download succeed
2020-05-19T10:55:27 prefetch.2.10.0: 41) 'ncbi-acc:GL000206.1?vdb-ctx=refseq' was downloaded successfully
2020-05-19T10:55:27 prefetch.2.10.0: 42) Downloading 'ncbi-acc:GL000207.1?vdb-ctx=refseq'...
2020-05-19T10:55:27 prefetch.2.10.0:  Downloading via https...
2020-05-19T10:55:27 prefetch.2.10.0:  https download succeed
2020-05-19T10:55:27 prefetch.2.10.0: 42) 'ncbi-acc:GL000207.1?vdb-ctx=refseq' was downloaded successfully
2020-05-19T10:55:27 prefetch.2.10.0: 43) Downloading 'ncbi-acc:GL000208.1?vdb-ctx=refseq'...
2020-05-19T10:55:27 prefetch.2.10.0:  Downloading via https...
2020-05-19T10:55:28 prefetch.2.10.0:  https download succeed
2020-05-19T10:55:28 prefetch.2.10.0: 43) 'ncbi-acc:GL000208.1?vdb-ctx=refseq' was downloaded successfully
2020-05-19T10:55:28 prefetch.2.10.0: 44) Downloading 'ncbi-acc:GL000209.1?vdb-ctx=refseq'...
2020-05-19T10:55:28 prefetch.2.10.0:  Downloading via https...
2020-05-19T10:55:28 prefetch.2.10.0:  https download succeed
2020-05-19T10:55:28 prefetch.2.10.0: 44) 'ncbi-acc:GL000209.1?vdb-ctx=refseq' was downloaded successfully
2020-05-19T10:55:28 prefetch.2.10.0: 45) Downloading 'ncbi-acc:GL000210.1?vdb-ctx=refseq'...
2020-05-19T10:55:28 prefetch.2.10.0:  Downloading via https...
2020-05-19T10:55:28 prefetch.2.10.0:  https download succeed
2020-05-19T10:55:28 prefetch.2.10.0: 45) 'ncbi-acc:GL000210.1?vdb-ctx=refseq' was downloaded successfully
2020-05-19T10:55:28 prefetch.2.10.0: 46) Downloading 'ncbi-acc:GL000211.1?vdb-ctx=refseq'...
2020-05-19T10:55:28 prefetch.2.10.0:  Downloading via https...
2020-05-19T10:55:29 prefetch.2.10.0:  https download succeed
2020-05-19T10:55:29 prefetch.2.10.0: 46) 'ncbi-acc:GL000211.1?vdb-ctx=refseq' was downloaded successfully
2020-05-19T10:55:29 prefetch.2.10.0: 47) Downloading 'ncbi-acc:GL000212.1?vdb-ctx=refseq'...
2020-05-19T10:55:29 prefetch.2.10.0:  Downloading via https...
2020-05-19T10:55:29 prefetch.2.10.0:  https download succeed
2020-05-19T10:55:29 prefetch.2.10.0: 47) 'ncbi-acc:GL000212.1?vdb-ctx=refseq' was downloaded successfully
2020-05-19T10:55:29 prefetch.2.10.0: 48) Downloading 'ncbi-acc:GL000213.1?vdb-ctx=refseq'...
2020-05-19T10:55:29 prefetch.2.10.0:  Downloading via https...
2020-05-19T10:55:30 prefetch.2.10.0:  https download succeed
2020-05-19T10:55:30 prefetch.2.10.0: 48) 'ncbi-acc:GL000213.1?vdb-ctx=refseq' was downloaded successfully
2020-05-19T10:55:30 prefetch.2.10.0: 49) Downloading 'ncbi-acc:GL000214.1?vdb-ctx=refseq'...
2020-05-19T10:55:30 prefetch.2.10.0:  Downloading via https...
2020-05-19T10:55:30 prefetch.2.10.0:  https download succeed
2020-05-19T10:55:30 prefetch.2.10.0: 49) 'ncbi-acc:GL000214.1?vdb-ctx=refseq' was downloaded successfully
2020-05-19T10:55:30 prefetch.2.10.0: 50) Downloading 'ncbi-acc:GL000215.1?vdb-ctx=refseq'...
2020-05-19T10:55:30 prefetch.2.10.0:  Downloading via https...
2020-05-19T10:55:31 prefetch.2.10.0:  https download succeed
2020-05-19T10:55:31 prefetch.2.10.0: 50) 'ncbi-acc:GL000215.1?vdb-ctx=refseq' was downloaded successfully
2020-05-19T10:55:31 prefetch.2.10.0: 51) Downloading 'ncbi-acc:GL000216.1?vdb-ctx=refseq'...
2020-05-19T10:55:31 prefetch.2.10.0:  Downloading via https...
2020-05-19T10:55:31 prefetch.2.10.0:  https download succeed
2020-05-19T10:55:31 prefetch.2.10.0: 51) 'ncbi-acc:GL000216.1?vdb-ctx=refseq' was downloaded successfully
2020-05-19T10:55:31 prefetch.2.10.0: 52) Downloading 'ncbi-acc:GL000217.1?vdb-ctx=refseq'...
2020-05-19T10:55:31 prefetch.2.10.0:  Downloading via https...
2020-05-19T10:55:32 prefetch.2.10.0:  https download succeed
2020-05-19T10:55:32 prefetch.2.10.0: 52) 'ncbi-acc:GL000217.1?vdb-ctx=refseq' was downloaded successfully
2020-05-19T10:55:32 prefetch.2.10.0: 53) Downloading 'ncbi-acc:GL000218.1?vdb-ctx=refseq'...
2020-05-19T10:55:32 prefetch.2.10.0:  Downloading via https...
2020-05-19T10:55:32 prefetch.2.10.0:  https download succeed
2020-05-19T10:55:32 prefetch.2.10.0: 53) 'ncbi-acc:GL000218.1?vdb-ctx=refseq' was downloaded successfully
2020-05-19T10:55:32 prefetch.2.10.0: 54) Downloading 'ncbi-acc:GL000219.1?vdb-ctx=refseq'...
2020-05-19T10:55:32 prefetch.2.10.0:  Downloading via https...
2020-05-19T10:55:33 prefetch.2.10.0:  https download succeed
2020-05-19T10:55:33 prefetch.2.10.0: 54) 'ncbi-acc:GL000219.1?vdb-ctx=refseq' was downloaded successfully
2020-05-19T10:55:33 prefetch.2.10.0: 55) Downloading 'ncbi-acc:GL000220.1?vdb-ctx=refseq'...
2020-05-19T10:55:33 prefetch.2.10.0:  Downloading via https...
2020-05-19T10:55:33 prefetch.2.10.0:  https download succeed
2020-05-19T10:55:33 prefetch.2.10.0: 55) 'ncbi-acc:GL000220.1?vdb-ctx=refseq' was downloaded successfully
2020-05-19T10:55:33 prefetch.2.10.0: 56) Downloading 'ncbi-acc:GL000221.1?vdb-ctx=refseq'...
2020-05-19T10:55:33 prefetch.2.10.0:  Downloading via https...
2020-05-19T10:55:33 prefetch.2.10.0:  https download succeed
2020-05-19T10:55:33 prefetch.2.10.0: 56) 'ncbi-acc:GL000221.1?vdb-ctx=refseq' was downloaded successfully
2020-05-19T10:55:33 prefetch.2.10.0: 57) Downloading 'ncbi-acc:GL000222.1?vdb-ctx=refseq'...
2020-05-19T10:55:33 prefetch.2.10.0:  Downloading via https...
2020-05-19T10:55:34 prefetch.2.10.0:  https download succeed
2020-05-19T10:55:34 prefetch.2.10.0: 57) 'ncbi-acc:GL000222.1?vdb-ctx=refseq' was downloaded successfully
2020-05-19T10:55:34 prefetch.2.10.0: 58) Downloading 'ncbi-acc:GL000223.1?vdb-ctx=refseq'...
2020-05-19T10:55:34 prefetch.2.10.0:  Downloading via https...
2020-05-19T10:55:34 prefetch.2.10.0:  https download succeed
2020-05-19T10:55:34 prefetch.2.10.0: 58) 'ncbi-acc:GL000223.1?vdb-ctx=refseq' was downloaded successfully
2020-05-19T10:55:34 prefetch.2.10.0: 59) Downloading 'ncbi-acc:GL000224.1?vdb-ctx=refseq'...
2020-05-19T10:55:34 prefetch.2.10.0:  Downloading via https...
2020-05-19T10:55:35 prefetch.2.10.0:  https download succeed
2020-05-19T10:55:35 prefetch.2.10.0: 59) 'ncbi-acc:GL000224.1?vdb-ctx=refseq' was downloaded successfully
2020-05-19T10:55:35 prefetch.2.10.0: 60) Downloading 'ncbi-acc:GL000225.1?vdb-ctx=refseq'...
2020-05-19T10:55:35 prefetch.2.10.0:  Downloading via https...
2020-05-19T10:55:35 prefetch.2.10.0:  https download succeed
2020-05-19T10:55:35 prefetch.2.10.0: 60) 'ncbi-acc:GL000225.1?vdb-ctx=refseq' was downloaded successfully
2020-05-19T10:55:35 prefetch.2.10.0: 61) Downloading 'ncbi-acc:GL000226.1?vdb-ctx=refseq'...
2020-05-19T10:55:35 prefetch.2.10.0:  Downloading via https...
2020-05-19T10:55:35 prefetch.2.10.0:  https download succeed
2020-05-19T10:55:35 prefetch.2.10.0: 61) 'ncbi-acc:GL000226.1?vdb-ctx=refseq' was downloaded successfully
2020-05-19T10:55:35 prefetch.2.10.0: 62) Downloading 'ncbi-acc:GL000227.1?vdb-ctx=refseq'...
2020-05-19T10:55:35 prefetch.2.10.0:  Downloading via https...
2020-05-19T10:55:36 prefetch.2.10.0:  https download succeed
2020-05-19T10:55:36 prefetch.2.10.0: 62) 'ncbi-acc:GL000227.1?vdb-ctx=refseq' was downloaded successfully
2020-05-19T10:55:36 prefetch.2.10.0: 63) Downloading 'ncbi-acc:GL000228.1?vdb-ctx=refseq'...
2020-05-19T10:55:36 prefetch.2.10.0:  Downloading via https...
2020-05-19T10:55:37 prefetch.2.10.0:  https download succeed
2020-05-19T10:55:37 prefetch.2.10.0: 63) 'ncbi-acc:GL000228.1?vdb-ctx=refseq' was downloaded successfully
2020-05-19T10:55:37 prefetch.2.10.0: 64) Downloading 'ncbi-acc:GL000229.1?vdb-ctx=refseq'...
2020-05-19T10:55:37 prefetch.2.10.0:  Downloading via https...
2020-05-19T10:55:37 prefetch.2.10.0:  https download succeed
2020-05-19T10:55:37 prefetch.2.10.0: 64) 'ncbi-acc:GL000229.1?vdb-ctx=refseq' was downloaded successfully
2020-05-19T10:55:37 prefetch.2.10.0: 65) Downloading 'ncbi-acc:GL000230.1?vdb-ctx=refseq'...
2020-05-19T10:55:37 prefetch.2.10.0:  Downloading via https...
2020-05-19T10:55:37 prefetch.2.10.0:  https download succeed
2020-05-19T10:55:37 prefetch.2.10.0: 65) 'ncbi-acc:GL000230.1?vdb-ctx=refseq' was downloaded successfully
2020-05-19T10:55:37 prefetch.2.10.0: 66) Downloading 'ncbi-acc:GL000231.1?vdb-ctx=refseq'...
2020-05-19T10:55:37 prefetch.2.10.0:  Downloading via https...
2020-05-19T10:55:38 prefetch.2.10.0:  https download succeed
2020-05-19T10:55:38 prefetch.2.10.0: 66) 'ncbi-acc:GL000231.1?vdb-ctx=refseq' was downloaded successfully
2020-05-19T10:55:38 prefetch.2.10.0: 67) Downloading 'ncbi-acc:GL000232.1?vdb-ctx=refseq'...
2020-05-19T10:55:38 prefetch.2.10.0:  Downloading via https...
2020-05-19T11:00:38 prefetch.2.10.0 int: connection failed while opening file within cryptographic module - Cannot KNSManagerMakeClientRequest: https://sra-download.ncbi.nlm.nih.gov/traces/refseq/GL000232.1
2020-05-19T11:00:38 prefetch.2.10.0:  https download failed
2020-05-19T11:00:38 prefetch.2.10.0: 67) failed to download ncbi-acc:GL000232.1?vdb-ctx=refseq
Done.
Dumping fastq file for SRR1602477
2020-05-19T12:04:59 fastq-dump.2.10.0 err: directory not found while opening manager within virtual file system module - failed SRR1602477

=============================================================
An error occurred during processing.
A report was generated into the file '/rhome/arajewski/ncbi_error_report.txt'.
If the problem persists, you may consider sending the file
to 'sra-tools@ncbi.nlm.nih.gov' for assistance.
=============================================================

Done.
