Prefetching SRR1601171...

2020-05-19T10:00:18 prefetch.2.10.0: 1) Downloading 'SRR1601171'...
2020-05-19T10:00:18 prefetch.2.10.0:  Downloading via https...
2020-05-19T11:52:53 prefetch.2.10.0:  https download succeed
2020-05-19T11:52:53 prefetch.2.10.0: 1,2) Downloading 'SRR1601171.vdbcache'...
2020-05-19T11:52:53 prefetch.2.10.0:  Downloading via https...
2020-05-19T11:54:04 prefetch.2.10.0:  https download succeed
2020-05-19T11:54:04 prefetch.2.10.0: 1.2) 'SRR1601171.vdbcache' was downloaded successfully
2020-05-19T11:54:04 prefetch.2.10.0: 1) 'SRR1601171' was downloaded successfully
2020-05-19T11:54:30 prefetch.2.10.0: 'SRR1601171' has 86 unresolved dependencies
2020-05-19T11:54:30 prefetch.2.10.0: 2) Downloading 'ncbi-acc:CM000663.1?vdb-ctx=refseq'...
2020-05-19T11:54:30 prefetch.2.10.0:  Downloading via https...
2020-05-19T11:55:06 prefetch.2.10.0:  https download succeed
2020-05-19T11:55:06 prefetch.2.10.0: 2) 'ncbi-acc:CM000663.1?vdb-ctx=refseq' was downloaded successfully
2020-05-19T11:55:06 prefetch.2.10.0: 3) Downloading 'ncbi-acc:CM000664.1?vdb-ctx=refseq'...
2020-05-19T11:55:06 prefetch.2.10.0:  Downloading via https...
2020-05-19T11:55:33 prefetch.2.10.0:  https download succeed
2020-05-19T11:55:33 prefetch.2.10.0: 3) 'ncbi-acc:CM000664.1?vdb-ctx=refseq' was downloaded successfully
2020-05-19T11:55:34 prefetch.2.10.0: 4) Downloading 'ncbi-acc:CM000665.1?vdb-ctx=refseq'...
2020-05-19T11:55:34 prefetch.2.10.0:  Downloading via https...
2020-05-19T11:55:57 prefetch.2.10.0:  https download succeed
2020-05-19T11:55:57 prefetch.2.10.0: 4) 'ncbi-acc:CM000665.1?vdb-ctx=refseq' was downloaded successfully
2020-05-19T11:55:58 prefetch.2.10.0: 5) Downloading 'ncbi-acc:CM000666.1?vdb-ctx=refseq'...
2020-05-19T11:55:58 prefetch.2.10.0:  Downloading via https...
2020-05-19T11:56:13 prefetch.2.10.0:  https download succeed
2020-05-19T11:56:13 prefetch.2.10.0: 5) 'ncbi-acc:CM000666.1?vdb-ctx=refseq' was downloaded successfully
2020-05-19T11:56:13 prefetch.2.10.0: 6) Downloading 'ncbi-acc:CM000667.1?vdb-ctx=refseq'...
2020-05-19T11:56:13 prefetch.2.10.0:  Downloading via https...
2020-05-19T11:56:32 prefetch.2.10.0:  https download succeed
2020-05-19T11:56:32 prefetch.2.10.0: 6) 'ncbi-acc:CM000667.1?vdb-ctx=refseq' was downloaded successfully
2020-05-19T11:56:32 prefetch.2.10.0: 7) Downloading 'ncbi-acc:CM000668.1?vdb-ctx=refseq'...
2020-05-19T11:56:32 prefetch.2.10.0:  Downloading via https...
2020-05-19T11:57:53 prefetch.2.10.0 int: transfer incomplete while reading file within network system module - Cannot KStreamRead: https://sra-download.ncbi.nlm.nih.gov/traces/refseq/CM000668.1
2020-05-19T11:57:53 prefetch.2.10.0:  https download failed
2020-05-19T11:57:53 prefetch.2.10.0: 7) failed to download ncbi-acc:CM000668.1?vdb-ctx=refseq
Done.
Dumping fastq file for SRR1601171
2020-05-19T21:57:45 fastq-dump.2.10.0 err: connection failed while opening file within cryptographic module - error with https open 'https://sra-download.ncbi.nlm.nih.gov/traces/refseq/CM000669.1'
slurmstepd-i36: error: *** JOB 1142034 ON i36 CANCELLED AT 2020-05-19T15:00:17 DUE TO TIME LIMIT ***
