Prefetching SRR1599369...

2020-05-19T04:45:23 prefetch.2.10.0: 1) Downloading 'SRR1599369'...
2020-05-19T04:45:23 prefetch.2.10.0:  Downloading via https...
2020-05-19T05:00:03 prefetch.2.10.0:  https download succeed
2020-05-19T05:00:03 prefetch.2.10.0: 1,2) Downloading 'SRR1599369.vdbcache'...
2020-05-19T05:00:03 prefetch.2.10.0:  Downloading via https...
2020-05-19T05:01:18 prefetch.2.10.0:  https download succeed
2020-05-19T05:01:18 prefetch.2.10.0: 1.2) 'SRR1599369.vdbcache' was downloaded successfully
2020-05-19T05:01:18 prefetch.2.10.0: 1) 'SRR1599369' was downloaded successfully
2020-05-19T05:01:45 prefetch.2.10.0: 'SRR1599369' has 86 unresolved dependencies
2020-05-19T05:01:45 prefetch.2.10.0: 2) Downloading 'ncbi-acc:CM000663.1?vdb-ctx=refseq'...
2020-05-19T05:01:45 prefetch.2.10.0:  Downloading via https...
2020-05-19T05:01:57 prefetch.2.10.0:  https download succeed
2020-05-19T05:01:57 prefetch.2.10.0: 2) 'ncbi-acc:CM000663.1?vdb-ctx=refseq' was downloaded successfully
2020-05-19T05:01:57 prefetch.2.10.0: 3) Downloading 'ncbi-acc:CM000664.1?vdb-ctx=refseq'...
2020-05-19T05:01:57 prefetch.2.10.0:  Downloading via https...
2020-05-19T05:02:18 prefetch.2.10.0:  https download succeed
2020-05-19T05:02:18 prefetch.2.10.0: 3) 'ncbi-acc:CM000664.1?vdb-ctx=refseq' was downloaded successfully
2020-05-19T05:02:18 prefetch.2.10.0: 4) Downloading 'ncbi-acc:CM000665.1?vdb-ctx=refseq'...
2020-05-19T05:02:18 prefetch.2.10.0:  Downloading via https...
2020-05-19T05:02:32 prefetch.2.10.0:  https download succeed
2020-05-19T05:02:32 prefetch.2.10.0: 4) 'ncbi-acc:CM000665.1?vdb-ctx=refseq' was downloaded successfully
2020-05-19T05:02:32 prefetch.2.10.0: 5) Downloading 'ncbi-acc:CM000666.1?vdb-ctx=refseq'...
2020-05-19T05:02:32 prefetch.2.10.0:  Downloading via https...
2020-05-19T05:02:41 prefetch.2.10.0:  https download succeed
2020-05-19T05:02:41 prefetch.2.10.0: 5) 'ncbi-acc:CM000666.1?vdb-ctx=refseq' was downloaded successfully
2020-05-19T05:02:41 prefetch.2.10.0: 6) Downloading 'ncbi-acc:CM000667.1?vdb-ctx=refseq'...
2020-05-19T05:02:41 prefetch.2.10.0:  Downloading via https...
2020-05-19T05:02:55 prefetch.2.10.0:  https download succeed
2020-05-19T05:02:55 prefetch.2.10.0: 6) 'ncbi-acc:CM000667.1?vdb-ctx=refseq' was downloaded successfully
2020-05-19T05:02:55 prefetch.2.10.0: 7) Downloading 'ncbi-acc:CM000668.1?vdb-ctx=refseq'...
2020-05-19T05:02:55 prefetch.2.10.0:  Downloading via https...
2020-05-19T05:03:08 prefetch.2.10.0:  https download succeed
2020-05-19T05:03:08 prefetch.2.10.0: 7) 'ncbi-acc:CM000668.1?vdb-ctx=refseq' was downloaded successfully
2020-05-19T05:03:08 prefetch.2.10.0: 8) Downloading 'ncbi-acc:CM000669.1?vdb-ctx=refseq'...
2020-05-19T05:03:08 prefetch.2.10.0:  Downloading via https...
2020-05-19T05:03:14 prefetch.2.10.0:  https download succeed
2020-05-19T05:03:14 prefetch.2.10.0: 8) 'ncbi-acc:CM000669.1?vdb-ctx=refseq' was downloaded successfully
2020-05-19T05:03:14 prefetch.2.10.0: 9) Downloading 'ncbi-acc:CM000670.1?vdb-ctx=refseq'...
2020-05-19T05:03:14 prefetch.2.10.0:  Downloading via https...
2020-05-19T05:10:40 prefetch.2.10.0:  https download succeed
2020-05-19T05:10:40 prefetch.2.10.0: 9) 'ncbi-acc:CM000670.1?vdb-ctx=refseq' was downloaded successfully
2020-05-19T05:10:40 prefetch.2.10.0: 10) Downloading 'ncbi-acc:CM000671.1?vdb-ctx=refseq'...
2020-05-19T05:10:40 prefetch.2.10.0:  Downloading via https...
2020-05-19T05:10:45 prefetch.2.10.0:  https download succeed
2020-05-19T05:10:45 prefetch.2.10.0: 10) 'ncbi-acc:CM000671.1?vdb-ctx=refseq' was downloaded successfully
2020-05-19T05:10:45 prefetch.2.10.0: 11) Downloading 'ncbi-acc:CM000672.1?vdb-ctx=refseq'...
2020-05-19T05:10:45 prefetch.2.10.0:  Downloading via https...
2020-05-19T05:10:56 prefetch.2.10.0:  https download succeed
2020-05-19T05:10:56 prefetch.2.10.0: 11) 'ncbi-acc:CM000672.1?vdb-ctx=refseq' was downloaded successfully
2020-05-19T05:10:56 prefetch.2.10.0: 12) Downloading 'ncbi-acc:CM000673.1?vdb-ctx=refseq'...
2020-05-19T05:10:56 prefetch.2.10.0:  Downloading via https...
2020-05-19T05:11:03 prefetch.2.10.0:  https download succeed
2020-05-19T05:11:03 prefetch.2.10.0: 12) 'ncbi-acc:CM000673.1?vdb-ctx=refseq' was downloaded successfully
2020-05-19T05:11:03 prefetch.2.10.0: 13) Downloading 'ncbi-acc:CM000674.1?vdb-ctx=refseq'...
2020-05-19T05:11:03 prefetch.2.10.0:  Downloading via https...
2020-05-19T05:11:12 prefetch.2.10.0:  https download succeed
2020-05-19T05:11:12 prefetch.2.10.0: 13) 'ncbi-acc:CM000674.1?vdb-ctx=refseq' was downloaded successfully
2020-05-19T05:11:12 prefetch.2.10.0: 14) Downloading 'ncbi-acc:CM000675.1?vdb-ctx=refseq'...
2020-05-19T05:11:12 prefetch.2.10.0:  Downloading via https...
2020-05-19T05:11:17 prefetch.2.10.0:  https download succeed
2020-05-19T05:11:17 prefetch.2.10.0: 14) 'ncbi-acc:CM000675.1?vdb-ctx=refseq' was downloaded successfully
2020-05-19T05:11:17 prefetch.2.10.0: 15) Downloading 'ncbi-acc:CM000676.1?vdb-ctx=refseq'...
2020-05-19T05:11:17 prefetch.2.10.0:  Downloading via https...
2020-05-19T05:11:24 prefetch.2.10.0:  https download succeed
2020-05-19T05:11:24 prefetch.2.10.0: 15) 'ncbi-acc:CM000676.1?vdb-ctx=refseq' was downloaded successfully
2020-05-19T05:11:24 prefetch.2.10.0: 16) Downloading 'ncbi-acc:CM000677.1?vdb-ctx=refseq'...
2020-05-19T05:11:24 prefetch.2.10.0:  Downloading via https...
2020-05-19T05:11:35 prefetch.2.10.0:  https download succeed
2020-05-19T05:11:35 prefetch.2.10.0: 16) 'ncbi-acc:CM000677.1?vdb-ctx=refseq' was downloaded successfully
2020-05-19T05:11:35 prefetch.2.10.0: 17) Downloading 'ncbi-acc:CM000678.1?vdb-ctx=refseq'...
2020-05-19T05:11:35 prefetch.2.10.0:  Downloading via https...
2020-05-19T05:11:41 prefetch.2.10.0:  https download succeed
2020-05-19T05:11:41 prefetch.2.10.0: 17) 'ncbi-acc:CM000678.1?vdb-ctx=refseq' was downloaded successfully
2020-05-19T05:11:41 prefetch.2.10.0: 18) Downloading 'ncbi-acc:CM000679.1?vdb-ctx=refseq'...
2020-05-19T05:11:41 prefetch.2.10.0:  Downloading via https...
2020-05-19T05:16:34 prefetch.2.10.0 int: connection failed while opening file within cryptographic module - Cannot KNSManagerMakeClientRequest: https://sra-download.ncbi.nlm.nih.gov/traces/refseq/CM000679.1
2020-05-19T05:16:34 prefetch.2.10.0:  https download failed
2020-05-19T05:16:34 prefetch.2.10.0: 18) failed to download ncbi-acc:CM000679.1?vdb-ctx=refseq
Done.
Dumping fastq file for SRR1599369
2020-05-19T07:30:31 fastq-dump.2.10.0 err: connection failed while opening file within cryptographic module - error with https open 'https://sra-download.ncbi.nlm.nih.gov/traces/refseq/CM000679.1'
2020-05-19T07:43:54 fastq-dump.2.10.0 err: connection failed while opening file within cryptographic module - error with https open 'https://sra-download.ncbi.nlm.nih.gov/traces/refseq/CM000679.1'
2020-05-19T09:14:33 fastq-dump.2.10.0 err: connection failed while opening file within cryptographic module - error with https open 'https://sra-download.ncbi.nlm.nih.gov/traces/refseq/CM000679.1'
2020-05-19T10:00:31 fastq-dump.2.10.0 err: connection failed while opening file within cryptographic module - error with https open 'https://sra-download.ncbi.nlm.nih.gov/traces/refseq/CM000679.1'
2020-05-19T10:04:34 fastq-dump.2.10.0 err: connection failed while opening file within cryptographic module - error with https open 'https://sra-download.ncbi.nlm.nih.gov/traces/refseq/CM000679.1'
2020-05-19T10:34:33 fastq-dump.2.10.0 err: connection failed while opening file within cryptographic module - error with https open 'https://sra-download.ncbi.nlm.nih.gov/traces/refseq/CM000679.1'
2020-05-19T11:44:34 fastq-dump.2.10.0 err: connection failed while opening file within cryptographic module - error with https open 'https://sra-download.ncbi.nlm.nih.gov/traces/refseq/CM000679.1'
2020-05-19T12:09:52 fastq-dump.2.10.0 err: connection failed while opening file within cryptographic module - error with https open 'https://sra-download.ncbi.nlm.nih.gov/traces/refseq/CM000679.1'
2020-05-19T12:14:34 fastq-dump.2.10.0 err: connection failed while opening file within cryptographic module - error with https open 'https://sra-download.ncbi.nlm.nih.gov/traces/refseq/CM000679.1'
2020-05-19T12:27:36 fastq-dump.2.10.0 err: connection failed while opening file within cryptographic module - error with https open 'https://sra-download.ncbi.nlm.nih.gov/traces/refseq/CM000679.1'
2020-05-19T13:02:55 fastq-dump.2.10.0 err: connection failed while opening file within cryptographic module - error with https open 'https://sra-download.ncbi.nlm.nih.gov/traces/refseq/CM000679.1'
2020-05-19T13:04:34 fastq-dump.2.10.0 err: connection failed while opening file within cryptographic module - error with https open 'https://sra-download.ncbi.nlm.nih.gov/traces/refseq/CM000679.1'
2020-05-19T13:10:24 fastq-dump.2.10.0 err: connection failed while opening file within cryptographic module - error with https open 'https://sra-download.ncbi.nlm.nih.gov/traces/refseq/CM000679.1'
slurmstepd-i21: error: *** JOB 1141736 ON i21 CANCELLED AT 2020-05-19T09:45:46 DUE TO TIME LIMIT ***
