Prefetching SRR1599356...

2020-05-21T01:06:21 prefetch.2.10.0: 1) Downloading 'SRR1599356'...
2020-05-21T01:06:21 prefetch.2.10.0:  Downloading via https...
2020-05-21T03:48:51 prefetch.2.10.0:  https download succeed
2020-05-21T03:48:51 prefetch.2.10.0: 1,2) Downloading 'SRR1599356.vdbcache'...
2020-05-21T03:48:51 prefetch.2.10.0:  Downloading via https...
2020-05-21T03:52:00 prefetch.2.10.0:  https download succeed
2020-05-21T03:52:00 prefetch.2.10.0: 1.2) 'SRR1599356.vdbcache' was downloaded successfully
2020-05-21T03:52:00 prefetch.2.10.0: 1) 'SRR1599356' was downloaded successfully
2020-05-21T03:52:26 prefetch.2.10.0: 'SRR1599356' has 86 unresolved dependencies
2020-05-21T03:52:26 prefetch.2.10.0: 2) Downloading 'ncbi-acc:CM000663.1?vdb-ctx=refseq'...
2020-05-21T03:52:26 prefetch.2.10.0:  Downloading via https...
2020-05-21T03:53:18 prefetch.2.10.0:  https download succeed
2020-05-21T03:53:18 prefetch.2.10.0: 2) 'ncbi-acc:CM000663.1?vdb-ctx=refseq' was downloaded successfully
2020-05-21T03:53:18 prefetch.2.10.0: 3) Downloading 'ncbi-acc:CM000664.1?vdb-ctx=refseq'...
2020-05-21T03:53:18 prefetch.2.10.0:  Downloading via https...
2020-05-21T03:54:11 prefetch.2.10.0:  https download succeed
2020-05-21T03:54:11 prefetch.2.10.0: 3) 'ncbi-acc:CM000664.1?vdb-ctx=refseq' was downloaded successfully
2020-05-21T03:54:11 prefetch.2.10.0: 4) Downloading 'ncbi-acc:CM000665.1?vdb-ctx=refseq'...
2020-05-21T03:54:11 prefetch.2.10.0:  Downloading via https...
2020-05-21T03:54:40 prefetch.2.10.0:  https download succeed
2020-05-21T03:54:40 prefetch.2.10.0: 4) 'ncbi-acc:CM000665.1?vdb-ctx=refseq' was downloaded successfully
2020-05-21T03:54:40 prefetch.2.10.0: 5) Downloading 'ncbi-acc:CM000666.1?vdb-ctx=refseq'...
2020-05-21T03:54:40 prefetch.2.10.0:  Downloading via https...
2020-05-21T03:55:14 prefetch.2.10.0:  https download succeed
2020-05-21T03:55:14 prefetch.2.10.0: 5) 'ncbi-acc:CM000666.1?vdb-ctx=refseq' was downloaded successfully
2020-05-21T03:55:14 prefetch.2.10.0: 6) Downloading 'ncbi-acc:CM000667.1?vdb-ctx=refseq'...
2020-05-21T03:55:14 prefetch.2.10.0:  Downloading via https...
2020-05-21T03:55:44 prefetch.2.10.0:  https download succeed
2020-05-21T03:55:44 prefetch.2.10.0: 6) 'ncbi-acc:CM000667.1?vdb-ctx=refseq' was downloaded successfully
2020-05-21T03:55:44 prefetch.2.10.0: 7) Downloading 'ncbi-acc:CM000668.1?vdb-ctx=refseq'...
2020-05-21T03:55:44 prefetch.2.10.0:  Downloading via https...
2020-05-21T03:56:10 prefetch.2.10.0:  https download succeed
2020-05-21T03:56:10 prefetch.2.10.0: 7) 'ncbi-acc:CM000668.1?vdb-ctx=refseq' was downloaded successfully
2020-05-21T03:56:10 prefetch.2.10.0: 8) Downloading 'ncbi-acc:CM000669.1?vdb-ctx=refseq'...
2020-05-21T03:56:10 prefetch.2.10.0:  Downloading via https...
2020-05-21T03:56:43 prefetch.2.10.0:  https download succeed
2020-05-21T03:56:43 prefetch.2.10.0: 8) 'ncbi-acc:CM000669.1?vdb-ctx=refseq' was downloaded successfully
2020-05-21T03:56:43 prefetch.2.10.0: 9) Downloading 'ncbi-acc:CM000670.1?vdb-ctx=refseq'...
2020-05-21T03:56:43 prefetch.2.10.0:  Downloading via https...
2020-05-21T03:57:15 prefetch.2.10.0:  https download succeed
2020-05-21T03:57:15 prefetch.2.10.0: 9) 'ncbi-acc:CM000670.1?vdb-ctx=refseq' was downloaded successfully
2020-05-21T03:57:15 prefetch.2.10.0: 10) Downloading 'ncbi-acc:CM000671.1?vdb-ctx=refseq'...
2020-05-21T03:57:15 prefetch.2.10.0:  Downloading via https...
2020-05-21T03:59:38 prefetch.2.10.0 int: transfer incomplete while reading file within network system module - Cannot KStreamRead: https://sra-download.ncbi.nlm.nih.gov/traces/refseq/CM000671.1
2020-05-21T03:59:38 prefetch.2.10.0:  https download failed
2020-05-21T03:59:38 prefetch.2.10.0: 10) failed to download ncbi-acc:CM000671.1?vdb-ctx=refseq
Done.
Dumping fastq file for SRR1599356
2020-05-21T11:48:25 fastq-dump.2.10.0 err: connection failed while opening file within cryptographic module - error with https open 'https://sra-download.ncbi.nlm.nih.gov/traces/refseq/CM000673.1'
2020-05-21T12:03:02 fastq-dump.2.10.0 err: directory not found while opening manager within virtual file system module - failed SRR1599356

=============================================================
An error occurred during processing.
A report was generated into the file '/rhome/arajewski/ncbi_error_report.txt'.
If the problem persists, you may consider sending the file
to 'sra-tools@ncbi.nlm.nih.gov' for assistance.
=============================================================

Done.
