Prefetching SRR1602481...

2020-05-19T10:28:31 prefetch.2.10.0: 1) Downloading 'SRR1602481'...
2020-05-19T10:28:31 prefetch.2.10.0:  Downloading via https...
2020-05-19T10:54:08 prefetch.2.10.0:  https download succeed
2020-05-19T10:54:08 prefetch.2.10.0: 1,2) Downloading 'SRR1602481.vdbcache'...
2020-05-19T10:54:08 prefetch.2.10.0:  Downloading via https...
2020-05-19T10:55:11 prefetch.2.10.0:  https download succeed
2020-05-19T10:55:11 prefetch.2.10.0: 1.2) 'SRR1602481.vdbcache' was downloaded successfully
2020-05-19T10:55:11 prefetch.2.10.0: 1) 'SRR1602481' was downloaded successfully
2020-05-19T10:55:37 prefetch.2.10.0: 'SRR1602481' has 86 unresolved dependencies
2020-05-19T10:55:37 prefetch.2.10.0: 2) Downloading 'ncbi-acc:CM000663.1?vdb-ctx=refseq'...
2020-05-19T10:55:37 prefetch.2.10.0:  Downloading via https...
2020-05-19T10:56:06 prefetch.2.10.0:  https download succeed
2020-05-19T10:56:06 prefetch.2.10.0: 2) 'ncbi-acc:CM000663.1?vdb-ctx=refseq' was downloaded successfully
2020-05-19T10:56:06 prefetch.2.10.0: 3) Downloading 'ncbi-acc:CM000664.1?vdb-ctx=refseq'...
2020-05-19T10:56:06 prefetch.2.10.0:  Downloading via https...
2020-05-19T10:56:26 prefetch.2.10.0:  https download succeed
2020-05-19T10:56:26 prefetch.2.10.0: 3) 'ncbi-acc:CM000664.1?vdb-ctx=refseq' was downloaded successfully
2020-05-19T10:56:26 prefetch.2.10.0: 4) Downloading 'ncbi-acc:CM000665.1?vdb-ctx=refseq'...
2020-05-19T10:56:26 prefetch.2.10.0:  Downloading via https...
2020-05-19T10:56:44 prefetch.2.10.0:  https download succeed
2020-05-19T10:56:44 prefetch.2.10.0: 4) 'ncbi-acc:CM000665.1?vdb-ctx=refseq' was downloaded successfully
2020-05-19T10:56:44 prefetch.2.10.0: 5) Downloading 'ncbi-acc:CM000666.1?vdb-ctx=refseq'...
2020-05-19T10:56:44 prefetch.2.10.0:  Downloading via https...
2020-05-19T10:57:04 prefetch.2.10.0:  https download succeed
2020-05-19T10:57:04 prefetch.2.10.0: 5) 'ncbi-acc:CM000666.1?vdb-ctx=refseq' was downloaded successfully
2020-05-19T10:57:04 prefetch.2.10.0: 6) Downloading 'ncbi-acc:CM000667.1?vdb-ctx=refseq'...
2020-05-19T10:57:04 prefetch.2.10.0:  Downloading via https...
2020-05-19T10:57:34 prefetch.2.10.0:  https download succeed
2020-05-19T10:57:34 prefetch.2.10.0: 6) 'ncbi-acc:CM000667.1?vdb-ctx=refseq' was downloaded successfully
2020-05-19T10:57:34 prefetch.2.10.0: 7) Downloading 'ncbi-acc:CM000668.1?vdb-ctx=refseq'...
2020-05-19T10:57:34 prefetch.2.10.0:  Downloading via https...
2020-05-19T10:57:55 prefetch.2.10.0:  https download succeed
2020-05-19T10:57:55 prefetch.2.10.0: 7) 'ncbi-acc:CM000668.1?vdb-ctx=refseq' was downloaded successfully
2020-05-19T10:57:55 prefetch.2.10.0: 8) Downloading 'ncbi-acc:CM000669.1?vdb-ctx=refseq'...
2020-05-19T10:57:55 prefetch.2.10.0:  Downloading via https...
2020-05-19T10:58:13 prefetch.2.10.0:  https download succeed
2020-05-19T10:58:13 prefetch.2.10.0: 8) 'ncbi-acc:CM000669.1?vdb-ctx=refseq' was downloaded successfully
2020-05-19T10:58:13 prefetch.2.10.0: 9) Downloading 'ncbi-acc:CM000670.1?vdb-ctx=refseq'...
2020-05-19T10:58:13 prefetch.2.10.0:  Downloading via https...
2020-05-19T10:58:27 prefetch.2.10.0:  https download succeed
2020-05-19T10:58:27 prefetch.2.10.0: 9) 'ncbi-acc:CM000670.1?vdb-ctx=refseq' was downloaded successfully
2020-05-19T10:58:27 prefetch.2.10.0: 10) Downloading 'ncbi-acc:CM000671.1?vdb-ctx=refseq'...
2020-05-19T10:58:27 prefetch.2.10.0:  Downloading via https...
2020-05-19T10:58:42 prefetch.2.10.0:  https download succeed
2020-05-19T10:58:42 prefetch.2.10.0: 10) 'ncbi-acc:CM000671.1?vdb-ctx=refseq' was downloaded successfully
2020-05-19T10:58:42 prefetch.2.10.0: 11) Downloading 'ncbi-acc:CM000672.1?vdb-ctx=refseq'...
2020-05-19T10:58:42 prefetch.2.10.0:  Downloading via https...
2020-05-19T10:58:57 prefetch.2.10.0:  https download succeed
2020-05-19T10:58:57 prefetch.2.10.0: 11) 'ncbi-acc:CM000672.1?vdb-ctx=refseq' was downloaded successfully
2020-05-19T10:58:57 prefetch.2.10.0: 12) Downloading 'ncbi-acc:CM000673.1?vdb-ctx=refseq'...
2020-05-19T10:58:57 prefetch.2.10.0:  Downloading via https...
2020-05-19T10:59:09 prefetch.2.10.0:  https download succeed
2020-05-19T10:59:09 prefetch.2.10.0: 12) 'ncbi-acc:CM000673.1?vdb-ctx=refseq' was downloaded successfully
2020-05-19T10:59:09 prefetch.2.10.0: 13) Downloading 'ncbi-acc:CM000674.1?vdb-ctx=refseq'...
2020-05-19T10:59:09 prefetch.2.10.0:  Downloading via https...
2020-05-19T10:59:20 prefetch.2.10.0:  https download succeed
2020-05-19T10:59:20 prefetch.2.10.0: 13) 'ncbi-acc:CM000674.1?vdb-ctx=refseq' was downloaded successfully
2020-05-19T10:59:20 prefetch.2.10.0: 14) Downloading 'ncbi-acc:CM000675.1?vdb-ctx=refseq'...
2020-05-19T10:59:20 prefetch.2.10.0:  Downloading via https...
2020-05-19T10:59:33 prefetch.2.10.0:  https download succeed
2020-05-19T10:59:33 prefetch.2.10.0: 14) 'ncbi-acc:CM000675.1?vdb-ctx=refseq' was downloaded successfully
2020-05-19T10:59:33 prefetch.2.10.0: 15) Downloading 'ncbi-acc:CM000676.1?vdb-ctx=refseq'...
2020-05-19T10:59:33 prefetch.2.10.0:  Downloading via https...
2020-05-19T10:59:50 prefetch.2.10.0:  https download succeed
2020-05-19T10:59:50 prefetch.2.10.0: 15) 'ncbi-acc:CM000676.1?vdb-ctx=refseq' was downloaded successfully
2020-05-19T10:59:50 prefetch.2.10.0: 16) Downloading 'ncbi-acc:CM000677.1?vdb-ctx=refseq'...
2020-05-19T10:59:50 prefetch.2.10.0:  Downloading via https...
2020-05-19T11:00:02 prefetch.2.10.0:  https download succeed
2020-05-19T11:00:02 prefetch.2.10.0: 16) 'ncbi-acc:CM000677.1?vdb-ctx=refseq' was downloaded successfully
2020-05-19T11:00:02 prefetch.2.10.0: 17) Downloading 'ncbi-acc:CM000678.1?vdb-ctx=refseq'...
2020-05-19T11:00:02 prefetch.2.10.0:  Downloading via https...
2020-05-19T11:00:18 prefetch.2.10.0:  https download succeed
2020-05-19T11:00:18 prefetch.2.10.0: 17) 'ncbi-acc:CM000678.1?vdb-ctx=refseq' was downloaded successfully
2020-05-19T11:00:18 prefetch.2.10.0: 18) Downloading 'ncbi-acc:CM000679.1?vdb-ctx=refseq'...
2020-05-19T11:00:18 prefetch.2.10.0:  Downloading via https...
2020-05-19T11:00:34 prefetch.2.10.0:  https download succeed
2020-05-19T11:00:34 prefetch.2.10.0: 18) 'ncbi-acc:CM000679.1?vdb-ctx=refseq' was downloaded successfully
2020-05-19T11:00:34 prefetch.2.10.0: 19) Downloading 'ncbi-acc:CM000680.1?vdb-ctx=refseq'...
2020-05-19T11:00:34 prefetch.2.10.0:  Downloading via https...
2020-05-19T11:01:00 prefetch.2.10.0:  https download succeed
2020-05-19T11:01:00 prefetch.2.10.0: 19) 'ncbi-acc:CM000680.1?vdb-ctx=refseq' was downloaded successfully
2020-05-19T11:01:01 prefetch.2.10.0: 20) Downloading 'ncbi-acc:CM000681.1?vdb-ctx=refseq'...
2020-05-19T11:01:01 prefetch.2.10.0:  Downloading via https...
2020-05-19T11:04:33 prefetch.2.10.0 int: connection failed while opening file within cryptographic module - Cannot KNSManagerMakeClientRequest: https://sra-download.ncbi.nlm.nih.gov/traces/refseq/CM000681.1
2020-05-19T11:04:33 prefetch.2.10.0:  https download failed
2020-05-19T11:04:33 prefetch.2.10.0: 20) failed to download ncbi-acc:CM000681.1?vdb-ctx=refseq
Done.
Dumping fastq file for SRR1602481
2020-05-19T12:50:26 fastq-dump.2.10.0 err: connection failed while opening file within cryptographic module - error with https open 'https://sra-download.ncbi.nlm.nih.gov/traces/refseq/CM000681.1'
2020-05-19T13:16:12 fastq-dump.2.10.0 err: connection failed while opening file within cryptographic module - error with https open 'https://sra-download.ncbi.nlm.nih.gov/traces/refseq/CM000681.1'
2020-05-19T13:44:33 fastq-dump.2.10.0 err: connection failed while opening file within cryptographic module - error with https open 'https://sra-download.ncbi.nlm.nih.gov/traces/refseq/CM000681.1'
2020-05-19T21:21:37 fastq-dump.2.10.0 err: connection failed while opening file within cryptographic module - error with https open 'https://sra-download.ncbi.nlm.nih.gov/traces/refseq/NC_007605.1'
2020-05-19T21:22:17 fastq-dump.2.10.0 err: directory not found while opening manager within virtual file system module - failed SRR1602481

=============================================================
An error occurred during processing.
A report was generated into the file '/rhome/arajewski/ncbi_error_report.txt'.
If the problem persists, you may consider sending the file
to 'sra-tools@ncbi.nlm.nih.gov' for assistance.
=============================================================

Done.
