Prefetching SRR1582498...

2020-05-11T02:43:37 prefetch.2.10.0 warn: Maximum file size download limit is 20GB 
2020-05-11T02:43:37 prefetch.2.10.0: 1) 'SRR1582498' (28GB) is larger than maximum allowed: skipped 
2020-05-11T02:43:37 prefetch.2.10.0: 1) Downloading 'SRR1582498.vdbcache'...
2020-05-11T02:43:37 prefetch.2.10.0:  Downloading via https...
2020-05-11T02:57:06 prefetch.2.10.0:  https download succeed
2020-05-11T02:57:06 prefetch.2.10.0: 1) 'SRR1582498.vdbcache' was downloaded successfully

Download of some files was skipped because they are too large
You can change size download limit by setting
--min-size and --max-size command line arguments
Done.
Dumping fastq file for SRR1582498
2020-05-11T03:29:06 fastq-dump.2.10.0 err: timeout exhausted while waiting condition within process system module - failed SRR1582498

=============================================================
An error occurred during processing.
A report was generated into the file '/rhome/arajewski/ncbi_error_report.txt'.
If the problem persists, you may consider sending the file
to 'sra-tools@ncbi.nlm.nih.gov' for assistance.
=============================================================

Done.
