Prefetching SRR1602476...

2020-05-19T10:00:18 prefetch.2.10.0: 1) Downloading 'SRR1602476'...
2020-05-19T10:00:18 prefetch.2.10.0:  Downloading via https...
2020-05-19T11:57:07 prefetch.2.10.0:  https download succeed
2020-05-19T11:57:07 prefetch.2.10.0: 1,2) Downloading 'SRR1602476.vdbcache'...
2020-05-19T11:57:07 prefetch.2.10.0:  Downloading via https...
2020-05-19T11:58:28 prefetch.2.10.0:  https download succeed
2020-05-19T11:58:28 prefetch.2.10.0: 1.2) 'SRR1602476.vdbcache' was downloaded successfully
2020-05-19T11:58:28 prefetch.2.10.0: 1) 'SRR1602476' was downloaded successfully
2020-05-19T11:58:54 prefetch.2.10.0: 'SRR1602476' has 86 unresolved dependencies
2020-05-19T11:58:54 prefetch.2.10.0: 2) Downloading 'ncbi-acc:CM000663.1?vdb-ctx=refseq'...
2020-05-19T11:58:54 prefetch.2.10.0:  Downloading via https...
2020-05-19T11:59:07 prefetch.2.10.0:  https download succeed
2020-05-19T11:59:07 prefetch.2.10.0: 2) 'ncbi-acc:CM000663.1?vdb-ctx=refseq' was downloaded successfully
2020-05-19T11:59:07 prefetch.2.10.0: 3) Downloading 'ncbi-acc:CM000664.1?vdb-ctx=refseq'...
2020-05-19T11:59:07 prefetch.2.10.0:  Downloading via https...
2020-05-19T11:59:29 prefetch.2.10.0:  https download succeed
2020-05-19T11:59:29 prefetch.2.10.0: 3) 'ncbi-acc:CM000664.1?vdb-ctx=refseq' was downloaded successfully
2020-05-19T11:59:29 prefetch.2.10.0: 4) Downloading 'ncbi-acc:CM000665.1?vdb-ctx=refseq'...
2020-05-19T11:59:29 prefetch.2.10.0:  Downloading via https...
2020-05-19T11:59:42 prefetch.2.10.0:  https download succeed
2020-05-19T11:59:42 prefetch.2.10.0: 4) 'ncbi-acc:CM000665.1?vdb-ctx=refseq' was downloaded successfully
2020-05-19T11:59:42 prefetch.2.10.0: 5) Downloading 'ncbi-acc:CM000666.1?vdb-ctx=refseq'...
2020-05-19T11:59:42 prefetch.2.10.0:  Downloading via https...
2020-05-19T12:00:04 prefetch.2.10.0:  https download succeed
2020-05-19T12:00:04 prefetch.2.10.0: 5) 'ncbi-acc:CM000666.1?vdb-ctx=refseq' was downloaded successfully
2020-05-19T12:00:04 prefetch.2.10.0: 6) Downloading 'ncbi-acc:CM000667.1?vdb-ctx=refseq'...
2020-05-19T12:00:04 prefetch.2.10.0:  Downloading via https...
2020-05-19T12:00:24 prefetch.2.10.0:  https download succeed
2020-05-19T12:00:24 prefetch.2.10.0: 6) 'ncbi-acc:CM000667.1?vdb-ctx=refseq' was downloaded successfully
2020-05-19T12:00:24 prefetch.2.10.0: 7) Downloading 'ncbi-acc:CM000668.1?vdb-ctx=refseq'...
2020-05-19T12:00:24 prefetch.2.10.0:  Downloading via https...
2020-05-19T12:00:45 prefetch.2.10.0:  https download succeed
2020-05-19T12:00:45 prefetch.2.10.0: 7) 'ncbi-acc:CM000668.1?vdb-ctx=refseq' was downloaded successfully
2020-05-19T12:00:45 prefetch.2.10.0: 8) Downloading 'ncbi-acc:CM000669.1?vdb-ctx=refseq'...
2020-05-19T12:00:45 prefetch.2.10.0:  Downloading via https...
2020-05-19T12:00:59 prefetch.2.10.0:  https download succeed
2020-05-19T12:00:59 prefetch.2.10.0: 8) 'ncbi-acc:CM000669.1?vdb-ctx=refseq' was downloaded successfully
2020-05-19T12:00:59 prefetch.2.10.0: 9) Downloading 'ncbi-acc:CM000670.1?vdb-ctx=refseq'...
2020-05-19T12:00:59 prefetch.2.10.0:  Downloading via https...
2020-05-19T12:04:33 prefetch.2.10.0 int: connection failed while opening file within cryptographic module - Cannot KNSManagerMakeClientRequest: https://sra-download.ncbi.nlm.nih.gov/traces/refseq/CM000670.1
2020-05-19T12:04:33 prefetch.2.10.0:  https download failed
2020-05-19T12:04:33 prefetch.2.10.0: 9) failed to download ncbi-acc:CM000670.1?vdb-ctx=refseq
Done.
Dumping fastq file for SRR1602476
2020-05-19T21:23:06 fastq-dump.2.10.0 err: connection failed while opening file within cryptographic module - error with https open 'https://sra-download.ncbi.nlm.nih.gov/traces/refseq/CM000673.1'
2020-05-19T21:28:28 fastq-dump.2.10.0 err: connection failed while opening file within cryptographic module - error with https open 'https://sra-download.ncbi.nlm.nih.gov/traces/refseq/CM000671.1'
2020-05-19T21:33:30 fastq-dump.2.10.0 err: connection failed while opening file within cryptographic module - error with https open 'https://sra-download.ncbi.nlm.nih.gov/traces/refseq/CM000673.1'
2020-05-19T21:51:11 fastq-dump.2.10.0 err: connection failed while opening file within cryptographic module - error with https open 'https://sra-download.ncbi.nlm.nih.gov/traces/refseq/CM000673.1'
slurmstepd-i37: error: *** JOB 1142049 ON i37 CANCELLED AT 2020-05-19T15:00:17 DUE TO TIME LIMIT ***
