Prefetching SRR1596791...

2020-05-21T00:18:46 prefetch.2.10.0: 1) Downloading 'SRR1596791'...
2020-05-21T00:18:47 prefetch.2.10.0:  Downloading via https...
2020-05-21T02:47:42 prefetch.2.10.0:  https download succeed
2020-05-21T02:47:42 prefetch.2.10.0: 1,2) Downloading 'SRR1596791.vdbcache'...
2020-05-21T02:47:42 prefetch.2.10.0:  Downloading via https...
2020-05-21T02:49:55 prefetch.2.10.0:  https download succeed
2020-05-21T02:49:55 prefetch.2.10.0: 1.2) 'SRR1596791.vdbcache' was downloaded successfully
2020-05-21T02:49:55 prefetch.2.10.0: 1) 'SRR1596791' was downloaded successfully
2020-05-21T02:50:22 prefetch.2.10.0: 'SRR1596791' has 86 unresolved dependencies
2020-05-21T02:50:22 prefetch.2.10.0: 2) Downloading 'ncbi-acc:CM000663.1?vdb-ctx=refseq'...
2020-05-21T02:50:22 prefetch.2.10.0:  Downloading via https...
2020-05-21T02:52:35 prefetch.2.10.0:  https download succeed
2020-05-21T02:52:35 prefetch.2.10.0: 2) 'ncbi-acc:CM000663.1?vdb-ctx=refseq' was downloaded successfully
2020-05-21T02:52:35 prefetch.2.10.0: 3) Downloading 'ncbi-acc:CM000664.1?vdb-ctx=refseq'...
2020-05-21T02:52:35 prefetch.2.10.0:  Downloading via https...
2020-05-21T02:53:52 prefetch.2.10.0:  https download succeed
2020-05-21T02:53:52 prefetch.2.10.0: 3) 'ncbi-acc:CM000664.1?vdb-ctx=refseq' was downloaded successfully
2020-05-21T02:53:52 prefetch.2.10.0: 4) Downloading 'ncbi-acc:CM000665.1?vdb-ctx=refseq'...
2020-05-21T02:53:52 prefetch.2.10.0:  Downloading via https...
2020-05-21T02:58:56 prefetch.2.10.0 int: timeout exhausted while reading file within network system module - Cannot KStreamRead: https://sra-download.ncbi.nlm.nih.gov/traces/refseq/CM000665.1
2020-05-21T02:58:56 prefetch.2.10.0:  https download failed
2020-05-21T02:58:56 prefetch.2.10.0: 4) failed to download ncbi-acc:CM000665.1?vdb-ctx=refseq
Done.
Dumping fastq file for SRR1596791
2020-05-21T03:42:17 fastq-dump.2.10.0 err: data corrupt while selecting function within transform module - failed SRR1596791

=============================================================
An error occurred during processing.
A report was generated into the file '/rhome/arajewski/ncbi_error_report.txt'.
If the problem persists, you may consider sending the file
to 'sra-tools@ncbi.nlm.nih.gov' for assistance.
=============================================================

Done.
