Prefetching SRR1604534...

2020-05-19T11:31:37 prefetch.2.10.0: 1) Downloading 'SRR1604534'...
2020-05-19T11:31:37 prefetch.2.10.0:  Downloading via https...
2020-05-19T12:57:01 prefetch.2.10.0:  https download succeed
2020-05-19T12:57:01 prefetch.2.10.0: 1,2) Downloading 'SRR1604534.vdbcache'...
2020-05-19T12:57:01 prefetch.2.10.0:  Downloading via https...
2020-05-19T12:59:43 prefetch.2.10.0:  https download succeed
2020-05-19T12:59:43 prefetch.2.10.0: 1.2) 'SRR1604534.vdbcache' was downloaded successfully
2020-05-19T12:59:43 prefetch.2.10.0: 1) 'SRR1604534' was downloaded successfully
2020-05-19T13:00:09 prefetch.2.10.0: 'SRR1604534' has 86 unresolved dependencies
2020-05-19T13:00:09 prefetch.2.10.0: 2) Downloading 'ncbi-acc:CM000663.1?vdb-ctx=refseq'...
2020-05-19T13:00:09 prefetch.2.10.0:  Downloading via https...
2020-05-19T13:00:22 prefetch.2.10.0:  https download succeed
2020-05-19T13:00:22 prefetch.2.10.0: 2) 'ncbi-acc:CM000663.1?vdb-ctx=refseq' was downloaded successfully
2020-05-19T13:00:22 prefetch.2.10.0: 3) Downloading 'ncbi-acc:CM000664.1?vdb-ctx=refseq'...
2020-05-19T13:00:22 prefetch.2.10.0:  Downloading via https...
2020-05-19T13:00:43 prefetch.2.10.0:  https download succeed
2020-05-19T13:00:43 prefetch.2.10.0: 3) 'ncbi-acc:CM000664.1?vdb-ctx=refseq' was downloaded successfully
2020-05-19T13:00:43 prefetch.2.10.0: 4) Downloading 'ncbi-acc:CM000665.1?vdb-ctx=refseq'...
2020-05-19T13:00:43 prefetch.2.10.0:  Downloading via https...
2020-05-19T13:01:03 prefetch.2.10.0:  https download succeed
2020-05-19T13:01:03 prefetch.2.10.0: 4) 'ncbi-acc:CM000665.1?vdb-ctx=refseq' was downloaded successfully
2020-05-19T13:01:03 prefetch.2.10.0: 5) Downloading 'ncbi-acc:CM000666.1?vdb-ctx=refseq'...
2020-05-19T13:01:03 prefetch.2.10.0:  Downloading via https...
2020-05-19T13:01:18 prefetch.2.10.0:  https download succeed
2020-05-19T13:01:18 prefetch.2.10.0: 5) 'ncbi-acc:CM000666.1?vdb-ctx=refseq' was downloaded successfully
2020-05-19T13:01:18 prefetch.2.10.0: 6) Downloading 'ncbi-acc:CM000667.1?vdb-ctx=refseq'...
2020-05-19T13:01:18 prefetch.2.10.0:  Downloading via https...
2020-05-19T13:01:36 prefetch.2.10.0:  https download succeed
2020-05-19T13:01:36 prefetch.2.10.0: 6) 'ncbi-acc:CM000667.1?vdb-ctx=refseq' was downloaded successfully
2020-05-19T13:01:36 prefetch.2.10.0: 7) Downloading 'ncbi-acc:CM000668.1?vdb-ctx=refseq'...
2020-05-19T13:01:36 prefetch.2.10.0:  Downloading via https...
2020-05-19T13:01:44 prefetch.2.10.0:  https download succeed
2020-05-19T13:01:44 prefetch.2.10.0: 7) 'ncbi-acc:CM000668.1?vdb-ctx=refseq' was downloaded successfully
2020-05-19T13:01:44 prefetch.2.10.0: 8) Downloading 'ncbi-acc:CM000669.1?vdb-ctx=refseq'...
2020-05-19T13:01:44 prefetch.2.10.0:  Downloading via https...
2020-05-19T13:01:53 prefetch.2.10.0:  https download succeed
2020-05-19T13:01:53 prefetch.2.10.0: 8) 'ncbi-acc:CM000669.1?vdb-ctx=refseq' was downloaded successfully
2020-05-19T13:01:53 prefetch.2.10.0: 9) Downloading 'ncbi-acc:CM000670.1?vdb-ctx=refseq'...
2020-05-19T13:01:53 prefetch.2.10.0:  Downloading via https...
2020-05-19T13:02:03 prefetch.2.10.0:  https download succeed
2020-05-19T13:02:03 prefetch.2.10.0: 9) 'ncbi-acc:CM000670.1?vdb-ctx=refseq' was downloaded successfully
2020-05-19T13:02:03 prefetch.2.10.0: 10) Downloading 'ncbi-acc:CM000671.1?vdb-ctx=refseq'...
2020-05-19T13:02:03 prefetch.2.10.0:  Downloading via https...
2020-05-19T13:02:19 prefetch.2.10.0:  https download succeed
2020-05-19T13:02:19 prefetch.2.10.0: 10) 'ncbi-acc:CM000671.1?vdb-ctx=refseq' was downloaded successfully
2020-05-19T13:02:19 prefetch.2.10.0: 11) Downloading 'ncbi-acc:CM000672.1?vdb-ctx=refseq'...
2020-05-19T13:02:19 prefetch.2.10.0:  Downloading via https...
2020-05-19T13:04:34 prefetch.2.10.0 int: connection failed while opening file within cryptographic module - Cannot KNSManagerMakeClientRequest: https://sra-download.ncbi.nlm.nih.gov/traces/refseq/CM000672.1
2020-05-19T13:04:34 prefetch.2.10.0:  https download failed
2020-05-19T13:04:34 prefetch.2.10.0: 11) failed to download ncbi-acc:CM000672.1?vdb-ctx=refseq
Done.
Dumping fastq file for SRR1604534
2020-05-19T19:19:55 fastq-dump.2.10.0 err: connection failed while opening file within cryptographic module - error with https open 'https://sra-download.ncbi.nlm.nih.gov/traces/refseq/CM000673.1'
2020-05-19T19:42:14 fastq-dump.2.10.0 err: connection failed while opening file within cryptographic module - error with https open 'https://sra-download.ncbi.nlm.nih.gov/traces/refseq/CM000672.1'
2020-05-19T21:29:26 fastq-dump.2.10.0 err: connection failed while opening file within cryptographic module - error with https open 'https://sra-download.ncbi.nlm.nih.gov/traces/refseq/CM000673.1'
slurmstepd-i01: error: *** JOB 1142095 ON i01 CANCELLED AT 2020-05-19T16:31:55 DUE TO TIME LIMIT ***
