Prefetching SRR1604552...

2020-05-19T11:36:39 prefetch.2.10.0: 1) Downloading 'SRR1604552'...
2020-05-19T11:36:39 prefetch.2.10.0:  Downloading via https...
2020-05-19T11:57:44 prefetch.2.10.0:  https download succeed
2020-05-19T11:57:44 prefetch.2.10.0: 1,2) Downloading 'SRR1604552.vdbcache'...
2020-05-19T11:57:44 prefetch.2.10.0:  Downloading via https...
2020-05-19T11:58:30 prefetch.2.10.0:  https download succeed
2020-05-19T11:58:30 prefetch.2.10.0: 1.2) 'SRR1604552.vdbcache' was downloaded successfully
2020-05-19T11:58:30 prefetch.2.10.0: 1) 'SRR1604552' was downloaded successfully
2020-05-19T11:58:56 prefetch.2.10.0: 'SRR1604552' has 86 unresolved dependencies
2020-05-19T11:58:56 prefetch.2.10.0: 2) Downloading 'ncbi-acc:CM000663.1?vdb-ctx=refseq'...
2020-05-19T11:58:56 prefetch.2.10.0:  Downloading via https...
2020-05-19T11:59:17 prefetch.2.10.0:  https download succeed
2020-05-19T11:59:17 prefetch.2.10.0: 2) 'ncbi-acc:CM000663.1?vdb-ctx=refseq' was downloaded successfully
2020-05-19T11:59:17 prefetch.2.10.0: 3) Downloading 'ncbi-acc:CM000664.1?vdb-ctx=refseq'...
2020-05-19T11:59:17 prefetch.2.10.0:  Downloading via https...
2020-05-19T11:59:37 prefetch.2.10.0:  https download succeed
2020-05-19T11:59:37 prefetch.2.10.0: 3) 'ncbi-acc:CM000664.1?vdb-ctx=refseq' was downloaded successfully
2020-05-19T11:59:37 prefetch.2.10.0: 4) Downloading 'ncbi-acc:CM000665.1?vdb-ctx=refseq'...
2020-05-19T11:59:37 prefetch.2.10.0:  Downloading via https...
2020-05-19T11:59:57 prefetch.2.10.0:  https download succeed
2020-05-19T11:59:57 prefetch.2.10.0: 4) 'ncbi-acc:CM000665.1?vdb-ctx=refseq' was downloaded successfully
2020-05-19T11:59:57 prefetch.2.10.0: 5) Downloading 'ncbi-acc:CM000666.1?vdb-ctx=refseq'...
2020-05-19T11:59:57 prefetch.2.10.0:  Downloading via https...
2020-05-19T12:00:22 prefetch.2.10.0:  https download succeed
2020-05-19T12:00:22 prefetch.2.10.0: 5) 'ncbi-acc:CM000666.1?vdb-ctx=refseq' was downloaded successfully
2020-05-19T12:00:22 prefetch.2.10.0: 6) Downloading 'ncbi-acc:CM000667.1?vdb-ctx=refseq'...
2020-05-19T12:00:22 prefetch.2.10.0:  Downloading via https...
2020-05-19T12:00:39 prefetch.2.10.0:  https download succeed
2020-05-19T12:00:39 prefetch.2.10.0: 6) 'ncbi-acc:CM000667.1?vdb-ctx=refseq' was downloaded successfully
2020-05-19T12:00:39 prefetch.2.10.0: 7) Downloading 'ncbi-acc:CM000668.1?vdb-ctx=refseq'...
2020-05-19T12:00:39 prefetch.2.10.0:  Downloading via https...
2020-05-19T12:00:55 prefetch.2.10.0:  https download succeed
2020-05-19T12:00:55 prefetch.2.10.0: 7) 'ncbi-acc:CM000668.1?vdb-ctx=refseq' was downloaded successfully
2020-05-19T12:00:55 prefetch.2.10.0: 8) Downloading 'ncbi-acc:CM000669.1?vdb-ctx=refseq'...
2020-05-19T12:00:55 prefetch.2.10.0:  Downloading via https...
2020-05-19T12:04:33 prefetch.2.10.0 int: connection failed while opening file within cryptographic module - Cannot KNSManagerMakeClientRequest: https://sra-download.ncbi.nlm.nih.gov/traces/refseq/CM000669.1
2020-05-19T12:04:33 prefetch.2.10.0:  https download failed
2020-05-19T12:04:33 prefetch.2.10.0: 8) failed to download ncbi-acc:CM000669.1?vdb-ctx=refseq
Done.
Dumping fastq file for SRR1604552
2020-05-19T12:34:33 fastq-dump.2.10.0 err: connection failed while opening file within cryptographic module - error with https open 'https://sra-download.ncbi.nlm.nih.gov/traces/refseq/CM000669.1'
2020-05-19T13:10:32 fastq-dump.2.10.0 err: connection failed while opening file within cryptographic module - error with https open 'https://sra-download.ncbi.nlm.nih.gov/traces/refseq/CM000669.1'
2020-05-19T13:14:34 fastq-dump.2.10.0 err: connection failed while opening file within cryptographic module - error with https open 'https://sra-download.ncbi.nlm.nih.gov/traces/refseq/CM000669.1'
2020-05-19T14:00:19 fastq-dump.2.10.0 err: connection failed while opening file within cryptographic module - error with https open 'https://sra-download.ncbi.nlm.nih.gov/traces/refseq/CM000670.1'
2020-05-19T21:23:07 fastq-dump.2.10.0 err: connection failed while opening file within cryptographic module - error with https open 'https://sra-download.ncbi.nlm.nih.gov/traces/refseq/CM000669.1'
2020-05-19T21:29:26 fastq-dump.2.10.0 err: connection failed while opening file within cryptographic module - error with https open 'https://sra-download.ncbi.nlm.nih.gov/traces/refseq/CM000674.1'
2020-05-19T22:06:36 fastq-dump.2.10.0 err: connection failed while opening file within cryptographic module - error with https open 'https://sra-download.ncbi.nlm.nih.gov/traces/refseq/CM000673.1'
2020-05-19T22:57:18 fastq-dump.2.10.0 err: connection failed while opening file within cryptographic module - error with https open 'https://sra-download.ncbi.nlm.nih.gov/traces/refseq/CM000674.1'
2020-05-19T23:07:37 fastq-dump.2.10.0 err: connection failed while opening file within cryptographic module - error with https open 'https://sra-download.ncbi.nlm.nih.gov/traces/refseq/CM000670.1'
2020-05-19T23:16:57 fastq-dump.2.10.0 err: connection failed while opening file within cryptographic module - error with https open 'https://sra-download.ncbi.nlm.nih.gov/traces/refseq/CM000671.1'
slurmstepd-i01: error: *** JOB 1142099 ON i01 CANCELLED AT 2020-05-19T16:37:03 DUE TO TIME LIMIT ***
