Prefetching SRR1604543...

2020-05-19T11:32:37 prefetch.2.10.0: 1) Downloading 'SRR1604543'...
2020-05-19T11:32:37 prefetch.2.10.0:  Downloading via https...
2020-05-19T12:32:21 prefetch.2.10.0:  https download succeed
2020-05-19T12:32:21 prefetch.2.10.0: 1,2) Downloading 'SRR1604543.vdbcache'...
2020-05-19T12:32:21 prefetch.2.10.0:  Downloading via https...
2020-05-19T12:33:34 prefetch.2.10.0:  https download succeed
2020-05-19T12:33:34 prefetch.2.10.0: 1.2) 'SRR1604543.vdbcache' was downloaded successfully
2020-05-19T12:33:34 prefetch.2.10.0: 1) 'SRR1604543' was downloaded successfully
2020-05-19T12:34:01 prefetch.2.10.0: 'SRR1604543' has 86 unresolved dependencies
2020-05-19T12:34:01 prefetch.2.10.0: 2) Downloading 'ncbi-acc:CM000663.1?vdb-ctx=refseq'...
2020-05-19T12:34:01 prefetch.2.10.0:  Downloading via https...
2020-05-19T12:34:17 prefetch.2.10.0:  https download succeed
2020-05-19T12:34:17 prefetch.2.10.0: 2) 'ncbi-acc:CM000663.1?vdb-ctx=refseq' was downloaded successfully
2020-05-19T12:34:17 prefetch.2.10.0: 3) Downloading 'ncbi-acc:CM000664.1?vdb-ctx=refseq'...
2020-05-19T12:34:17 prefetch.2.10.0:  Downloading via https...
2020-05-19T12:34:35 prefetch.2.10.0:  https download succeed
2020-05-19T12:34:35 prefetch.2.10.0: 3) 'ncbi-acc:CM000664.1?vdb-ctx=refseq' was downloaded successfully
2020-05-19T12:34:35 prefetch.2.10.0: 4) Downloading 'ncbi-acc:CM000665.1?vdb-ctx=refseq'...
2020-05-19T12:34:35 prefetch.2.10.0:  Downloading via https...
2020-05-19T12:34:52 prefetch.2.10.0:  https download succeed
2020-05-19T12:34:52 prefetch.2.10.0: 4) 'ncbi-acc:CM000665.1?vdb-ctx=refseq' was downloaded successfully
2020-05-19T12:34:52 prefetch.2.10.0: 5) Downloading 'ncbi-acc:CM000666.1?vdb-ctx=refseq'...
2020-05-19T12:34:52 prefetch.2.10.0:  Downloading via https...
2020-05-19T12:35:08 prefetch.2.10.0:  https download succeed
2020-05-19T12:35:08 prefetch.2.10.0: 5) 'ncbi-acc:CM000666.1?vdb-ctx=refseq' was downloaded successfully
2020-05-19T12:35:08 prefetch.2.10.0: 6) Downloading 'ncbi-acc:CM000667.1?vdb-ctx=refseq'...
2020-05-19T12:35:08 prefetch.2.10.0:  Downloading via https...
2020-05-19T12:35:28 prefetch.2.10.0:  https download succeed
2020-05-19T12:35:28 prefetch.2.10.0: 6) 'ncbi-acc:CM000667.1?vdb-ctx=refseq' was downloaded successfully
2020-05-19T12:35:28 prefetch.2.10.0: 7) Downloading 'ncbi-acc:CM000668.1?vdb-ctx=refseq'...
2020-05-19T12:35:28 prefetch.2.10.0:  Downloading via https...
2020-05-19T12:35:48 prefetch.2.10.0:  https download succeed
2020-05-19T12:35:48 prefetch.2.10.0: 7) 'ncbi-acc:CM000668.1?vdb-ctx=refseq' was downloaded successfully
2020-05-19T12:35:48 prefetch.2.10.0: 8) Downloading 'ncbi-acc:CM000669.1?vdb-ctx=refseq'...
2020-05-19T12:35:48 prefetch.2.10.0:  Downloading via https...
2020-05-19T12:36:03 prefetch.2.10.0:  https download succeed
2020-05-19T12:36:03 prefetch.2.10.0: 8) 'ncbi-acc:CM000669.1?vdb-ctx=refseq' was downloaded successfully
2020-05-19T12:36:03 prefetch.2.10.0: 9) Downloading 'ncbi-acc:CM000670.1?vdb-ctx=refseq'...
2020-05-19T12:36:03 prefetch.2.10.0:  Downloading via https...
2020-05-19T12:36:22 prefetch.2.10.0:  https download succeed
2020-05-19T12:36:22 prefetch.2.10.0: 9) 'ncbi-acc:CM000670.1?vdb-ctx=refseq' was downloaded successfully
2020-05-19T12:36:22 prefetch.2.10.0: 10) Downloading 'ncbi-acc:CM000671.1?vdb-ctx=refseq'...
2020-05-19T12:36:22 prefetch.2.10.0:  Downloading via https...
2020-05-19T12:36:32 prefetch.2.10.0:  https download succeed
2020-05-19T12:36:32 prefetch.2.10.0: 10) 'ncbi-acc:CM000671.1?vdb-ctx=refseq' was downloaded successfully
2020-05-19T12:36:33 prefetch.2.10.0: 11) Downloading 'ncbi-acc:CM000672.1?vdb-ctx=refseq'...
2020-05-19T12:36:33 prefetch.2.10.0:  Downloading via https...
2020-05-19T12:42:12 prefetch.2.10.0 int: connection failed while opening file within cryptographic module - Cannot KNSManagerMakeClientRequest: https://sra-download.ncbi.nlm.nih.gov/traces/refseq/CM000672.1
2020-05-19T12:42:12 prefetch.2.10.0:  https download failed
2020-05-19T12:42:12 prefetch.2.10.0: 11) failed to download ncbi-acc:CM000672.1?vdb-ctx=refseq
Done.
Dumping fastq file for SRR1604543
2020-05-19T21:19:35 fastq-dump.2.10.0 err: connection failed while opening file within cryptographic module - error with https open 'https://sra-download.ncbi.nlm.nih.gov/traces/refseq/CM000674.1'
2020-05-19T21:34:29 fastq-dump.2.10.0 err: connection failed while opening file within cryptographic module - error with https open 'https://sra-download.ncbi.nlm.nih.gov/traces/refseq/CM000675.1'
2020-05-19T21:42:37 fastq-dump.2.10.0 err: connection failed while opening file within cryptographic module - error with https open 'https://sra-download.ncbi.nlm.nih.gov/traces/refseq/CM000672.1'
2020-05-19T21:48:02 fastq-dump.2.10.0 err: connection failed while opening file within cryptographic module - error with https open 'https://sra-download.ncbi.nlm.nih.gov/traces/refseq/CM000674.1'
2020-05-19T22:16:37 fastq-dump.2.10.0 err: connection failed while opening file within cryptographic module - error with https open 'https://sra-download.ncbi.nlm.nih.gov/traces/refseq/CM000672.1'
slurmstepd-i22: error: *** JOB 1142097 ON i22 CANCELLED AT 2020-05-19T16:32:57 DUE TO TIME LIMIT ***
