Prefetching SRR1599398...

2020-05-19T04:48:27 prefetch.2.10.0: 1) Downloading 'SRR1599398'...
2020-05-19T04:48:27 prefetch.2.10.0:  Downloading via https...
2020-05-19T05:04:16 prefetch.2.10.0:  https download succeed
2020-05-19T05:04:16 prefetch.2.10.0: 1,2) Downloading 'SRR1599398.vdbcache'...
2020-05-19T05:04:16 prefetch.2.10.0:  Downloading via https...
2020-05-19T05:05:07 prefetch.2.10.0:  https download succeed
2020-05-19T05:05:07 prefetch.2.10.0: 1.2) 'SRR1599398.vdbcache' was downloaded successfully
2020-05-19T05:05:07 prefetch.2.10.0: 1) 'SRR1599398' was downloaded successfully
2020-05-19T05:05:34 prefetch.2.10.0: 'SRR1599398' has 86 unresolved dependencies
2020-05-19T05:05:34 prefetch.2.10.0: 2) Downloading 'ncbi-acc:CM000663.1?vdb-ctx=refseq'...
2020-05-19T05:05:34 prefetch.2.10.0:  Downloading via https...
2020-05-19T05:05:51 prefetch.2.10.0:  https download succeed
2020-05-19T05:05:51 prefetch.2.10.0: 2) 'ncbi-acc:CM000663.1?vdb-ctx=refseq' was downloaded successfully
2020-05-19T05:05:51 prefetch.2.10.0: 3) Downloading 'ncbi-acc:CM000664.1?vdb-ctx=refseq'...
2020-05-19T05:05:51 prefetch.2.10.0:  Downloading via https...
2020-05-19T05:06:03 prefetch.2.10.0:  https download succeed
2020-05-19T05:06:03 prefetch.2.10.0: 3) 'ncbi-acc:CM000664.1?vdb-ctx=refseq' was downloaded successfully
2020-05-19T05:06:03 prefetch.2.10.0: 4) Downloading 'ncbi-acc:CM000665.1?vdb-ctx=refseq'...
2020-05-19T05:06:03 prefetch.2.10.0:  Downloading via https...
2020-05-19T05:06:16 prefetch.2.10.0:  https download succeed
2020-05-19T05:06:16 prefetch.2.10.0: 4) 'ncbi-acc:CM000665.1?vdb-ctx=refseq' was downloaded successfully
2020-05-19T05:06:17 prefetch.2.10.0: 5) Downloading 'ncbi-acc:CM000666.1?vdb-ctx=refseq'...
2020-05-19T05:06:17 prefetch.2.10.0:  Downloading via https...
2020-05-19T05:06:29 prefetch.2.10.0:  https download succeed
2020-05-19T05:06:29 prefetch.2.10.0: 5) 'ncbi-acc:CM000666.1?vdb-ctx=refseq' was downloaded successfully
2020-05-19T05:06:29 prefetch.2.10.0: 6) Downloading 'ncbi-acc:CM000667.1?vdb-ctx=refseq'...
2020-05-19T05:06:29 prefetch.2.10.0:  Downloading via https...
2020-05-19T05:06:44 prefetch.2.10.0:  https download succeed
2020-05-19T05:06:44 prefetch.2.10.0: 6) 'ncbi-acc:CM000667.1?vdb-ctx=refseq' was downloaded successfully
2020-05-19T05:06:44 prefetch.2.10.0: 7) Downloading 'ncbi-acc:CM000668.1?vdb-ctx=refseq'...
2020-05-19T05:06:44 prefetch.2.10.0:  Downloading via https...
2020-05-19T05:06:54 prefetch.2.10.0:  https download succeed
2020-05-19T05:06:54 prefetch.2.10.0: 7) 'ncbi-acc:CM000668.1?vdb-ctx=refseq' was downloaded successfully
2020-05-19T05:06:54 prefetch.2.10.0: 8) Downloading 'ncbi-acc:CM000669.1?vdb-ctx=refseq'...
2020-05-19T05:06:54 prefetch.2.10.0:  Downloading via https...
2020-05-19T05:07:05 prefetch.2.10.0:  https download succeed
2020-05-19T05:07:05 prefetch.2.10.0: 8) 'ncbi-acc:CM000669.1?vdb-ctx=refseq' was downloaded successfully
2020-05-19T05:07:05 prefetch.2.10.0: 9) Downloading 'ncbi-acc:CM000670.1?vdb-ctx=refseq'...
2020-05-19T05:07:05 prefetch.2.10.0:  Downloading via https...
2020-05-19T05:07:15 prefetch.2.10.0:  https download succeed
2020-05-19T05:07:15 prefetch.2.10.0: 9) 'ncbi-acc:CM000670.1?vdb-ctx=refseq' was downloaded successfully
2020-05-19T05:07:15 prefetch.2.10.0: 10) Downloading 'ncbi-acc:CM000671.1?vdb-ctx=refseq'...
2020-05-19T05:07:15 prefetch.2.10.0:  Downloading via https...
2020-05-19T05:07:25 prefetch.2.10.0:  https download succeed
2020-05-19T05:07:25 prefetch.2.10.0: 10) 'ncbi-acc:CM000671.1?vdb-ctx=refseq' was downloaded successfully
2020-05-19T05:07:25 prefetch.2.10.0: 11) Downloading 'ncbi-acc:CM000672.1?vdb-ctx=refseq'...
2020-05-19T05:07:25 prefetch.2.10.0:  Downloading via https...
2020-05-19T05:07:39 prefetch.2.10.0:  https download succeed
2020-05-19T05:07:39 prefetch.2.10.0: 11) 'ncbi-acc:CM000672.1?vdb-ctx=refseq' was downloaded successfully
2020-05-19T05:07:39 prefetch.2.10.0: 12) Downloading 'ncbi-acc:CM000673.1?vdb-ctx=refseq'...
2020-05-19T05:07:39 prefetch.2.10.0:  Downloading via https...
2020-05-19T05:14:42 prefetch.2.10.0:  https download succeed
2020-05-19T05:14:42 prefetch.2.10.0: 12) 'ncbi-acc:CM000673.1?vdb-ctx=refseq' was downloaded successfully
2020-05-19T05:14:42 prefetch.2.10.0: 13) Downloading 'ncbi-acc:CM000674.1?vdb-ctx=refseq'...
2020-05-19T05:14:42 prefetch.2.10.0:  Downloading via https...
2020-05-19T05:14:49 prefetch.2.10.0:  https download succeed
2020-05-19T05:14:49 prefetch.2.10.0: 13) 'ncbi-acc:CM000674.1?vdb-ctx=refseq' was downloaded successfully
2020-05-19T05:14:49 prefetch.2.10.0: 14) Downloading 'ncbi-acc:CM000675.1?vdb-ctx=refseq'...
2020-05-19T05:14:49 prefetch.2.10.0:  Downloading via https...
2020-05-19T05:14:57 prefetch.2.10.0:  https download succeed
2020-05-19T05:14:57 prefetch.2.10.0: 14) 'ncbi-acc:CM000675.1?vdb-ctx=refseq' was downloaded successfully
2020-05-19T05:14:57 prefetch.2.10.0: 15) Downloading 'ncbi-acc:CM000676.1?vdb-ctx=refseq'...
2020-05-19T05:14:57 prefetch.2.10.0:  Downloading via https...
2020-05-19T05:15:02 prefetch.2.10.0:  https download succeed
2020-05-19T05:15:02 prefetch.2.10.0: 15) 'ncbi-acc:CM000676.1?vdb-ctx=refseq' was downloaded successfully
2020-05-19T05:15:03 prefetch.2.10.0: 16) Downloading 'ncbi-acc:CM000677.1?vdb-ctx=refseq'...
2020-05-19T05:15:03 prefetch.2.10.0:  Downloading via https...
2020-05-19T05:15:08 prefetch.2.10.0:  https download succeed
2020-05-19T05:15:08 prefetch.2.10.0: 16) 'ncbi-acc:CM000677.1?vdb-ctx=refseq' was downloaded successfully
2020-05-19T05:15:08 prefetch.2.10.0: 17) Downloading 'ncbi-acc:CM000678.1?vdb-ctx=refseq'...
2020-05-19T05:15:08 prefetch.2.10.0:  Downloading via https...
2020-05-19T05:15:13 prefetch.2.10.0:  https download succeed
2020-05-19T05:15:13 prefetch.2.10.0: 17) 'ncbi-acc:CM000678.1?vdb-ctx=refseq' was downloaded successfully
2020-05-19T05:15:13 prefetch.2.10.0: 18) Downloading 'ncbi-acc:CM000679.1?vdb-ctx=refseq'...
2020-05-19T05:15:13 prefetch.2.10.0:  Downloading via https...
2020-05-19T05:15:20 prefetch.2.10.0:  https download succeed
2020-05-19T05:15:20 prefetch.2.10.0: 18) 'ncbi-acc:CM000679.1?vdb-ctx=refseq' was downloaded successfully
2020-05-19T05:15:20 prefetch.2.10.0: 19) Downloading 'ncbi-acc:CM000680.1?vdb-ctx=refseq'...
2020-05-19T05:15:20 prefetch.2.10.0:  Downloading via https...
2020-05-19T05:15:26 prefetch.2.10.0:  https download succeed
2020-05-19T05:15:26 prefetch.2.10.0: 19) 'ncbi-acc:CM000680.1?vdb-ctx=refseq' was downloaded successfully
2020-05-19T05:15:26 prefetch.2.10.0: 20) Downloading 'ncbi-acc:CM000681.1?vdb-ctx=refseq'...
2020-05-19T05:15:26 prefetch.2.10.0:  Downloading via https...
2020-05-19T05:15:31 prefetch.2.10.0:  https download succeed
2020-05-19T05:15:31 prefetch.2.10.0: 20) 'ncbi-acc:CM000681.1?vdb-ctx=refseq' was downloaded successfully
2020-05-19T05:15:31 prefetch.2.10.0: 21) Downloading 'ncbi-acc:CM000682.1?vdb-ctx=refseq'...
2020-05-19T05:15:31 prefetch.2.10.0:  Downloading via https...
2020-05-19T05:20:33 prefetch.2.10.0 int: connection failed while opening file within cryptographic module - Cannot KNSManagerMakeClientRequest: https://sra-download.ncbi.nlm.nih.gov/traces/refseq/CM000682.1
2020-05-19T05:20:33 prefetch.2.10.0:  https download failed
2020-05-19T05:20:33 prefetch.2.10.0: 21) failed to download ncbi-acc:CM000682.1?vdb-ctx=refseq
Done.
Dumping fastq file for SRR1599398
2020-05-19T13:14:34 fastq-dump.2.10.0 err: connection failed while opening file within cryptographic module - error with https open 'https://sra-download.ncbi.nlm.nih.gov/traces/refseq/CM000682.1'
slurmstepd-i24: error: *** JOB 1141738 ON i24 CANCELLED AT 2020-05-19T09:48:47 DUE TO TIME LIMIT ***
