Prefetching SRR1602459...

2020-05-19T10:00:18 prefetch.2.10.0: 1) Downloading 'SRR1602459'...
2020-05-19T10:00:18 prefetch.2.10.0:  Downloading via https...
2020-05-19T10:17:58 prefetch.2.10.0:  https download succeed
2020-05-19T10:17:58 prefetch.2.10.0: 1) 'SRR1602459' was downloaded successfully
2020-05-19T10:18:24 prefetch.2.10.0: 'SRR1602459' has 86 unresolved dependencies
2020-05-19T10:18:24 prefetch.2.10.0: 2) Downloading 'ncbi-acc:CM000663.1?vdb-ctx=refseq'...
2020-05-19T10:18:24 prefetch.2.10.0:  Downloading via https...
2020-05-19T10:19:06 prefetch.2.10.0:  https download succeed
2020-05-19T10:19:06 prefetch.2.10.0: 2) 'ncbi-acc:CM000663.1?vdb-ctx=refseq' was downloaded successfully
2020-05-19T10:19:06 prefetch.2.10.0: 3) Downloading 'ncbi-acc:CM000664.1?vdb-ctx=refseq'...
2020-05-19T10:19:07 prefetch.2.10.0:  Downloading via https...
2020-05-19T10:19:46 prefetch.2.10.0:  https download succeed
2020-05-19T10:19:46 prefetch.2.10.0: 3) 'ncbi-acc:CM000664.1?vdb-ctx=refseq' was downloaded successfully
2020-05-19T10:19:46 prefetch.2.10.0: 4) Downloading 'ncbi-acc:CM000665.1?vdb-ctx=refseq'...
2020-05-19T10:19:46 prefetch.2.10.0:  Downloading via https...
2020-05-19T10:20:18 prefetch.2.10.0:  https download succeed
2020-05-19T10:20:18 prefetch.2.10.0: 4) 'ncbi-acc:CM000665.1?vdb-ctx=refseq' was downloaded successfully
2020-05-19T10:20:18 prefetch.2.10.0: 5) Downloading 'ncbi-acc:CM000666.1?vdb-ctx=refseq'...
2020-05-19T10:20:18 prefetch.2.10.0:  Downloading via https...
2020-05-19T10:20:50 prefetch.2.10.0:  https download succeed
2020-05-19T10:20:50 prefetch.2.10.0: 5) 'ncbi-acc:CM000666.1?vdb-ctx=refseq' was downloaded successfully
2020-05-19T10:20:50 prefetch.2.10.0: 6) Downloading 'ncbi-acc:CM000667.1?vdb-ctx=refseq'...
2020-05-19T10:20:50 prefetch.2.10.0:  Downloading via https...
2020-05-19T10:21:20 prefetch.2.10.0:  https download succeed
2020-05-19T10:21:20 prefetch.2.10.0: 6) 'ncbi-acc:CM000667.1?vdb-ctx=refseq' was downloaded successfully
2020-05-19T10:21:20 prefetch.2.10.0: 7) Downloading 'ncbi-acc:CM000668.1?vdb-ctx=refseq'...
2020-05-19T10:21:20 prefetch.2.10.0:  Downloading via https...
2020-05-19T10:21:52 prefetch.2.10.0:  https download succeed
2020-05-19T10:21:52 prefetch.2.10.0: 7) 'ncbi-acc:CM000668.1?vdb-ctx=refseq' was downloaded successfully
2020-05-19T10:21:52 prefetch.2.10.0: 8) Downloading 'ncbi-acc:CM000669.1?vdb-ctx=refseq'...
2020-05-19T10:21:52 prefetch.2.10.0:  Downloading via https...
2020-05-19T10:22:12 prefetch.2.10.0:  https download succeed
2020-05-19T10:22:12 prefetch.2.10.0: 8) 'ncbi-acc:CM000669.1?vdb-ctx=refseq' was downloaded successfully
2020-05-19T10:22:12 prefetch.2.10.0: 9) Downloading 'ncbi-acc:CM000670.1?vdb-ctx=refseq'...
2020-05-19T10:22:12 prefetch.2.10.0:  Downloading via https...
2020-05-19T10:22:28 prefetch.2.10.0:  https download succeed
2020-05-19T10:22:28 prefetch.2.10.0: 9) 'ncbi-acc:CM000670.1?vdb-ctx=refseq' was downloaded successfully
2020-05-19T10:22:28 prefetch.2.10.0: 10) Downloading 'ncbi-acc:CM000671.1?vdb-ctx=refseq'...
2020-05-19T10:22:28 prefetch.2.10.0:  Downloading via https...
2020-05-19T10:22:45 prefetch.2.10.0:  https download succeed
2020-05-19T10:22:45 prefetch.2.10.0: 10) 'ncbi-acc:CM000671.1?vdb-ctx=refseq' was downloaded successfully
2020-05-19T10:22:45 prefetch.2.10.0: 11) Downloading 'ncbi-acc:CM000672.1?vdb-ctx=refseq'...
2020-05-19T10:22:45 prefetch.2.10.0:  Downloading via https...
2020-05-19T10:23:05 prefetch.2.10.0:  https download succeed
2020-05-19T10:23:05 prefetch.2.10.0: 11) 'ncbi-acc:CM000672.1?vdb-ctx=refseq' was downloaded successfully
2020-05-19T10:23:05 prefetch.2.10.0: 12) Downloading 'ncbi-acc:CM000673.1?vdb-ctx=refseq'...
2020-05-19T10:23:05 prefetch.2.10.0:  Downloading via https...
2020-05-19T10:23:24 prefetch.2.10.0:  https download succeed
2020-05-19T10:23:24 prefetch.2.10.0: 12) 'ncbi-acc:CM000673.1?vdb-ctx=refseq' was downloaded successfully
2020-05-19T10:23:24 prefetch.2.10.0: 13) Downloading 'ncbi-acc:CM000674.1?vdb-ctx=refseq'...
2020-05-19T10:23:24 prefetch.2.10.0:  Downloading via https...
2020-05-19T10:23:39 prefetch.2.10.0:  https download succeed
2020-05-19T10:23:39 prefetch.2.10.0: 13) 'ncbi-acc:CM000674.1?vdb-ctx=refseq' was downloaded successfully
2020-05-19T10:23:39 prefetch.2.10.0: 14) Downloading 'ncbi-acc:CM000675.1?vdb-ctx=refseq'...
2020-05-19T10:23:39 prefetch.2.10.0:  Downloading via https...
2020-05-19T10:23:58 prefetch.2.10.0:  https download succeed
2020-05-19T10:23:58 prefetch.2.10.0: 14) 'ncbi-acc:CM000675.1?vdb-ctx=refseq' was downloaded successfully
2020-05-19T10:23:58 prefetch.2.10.0: 15) Downloading 'ncbi-acc:CM000676.1?vdb-ctx=refseq'...
2020-05-19T10:23:58 prefetch.2.10.0:  Downloading via https...
2020-05-19T10:24:16 prefetch.2.10.0:  https download succeed
2020-05-19T10:24:16 prefetch.2.10.0: 15) 'ncbi-acc:CM000676.1?vdb-ctx=refseq' was downloaded successfully
2020-05-19T10:24:16 prefetch.2.10.0: 16) Downloading 'ncbi-acc:CM000677.1?vdb-ctx=refseq'...
2020-05-19T10:24:16 prefetch.2.10.0:  Downloading via https...
2020-05-19T10:24:24 prefetch.2.10.0:  https download succeed
2020-05-19T10:24:24 prefetch.2.10.0: 16) 'ncbi-acc:CM000677.1?vdb-ctx=refseq' was downloaded successfully
2020-05-19T10:24:24 prefetch.2.10.0: 17) Downloading 'ncbi-acc:CM000678.1?vdb-ctx=refseq'...
2020-05-19T10:24:24 prefetch.2.10.0:  Downloading via https...
2020-05-19T10:24:34 prefetch.2.10.0:  https download succeed
2020-05-19T10:24:34 prefetch.2.10.0: 17) 'ncbi-acc:CM000678.1?vdb-ctx=refseq' was downloaded successfully
2020-05-19T10:24:34 prefetch.2.10.0: 18) Downloading 'ncbi-acc:CM000679.1?vdb-ctx=refseq'...
2020-05-19T10:24:34 prefetch.2.10.0:  Downloading via https...
2020-05-19T10:24:43 prefetch.2.10.0:  https download succeed
2020-05-19T10:24:43 prefetch.2.10.0: 18) 'ncbi-acc:CM000679.1?vdb-ctx=refseq' was downloaded successfully
2020-05-19T10:24:43 prefetch.2.10.0: 19) Downloading 'ncbi-acc:CM000680.1?vdb-ctx=refseq'...
2020-05-19T10:24:43 prefetch.2.10.0:  Downloading via https...
2020-05-19T10:24:55 prefetch.2.10.0:  https download succeed
2020-05-19T10:24:55 prefetch.2.10.0: 19) 'ncbi-acc:CM000680.1?vdb-ctx=refseq' was downloaded successfully
2020-05-19T10:24:55 prefetch.2.10.0: 20) Downloading 'ncbi-acc:CM000681.1?vdb-ctx=refseq'...
2020-05-19T10:24:55 prefetch.2.10.0:  Downloading via https...
2020-05-19T10:25:04 prefetch.2.10.0:  https download succeed
2020-05-19T10:25:04 prefetch.2.10.0: 20) 'ncbi-acc:CM000681.1?vdb-ctx=refseq' was downloaded successfully
2020-05-19T10:25:04 prefetch.2.10.0: 21) Downloading 'ncbi-acc:CM000682.1?vdb-ctx=refseq'...
2020-05-19T10:25:04 prefetch.2.10.0:  Downloading via https...
2020-05-19T10:25:11 prefetch.2.10.0:  https download succeed
2020-05-19T10:25:11 prefetch.2.10.0: 21) 'ncbi-acc:CM000682.1?vdb-ctx=refseq' was downloaded successfully
2020-05-19T10:25:11 prefetch.2.10.0: 22) Downloading 'ncbi-acc:CM000683.1?vdb-ctx=refseq'...
2020-05-19T10:25:11 prefetch.2.10.0:  Downloading via https...
2020-05-19T10:25:16 prefetch.2.10.0:  https download succeed
2020-05-19T10:25:16 prefetch.2.10.0: 22) 'ncbi-acc:CM000683.1?vdb-ctx=refseq' was downloaded successfully
2020-05-19T10:25:16 prefetch.2.10.0: 23) Downloading 'ncbi-acc:CM000684.1?vdb-ctx=refseq'...
2020-05-19T10:25:16 prefetch.2.10.0:  Downloading via https...
2020-05-19T10:25:22 prefetch.2.10.0:  https download succeed
2020-05-19T10:25:22 prefetch.2.10.0: 23) 'ncbi-acc:CM000684.1?vdb-ctx=refseq' was downloaded successfully
2020-05-19T10:25:22 prefetch.2.10.0: 24) Downloading 'ncbi-acc:CM000685.1?vdb-ctx=refseq'...
2020-05-19T10:25:22 prefetch.2.10.0:  Downloading via https...
2020-05-19T10:25:46 prefetch.2.10.0:  https download succeed
2020-05-19T10:25:46 prefetch.2.10.0: 24) 'ncbi-acc:CM000685.1?vdb-ctx=refseq' was downloaded successfully
2020-05-19T10:25:46 prefetch.2.10.0: 25) Downloading 'ncbi-acc:CM000686.1?vdb-ctx=refseq'...
2020-05-19T10:25:46 prefetch.2.10.0:  Downloading via https...
2020-05-19T10:30:31 prefetch.2.10.0 int: connection failed while opening file within cryptographic module - Cannot KNSManagerMakeClientRequest: https://sra-download.ncbi.nlm.nih.gov/traces/refseq/CM000686.1
2020-05-19T10:30:31 prefetch.2.10.0:  https download failed
2020-05-19T10:30:31 prefetch.2.10.0: 25) failed to download ncbi-acc:CM000686.1?vdb-ctx=refseq
Done.
Dumping fastq file for SRR1602459
2020-05-19T11:00:31 fastq-dump.2.10.0 err: connection failed while opening file within cryptographic module - error with https open 'https://sra-download.ncbi.nlm.nih.gov/traces/refseq/GL000226.1'
2020-05-19T11:16:14 fastq-dump.2.10.0 err: directory not found while opening manager within virtual file system module - failed SRR1602459

=============================================================
An error occurred during processing.
A report was generated into the file '/rhome/arajewski/ncbi_error_report.txt'.
If the problem persists, you may consider sending the file
to 'sra-tools@ncbi.nlm.nih.gov' for assistance.
=============================================================

Done.
