Prefetching SRR1604445...

2020-05-19T11:31:00 prefetch.2.10.0: 1) Downloading 'SRR1604445'...
2020-05-19T11:31:00 prefetch.2.10.0:  Downloading via https...
2020-05-19T12:02:07 prefetch.2.10.0:  https download succeed
2020-05-19T12:02:07 prefetch.2.10.0: 1,2) Downloading 'SRR1604445.vdbcache'...
2020-05-19T12:02:07 prefetch.2.10.0:  Downloading via https...
2020-05-19T12:02:18 prefetch.2.10.0:  https download succeed
2020-05-19T12:02:18 prefetch.2.10.0: 1.2) 'SRR1604445.vdbcache' was downloaded successfully
2020-05-19T12:02:18 prefetch.2.10.0: 1) 'SRR1604445' was downloaded successfully
2020-05-19T12:02:46 prefetch.2.10.0: 'SRR1604445' has 86 unresolved dependencies
2020-05-19T12:02:46 prefetch.2.10.0: 2) Downloading 'ncbi-acc:CM000663.1?vdb-ctx=refseq'...
2020-05-19T12:02:46 prefetch.2.10.0:  Downloading via https...
2020-05-19T12:03:05 prefetch.2.10.0:  https download succeed
2020-05-19T12:03:05 prefetch.2.10.0: 2) 'ncbi-acc:CM000663.1?vdb-ctx=refseq' was downloaded successfully
2020-05-19T12:03:05 prefetch.2.10.0: 3) Downloading 'ncbi-acc:CM000664.1?vdb-ctx=refseq'...
2020-05-19T12:03:05 prefetch.2.10.0:  Downloading via https...
2020-05-19T12:03:23 prefetch.2.10.0:  https download succeed
2020-05-19T12:03:23 prefetch.2.10.0: 3) 'ncbi-acc:CM000664.1?vdb-ctx=refseq' was downloaded successfully
2020-05-19T12:03:23 prefetch.2.10.0: 4) Downloading 'ncbi-acc:CM000665.1?vdb-ctx=refseq'...
2020-05-19T12:03:23 prefetch.2.10.0:  Downloading via https...
2020-05-19T12:03:38 prefetch.2.10.0:  https download succeed
2020-05-19T12:03:38 prefetch.2.10.0: 4) 'ncbi-acc:CM000665.1?vdb-ctx=refseq' was downloaded successfully
2020-05-19T12:03:38 prefetch.2.10.0: 5) Downloading 'ncbi-acc:CM000666.1?vdb-ctx=refseq'...
2020-05-19T12:03:38 prefetch.2.10.0:  Downloading via https...
2020-05-19T12:03:59 prefetch.2.10.0:  https download succeed
2020-05-19T12:03:59 prefetch.2.10.0: 5) 'ncbi-acc:CM000666.1?vdb-ctx=refseq' was downloaded successfully
2020-05-19T12:03:59 prefetch.2.10.0: 6) Downloading 'ncbi-acc:CM000667.1?vdb-ctx=refseq'...
2020-05-19T12:03:59 prefetch.2.10.0:  Downloading via https...
2020-05-19T12:04:15 prefetch.2.10.0:  https download succeed
2020-05-19T12:04:15 prefetch.2.10.0: 6) 'ncbi-acc:CM000667.1?vdb-ctx=refseq' was downloaded successfully
2020-05-19T12:04:15 prefetch.2.10.0: 7) Downloading 'ncbi-acc:CM000668.1?vdb-ctx=refseq'...
2020-05-19T12:04:15 prefetch.2.10.0:  Downloading via https...
2020-05-19T12:04:23 prefetch.2.10.0:  https download succeed
2020-05-19T12:04:23 prefetch.2.10.0: 7) 'ncbi-acc:CM000668.1?vdb-ctx=refseq' was downloaded successfully
2020-05-19T12:04:23 prefetch.2.10.0: 8) Downloading 'ncbi-acc:CM000669.1?vdb-ctx=refseq'...
2020-05-19T12:04:23 prefetch.2.10.0:  Downloading via https...
2020-05-19T12:04:42 prefetch.2.10.0:  https download succeed
2020-05-19T12:04:42 prefetch.2.10.0: 8) 'ncbi-acc:CM000669.1?vdb-ctx=refseq' was downloaded successfully
2020-05-19T12:04:42 prefetch.2.10.0: 9) Downloading 'ncbi-acc:CM000670.1?vdb-ctx=refseq'...
2020-05-19T12:04:42 prefetch.2.10.0:  Downloading via https...
2020-05-19T12:04:57 prefetch.2.10.0:  https download succeed
2020-05-19T12:04:57 prefetch.2.10.0: 9) 'ncbi-acc:CM000670.1?vdb-ctx=refseq' was downloaded successfully
2020-05-19T12:04:57 prefetch.2.10.0: 10) Downloading 'ncbi-acc:CM000671.1?vdb-ctx=refseq'...
2020-05-19T12:04:57 prefetch.2.10.0:  Downloading via https...
2020-05-19T12:05:06 prefetch.2.10.0:  https download succeed
2020-05-19T12:05:06 prefetch.2.10.0: 10) 'ncbi-acc:CM000671.1?vdb-ctx=refseq' was downloaded successfully
2020-05-19T12:05:06 prefetch.2.10.0: 11) Downloading 'ncbi-acc:CM000672.1?vdb-ctx=refseq'...
2020-05-19T12:05:06 prefetch.2.10.0:  Downloading via https...
2020-05-19T12:10:06 prefetch.2.10.0 int: connection failed while opening file within cryptographic module - Cannot KNSManagerMakeClientRequest: https://sra-download.ncbi.nlm.nih.gov/traces/refseq/CM000672.1
2020-05-19T12:10:06 prefetch.2.10.0:  https download failed
2020-05-19T12:10:06 prefetch.2.10.0: 11) failed to download ncbi-acc:CM000672.1?vdb-ctx=refseq
Done.
Dumping fastq file for SRR1604445
2020-05-19T13:02:55 fastq-dump.2.10.0 err: connection failed while opening file within cryptographic module - error with https open 'https://sra-download.ncbi.nlm.nih.gov/traces/refseq/CM000672.1'
2020-05-19T13:04:34 fastq-dump.2.10.0 err: connection failed while opening file within cryptographic module - error with https open 'https://sra-download.ncbi.nlm.nih.gov/traces/refseq/CM000672.1'
2020-05-19T21:28:06 fastq-dump.2.10.0 err: connection failed while opening file within cryptographic module - error with https open 'https://sra-download.ncbi.nlm.nih.gov/traces/refseq/CM000675.1'
2020-05-19T22:09:14 fastq-dump.2.10.0 err: connection failed while opening file within cryptographic module - error with https open 'https://sra-download.ncbi.nlm.nih.gov/traces/refseq/CM000680.1'
2020-05-19T22:16:39 fastq-dump.2.10.0 err: connection failed while opening file within cryptographic module - error with https open 'https://sra-download.ncbi.nlm.nih.gov/traces/refseq/CM000675.1'
slurmstepd-i35: error: *** JOB 1142094 ON i35 CANCELLED AT 2020-05-19T16:31:25 DUE TO TIME LIMIT ***
