Prefetching SRR1601107...

2020-05-19T07:51:19 prefetch.2.10.0: 1) Downloading 'SRR1601107'...
2020-05-19T07:51:19 prefetch.2.10.0:  Downloading via https...
2020-05-19T08:01:14 prefetch.2.10.0:  https download succeed
2020-05-19T08:01:14 prefetch.2.10.0: 1,2) Downloading 'SRR1601107.vdbcache'...
2020-05-19T08:01:14 prefetch.2.10.0:  Downloading via https...
2020-05-19T08:01:18 prefetch.2.10.0:  https download succeed
2020-05-19T08:01:18 prefetch.2.10.0: 1.2) 'SRR1601107.vdbcache' was downloaded successfully
2020-05-19T08:01:18 prefetch.2.10.0: 1) 'SRR1601107' was downloaded successfully
2020-05-19T08:01:44 prefetch.2.10.0: 'SRR1601107' has 86 unresolved dependencies
2020-05-19T08:01:44 prefetch.2.10.0: 2) Downloading 'ncbi-acc:CM000663.1?vdb-ctx=refseq'...
2020-05-19T08:01:44 prefetch.2.10.0:  Downloading via https...
2020-05-19T08:01:58 prefetch.2.10.0:  https download succeed
2020-05-19T08:01:58 prefetch.2.10.0: 2) 'ncbi-acc:CM000663.1?vdb-ctx=refseq' was downloaded successfully
2020-05-19T08:01:58 prefetch.2.10.0: 3) Downloading 'ncbi-acc:CM000664.1?vdb-ctx=refseq'...
2020-05-19T08:01:58 prefetch.2.10.0:  Downloading via https...
2020-05-19T08:02:07 prefetch.2.10.0:  https download succeed
2020-05-19T08:02:07 prefetch.2.10.0: 3) 'ncbi-acc:CM000664.1?vdb-ctx=refseq' was downloaded successfully
2020-05-19T08:02:08 prefetch.2.10.0: 4) Downloading 'ncbi-acc:CM000665.1?vdb-ctx=refseq'...
2020-05-19T08:02:08 prefetch.2.10.0:  Downloading via https...
2020-05-19T08:02:18 prefetch.2.10.0:  https download succeed
2020-05-19T08:02:18 prefetch.2.10.0: 4) 'ncbi-acc:CM000665.1?vdb-ctx=refseq' was downloaded successfully
2020-05-19T08:02:18 prefetch.2.10.0: 5) Downloading 'ncbi-acc:CM000666.1?vdb-ctx=refseq'...
2020-05-19T08:02:18 prefetch.2.10.0:  Downloading via https...
2020-05-19T08:05:45 prefetch.2.10.0:  https download succeed
2020-05-19T08:05:45 prefetch.2.10.0: 5) 'ncbi-acc:CM000666.1?vdb-ctx=refseq' was downloaded successfully
2020-05-19T08:05:45 prefetch.2.10.0: 6) Downloading 'ncbi-acc:CM000667.1?vdb-ctx=refseq'...
2020-05-19T08:05:45 prefetch.2.10.0:  Downloading via https...
2020-05-19T08:05:55 prefetch.2.10.0:  https download succeed
2020-05-19T08:05:55 prefetch.2.10.0: 6) 'ncbi-acc:CM000667.1?vdb-ctx=refseq' was downloaded successfully
2020-05-19T08:05:55 prefetch.2.10.0: 7) Downloading 'ncbi-acc:CM000668.1?vdb-ctx=refseq'...
2020-05-19T08:05:55 prefetch.2.10.0:  Downloading via https...
2020-05-19T08:10:41 prefetch.2.10.0:  https download succeed
2020-05-19T08:10:41 prefetch.2.10.0: 7) 'ncbi-acc:CM000668.1?vdb-ctx=refseq' was downloaded successfully
2020-05-19T08:10:41 prefetch.2.10.0: 8) Downloading 'ncbi-acc:CM000669.1?vdb-ctx=refseq'...
2020-05-19T08:10:41 prefetch.2.10.0:  Downloading via https...
2020-05-19T08:10:48 prefetch.2.10.0:  https download succeed
2020-05-19T08:10:48 prefetch.2.10.0: 8) 'ncbi-acc:CM000669.1?vdb-ctx=refseq' was downloaded successfully
2020-05-19T08:10:48 prefetch.2.10.0: 9) Downloading 'ncbi-acc:CM000670.1?vdb-ctx=refseq'...
2020-05-19T08:10:48 prefetch.2.10.0:  Downloading via https...
2020-05-19T08:10:57 prefetch.2.10.0:  https download succeed
2020-05-19T08:10:57 prefetch.2.10.0: 9) 'ncbi-acc:CM000670.1?vdb-ctx=refseq' was downloaded successfully
2020-05-19T08:10:57 prefetch.2.10.0: 10) Downloading 'ncbi-acc:CM000671.1?vdb-ctx=refseq'...
2020-05-19T08:10:57 prefetch.2.10.0:  Downloading via https...
2020-05-19T08:11:06 prefetch.2.10.0:  https download succeed
2020-05-19T08:11:06 prefetch.2.10.0: 10) 'ncbi-acc:CM000671.1?vdb-ctx=refseq' was downloaded successfully
2020-05-19T08:11:06 prefetch.2.10.0: 11) Downloading 'ncbi-acc:CM000672.1?vdb-ctx=refseq'...
2020-05-19T08:11:06 prefetch.2.10.0:  Downloading via https...
2020-05-19T08:11:15 prefetch.2.10.0:  https download succeed
2020-05-19T08:11:15 prefetch.2.10.0: 11) 'ncbi-acc:CM000672.1?vdb-ctx=refseq' was downloaded successfully
2020-05-19T08:11:15 prefetch.2.10.0: 12) Downloading 'ncbi-acc:CM000673.1?vdb-ctx=refseq'...
2020-05-19T08:11:15 prefetch.2.10.0:  Downloading via https...
2020-05-19T08:20:31 prefetch.2.10.0 int: incomplete while reading within network system module - Cannot KClientHttpRequestGET: https://sra-download.ncbi.nlm.nih.gov/traces/refseq/CM000673.1
2020-05-19T08:20:31 prefetch.2.10.0:  https download failed
2020-05-19T08:20:31 prefetch.2.10.0: 12) failed to download ncbi-acc:CM000673.1?vdb-ctx=refseq
Done.
Dumping fastq file for SRR1601107
2020-05-19T08:57:12 fastq-dump.2.10.0 err: connection failed while opening file within cryptographic module - error with https open 'https://sra-download.ncbi.nlm.nih.gov/traces/refseq/CM000673.1'
2020-05-19T09:07:12 fastq-dump.2.10.0 err: connection failed while opening file within cryptographic module - error with https open 'https://sra-download.ncbi.nlm.nih.gov/traces/refseq/CM000673.1'
2020-05-19T09:24:33 fastq-dump.2.10.0 err: connection failed while opening file within cryptographic module - error with https open 'https://sra-download.ncbi.nlm.nih.gov/traces/refseq/CM000673.1'
2020-05-19T09:40:31 fastq-dump.2.10.0 err: connection failed while opening file within cryptographic module - error with https open 'https://sra-download.ncbi.nlm.nih.gov/traces/refseq/CM000674.1'
2020-05-19T10:34:33 fastq-dump.2.10.0 err: connection failed while opening file within cryptographic module - error with https open 'https://sra-download.ncbi.nlm.nih.gov/traces/refseq/CM000676.1'
2020-05-19T11:30:28 fastq-dump.2.10.0 err: connection failed while opening file within cryptographic module - error with https open 'https://sra-download.ncbi.nlm.nih.gov/traces/refseq/CM000677.1'
2020-05-19T12:04:33 fastq-dump.2.10.0 err: connection failed while opening file within cryptographic module - error with https open 'https://sra-download.ncbi.nlm.nih.gov/traces/refseq/CM000677.1'
2020-05-19T12:10:07 fastq-dump.2.10.0 err: connection failed while opening file within cryptographic module - error with https open 'https://sra-download.ncbi.nlm.nih.gov/traces/refseq/CM000674.1'
2020-05-19T12:16:12 fastq-dump.2.10.0 err: connection failed while opening file within cryptographic module - error with https open 'https://sra-download.ncbi.nlm.nih.gov/traces/refseq/CM000674.1'
2020-05-19T12:20:31 fastq-dump.2.10.0 err: connection failed while opening file within cryptographic module - error with https open 'https://sra-download.ncbi.nlm.nih.gov/traces/refseq/CM000677.1'
2020-05-19T12:42:12 fastq-dump.2.10.0 err: connection failed while opening file within cryptographic module - error with https open 'https://sra-download.ncbi.nlm.nih.gov/traces/refseq/CM000673.1'
2020-05-19T12:54:34 fastq-dump.2.10.0 err: connection failed while opening file within cryptographic module - error with https open 'https://sra-download.ncbi.nlm.nih.gov/traces/refseq/CM000674.1'
2020-05-19T13:53:19 fastq-dump.2.10.0 err: data corrupt while selecting function within transform module - failed SRR1601107

=============================================================
An error occurred during processing.
A report was generated into the file '/rhome/arajewski/ncbi_error_report.txt'.
If the problem persists, you may consider sending the file
to 'sra-tools@ncbi.nlm.nih.gov' for assistance.
=============================================================

Done.
