Prefetching SRR1607109...

2020-05-21T10:01:38 prefetch.2.10.0: 1) Downloading 'SRR1607109'...
2020-05-21T10:01:38 prefetch.2.10.0:  Downloading via https...
2020-05-21T10:27:59 prefetch.2.10.0:  https download succeed
2020-05-21T10:27:59 prefetch.2.10.0: 1,2) Downloading 'SRR1607109.vdbcache'...
2020-05-21T10:27:59 prefetch.2.10.0:  Downloading via https...
2020-05-21T10:28:40 prefetch.2.10.0:  https download succeed
2020-05-21T10:28:40 prefetch.2.10.0: 1.2) 'SRR1607109.vdbcache' was downloaded successfully
2020-05-21T10:28:40 prefetch.2.10.0: 1) 'SRR1607109' was downloaded successfully
2020-05-21T10:29:07 prefetch.2.10.0: 'SRR1607109' has 86 unresolved dependencies
2020-05-21T10:29:07 prefetch.2.10.0: 2) Downloading 'ncbi-acc:CM000663.1?vdb-ctx=refseq'...
2020-05-21T10:29:07 prefetch.2.10.0:  Downloading via https...
2020-05-21T10:29:25 prefetch.2.10.0:  https download succeed
2020-05-21T10:29:25 prefetch.2.10.0: 2) 'ncbi-acc:CM000663.1?vdb-ctx=refseq' was downloaded successfully
2020-05-21T10:29:25 prefetch.2.10.0: 3) Downloading 'ncbi-acc:CM000664.1?vdb-ctx=refseq'...
2020-05-21T10:29:25 prefetch.2.10.0:  Downloading via https...
2020-05-21T10:29:37 prefetch.2.10.0:  https download succeed
2020-05-21T10:29:37 prefetch.2.10.0: 3) 'ncbi-acc:CM000664.1?vdb-ctx=refseq' was downloaded successfully
2020-05-21T10:29:37 prefetch.2.10.0: 4) Downloading 'ncbi-acc:CM000665.1?vdb-ctx=refseq'...
2020-05-21T10:29:37 prefetch.2.10.0:  Downloading via https...
2020-05-21T10:29:49 prefetch.2.10.0:  https download succeed
2020-05-21T10:29:49 prefetch.2.10.0: 4) 'ncbi-acc:CM000665.1?vdb-ctx=refseq' was downloaded successfully
2020-05-21T10:29:49 prefetch.2.10.0: 5) Downloading 'ncbi-acc:CM000666.1?vdb-ctx=refseq'...
2020-05-21T10:29:49 prefetch.2.10.0:  Downloading via https...
2020-05-21T10:31:09 prefetch.2.10.0 int: transfer incomplete while reading file within network system module - Cannot KStreamRead: https://sra-download.ncbi.nlm.nih.gov/traces/refseq/CM000666.1
2020-05-21T10:31:09 prefetch.2.10.0:  https download failed
2020-05-21T10:31:09 prefetch.2.10.0: 5) failed to download ncbi-acc:CM000666.1?vdb-ctx=refseq
Done.
Dumping fastq file for SRR1607109
2020-05-21T13:58:57 fastq-dump.2.10.0 err: connection failed while opening file within cryptographic module - error with https open 'https://sra-download.ncbi.nlm.nih.gov/traces/refseq/CM000668.1'
2020-05-21T14:12:53 fastq-dump.2.10.0 err: connection failed while opening file within cryptographic module - error with https open 'https://sra-download.ncbi.nlm.nih.gov/traces/refseq/CM000666.1'
slurmstepd-c01: error: *** JOB 1152046 ON c01 CANCELLED AT 2020-05-21T15:44:50 ***
