Prefetching SRR1598014...

2020-05-21T00:19:48 prefetch.2.10.0 warn: Maximum file size download limit is 20GB 
2020-05-21T00:19:48 prefetch.2.10.0: 1) 'SRR1598014' (28GB) is larger than maximum allowed: skipped 
2020-05-21T00:19:48 prefetch.2.10.0: 1) Downloading 'SRR1598014.vdbcache'...
2020-05-21T00:19:48 prefetch.2.10.0:  Downloading via https...
2020-05-21T00:33:47 prefetch.2.10.0:  https download succeed
2020-05-21T00:33:47 prefetch.2.10.0: 1) 'SRR1598014.vdbcache' was downloaded successfully

Download of some files was skipped because they are too large
You can change size download limit by setting
--min-size and --max-size command line arguments
Done.
Dumping fastq file for SRR1598014
2020-05-21T01:28:10 fastq-dump.2.10.0 err: timeout exhausted while waiting condition within process system module - failed SRR1598014

=============================================================
An error occurred during processing.
A report was generated into the file '/rhome/arajewski/ncbi_error_report.txt'.
If the problem persists, you may consider sending the file
to 'sra-tools@ncbi.nlm.nih.gov' for assistance.
=============================================================

Done.
