/var/spool/slurmd/job1126749/slurm_script: line 15: [: ERR3961606_1.fastq.gz: binary operator expected
Running Trim Galore on ERR3961606...
Using an excessive number of cores has a diminishing return! It is recommended not to exceed 8 cores per trimming process (you asked for 8 cores). Please consider re-specifying
Path to Cutadapt set as: 'cutadapt' (default)
Cutadapt seems to be working fine (tested command 'cutadapt --version')
Cutadapt version: 2.10
Could not detect version of Python used by Cutadapt from the first line of Cutadapt (but found this: >>>#!/bin/sh<<<)
Letting the (modified) Cutadapt deal with the Python version instead
Parallel gzip (pigz) detected. Proceeding with multicore (de)compression using 8 cores

No quality encoding type selected. Assuming that the data provided uses Sanger encoded Phred scores (default)

Output will be written into the directory: /bigdata/littlab/arajewski/kmerGWAS/Data/Trimmed/


AUTO-DETECTING ADAPTER TYPE
===========================
Attempting to auto-detect adapter type from the first 1 million sequences of the first file (>> ERR3961606_1.fastq.gz <<)

Found perfect matches for the following adapter sequences:
Adapter type	Count	Sequence	Sequences analysed	Percentage
Illumina	797	AGATCGGAAGAGC	1000000	0.08
Nextera	13	CTGTCTCTTATA	1000000	0.00
smallRNA	5	TGGAATTCTCGG	1000000	0.00
Using Illumina adapter for trimming (count: 797). Second best hit was Nextera (count: 13)


SUMMARISING RUN PARAMETERS
==========================
Input filename: ERR3961606_1.fastq.gz
Trimming mode: paired-end
Trim Galore version: 0.6.4_dev
Cutadapt version: 2.10
Python version: could not detect
Number of cores used for trimming: 8
Quality Phred score cutoff: 20
Quality encoding type selected: ASCII+33
Adapter sequence: 'AGATCGGAAGAGC' (Illumina TruSeq, Sanger iPCR; auto-detected)
Maximum trimming error rate: 0.1 (default)
Minimum required adapter overlap (stringency): 1 bp
Minimum required sequence length for both reads before a sequence pair gets removed: 20 bp
Output file(s) will be GZIP compressed

Cutadapt seems to be fairly up-to-date (version 2.10). Setting -j 8
Writing final adapter and quality trimmed output to ERR3961606_1_trimmed.fq.gz


  >>> Now performing quality (cutoff '-q 20') and adapter trimming in a single pass for the adapter sequence: 'AGATCGGAAGAGC' from file ERR3961606_1.fastq.gz <<< 
10000000 sequences processed
20000000 sequences processed
30000000 sequences processed
This is cutadapt 2.10 with Python 3.7.6
Command line parameters: -j 8 -e 0.1 -q 20 -O 1 -a AGATCGGAAGAGC ERR3961606_1.fastq.gz
Processing reads on 8 cores in single-end mode ...
Finished in 396.57 s (11 us/read; 5.32 M reads/minute).

=== Summary ===

Total reads processed:              35,148,847
Reads with adapters:                13,043,370 (37.1%)
Reads written (passing filters):    35,148,847 (100.0%)

Total basepairs processed: 5,272,327,050 bp
Quality-trimmed:              12,683,265 bp (0.2%)
Total written (filtered):  5,239,663,988 bp (99.4%)

=== Adapter 1 ===

Sequence: AGATCGGAAGAGC; Type: regular 3'; Length: 13; Trimmed: 13043370 times

No. of allowed errors:
0-9 bp: 0; 10-13 bp: 1

Bases preceding removed adapters:
  A: 34.0%
  C: 27.1%
  G: 16.9%
  T: 22.1%
  none/other: 0.0%

Overview of removed sequences
length	count	expect	max.err	error counts
1	9632114	8787211.8	0	9632114
2	2380996	2196802.9	0	2380996
3	784134	549200.7	0	784134
4	166352	137300.2	0	166352
5	29773	34325.0	0	29773
6	2960	8581.3	0	2960
7	876	2145.3	0	876
8	768	536.3	0	768
9	1122	134.1	0	682 440
10	1276	33.5	1	583 693
11	1042	8.4	1	562 480
12	788	2.1	1	550 238
13	699	0.5	1	530 169
14	664	0.5	1	481 183
15	644	0.5	1	497 147
16	673	0.5	1	465 208
17	785	0.5	1	575 210
18	571	0.5	1	438 133
19	487	0.5	1	382 105
20	679	0.5	1	493 186
21	527	0.5	1	397 130
22	561	0.5	1	422 139
23	637	0.5	1	458 179
24	613	0.5	1	443 170
25	590	0.5	1	433 157
26	518	0.5	1	381 137
27	590	0.5	1	410 180
28	544	0.5	1	399 145
29	587	0.5	1	403 184
30	473	0.5	1	334 139
31	417	0.5	1	291 126
32	471	0.5	1	350 121
33	528	0.5	1	359 169
34	569	0.5	1	390 179
35	465	0.5	1	305 160
36	549	0.5	1	379 170
37	553	0.5	1	361 192
38	568	0.5	1	379 189
39	467	0.5	1	339 128
40	599	0.5	1	383 216
41	500	0.5	1	344 156
42	531	0.5	1	352 179
43	644	0.5	1	438 206
44	430	0.5	1	283 147
45	712	0.5	1	509 203
46	250	0.5	1	140 110
47	415	0.5	1	288 127
48	637	0.5	1	450 187
49	390	0.5	1	254 136
50	398	0.5	1	263 135
51	501	0.5	1	344 157
52	424	0.5	1	289 135
53	303	0.5	1	208 95
54	444	0.5	1	296 148
55	555	0.5	1	411 144
56	304	0.5	1	205 99
57	514	0.5	1	374 140
58	318	0.5	1	213 105
59	290	0.5	1	194 96
60	296	0.5	1	206 90
61	245	0.5	1	162 83
62	461	0.5	1	329 132
63	385	0.5	1	290 95
64	220	0.5	1	152 68
65	217	0.5	1	154 63
66	471	0.5	1	346 125
67	308	0.5	1	228 80
68	367	0.5	1	266 101
69	312	0.5	1	216 96
70	331	0.5	1	246 85
71	106	0.5	1	51 55
72	87	0.5	1	44 43
73	206	0.5	1	126 80
74	183	0.5	1	106 77
75	241	0.5	1	162 79
76	272	0.5	1	187 85
77	282	0.5	1	207 75
78	279	0.5	1	210 69
79	314	0.5	1	216 98
80	308	0.5	1	216 92
81	291	0.5	1	198 93
82	274	0.5	1	190 84
83	292	0.5	1	203 89
84	292	0.5	1	207 85
85	299	0.5	1	220 79
86	291	0.5	1	206 85
87	265	0.5	1	183 82
88	279	0.5	1	185 94
89	295	0.5	1	211 84
90	264	0.5	1	175 89
91	253	0.5	1	169 84
92	262	0.5	1	186 76
93	237	0.5	1	173 64
94	274	0.5	1	189 85
95	263	0.5	1	178 85
96	259	0.5	1	181 78
97	245	0.5	1	163 82
98	220	0.5	1	157 63
99	252	0.5	1	157 95
100	229	0.5	1	153 76
101	213	0.5	1	151 62
102	242	0.5	1	159 83
103	235	0.5	1	166 69
104	219	0.5	1	148 71
105	201	0.5	1	134 67
106	232	0.5	1	162 70
107	203	0.5	1	143 60
108	218	0.5	1	146 72
109	194	0.5	1	135 59
110	167	0.5	1	113 54
111	181	0.5	1	120 61
112	169	0.5	1	120 49
113	175	0.5	1	120 55
114	163	0.5	1	114 49
115	176	0.5	1	118 58
116	157	0.5	1	99 58
117	143	0.5	1	99 44
118	154	0.5	1	105 49
119	155	0.5	1	107 48
120	151	0.5	1	98 53
121	125	0.5	1	81 44
122	144	0.5	1	93 51
123	133	0.5	1	81 52
124	112	0.5	1	63 49
125	89	0.5	1	58 31
126	100	0.5	1	63 37
127	93	0.5	1	62 31
128	92	0.5	1	61 31
129	78	0.5	1	48 30
130	77	0.5	1	52 25
131	55	0.5	1	36 19
132	48	0.5	1	36 12
133	58	0.5	1	31 27
134	35	0.5	1	23 12
135	26	0.5	1	15 11
136	37	0.5	1	24 13
137	24	0.5	1	14 10
138	33	0.5	1	15 18
139	28	0.5	1	5 23
140	18	0.5	1	5 13
141	11	0.5	1	3 8
142	20	0.5	1	3 17
143	10	0.5	1	2 8
144	20	0.5	1	1 19
145	18	0.5	1	1 17
146	10	0.5	1	0 10
147	11	0.5	1	0 11
148	13	0.5	1	0 13
149	17	0.5	1	0 17
150	71	0.5	1	0 71

RUN STATISTICS FOR INPUT FILE: ERR3961606_1.fastq.gz
=============================================
35148847 sequences processed in total
The length threshold of paired-end sequences gets evaluated later on (in the validation step)


SUMMARISING RUN PARAMETERS
==========================
Input filename: ERR3961606_2.fastq.gz
Trimming mode: paired-end
Trim Galore version: 0.6.4_dev
Cutadapt version: 2.10
Python version: could not detect
Number of cores used for trimming: 8
Quality Phred score cutoff: 20
Quality encoding type selected: ASCII+33
Adapter sequence: 'AGATCGGAAGAGC' (Illumina TruSeq, Sanger iPCR; auto-detected)
Maximum trimming error rate: 0.1 (default)
Minimum required adapter overlap (stringency): 1 bp
Minimum required sequence length for both reads before a sequence pair gets removed: 20 bp
Output file(s) will be GZIP compressed

Cutadapt seems to be fairly up-to-date (version 2.10). Setting -j -j 8
Writing final adapter and quality trimmed output to ERR3961606_2_trimmed.fq.gz


  >>> Now performing quality (cutoff '-q 20') and adapter trimming in a single pass for the adapter sequence: 'AGATCGGAAGAGC' from file ERR3961606_2.fastq.gz <<< 
10000000 sequences processed
20000000 sequences processed
30000000 sequences processed
This is cutadapt 2.10 with Python 3.7.6
Command line parameters: -j 8 -e 0.1 -q 20 -O 1 -a AGATCGGAAGAGC ERR3961606_2.fastq.gz
Processing reads on 8 cores in single-end mode ...
Finished in 395.93 s (11 us/read; 5.33 M reads/minute).

=== Summary ===

Total reads processed:              35,148,847
Reads with adapters:                13,103,602 (37.3%)
Reads written (passing filters):    35,148,847 (100.0%)

Total basepairs processed: 5,272,327,050 bp
Quality-trimmed:              23,006,094 bp (0.4%)
Total written (filtered):  5,228,023,421 bp (99.2%)

=== Adapter 1 ===

Sequence: AGATCGGAAGAGC; Type: regular 3'; Length: 13; Trimmed: 13103602 times

No. of allowed errors:
0-9 bp: 0; 10-13 bp: 1

Bases preceding removed adapters:
  A: 34.4%
  C: 27.0%
  G: 16.8%
  T: 21.9%
  none/other: 0.0%

Overview of removed sequences
length	count	expect	max.err	error counts
1	9661683	8787211.8	0	9661683
2	2381053	2196802.9	0	2381053
3	785421	549200.7	0	785421
4	166203	137300.2	0	166203
5	30590	34325.0	0	30590
6	3509	8581.3	0	3509
7	1317	2145.3	0	1317
8	1304	536.3	0	1304
9	1530	134.1	0	1042 488
10	2012	33.5	1	1009 1003
11	1679	8.4	1	955 724
12	1415	2.1	1	915 500
13	1177	0.5	1	846 331
14	1270	0.5	1	886 384
15	1027	0.5	1	714 313
16	1066	0.5	1	751 315
17	1464	0.5	1	1043 421
18	676	0.5	1	475 201
19	1678	0.5	1	1209 469
20	819	0.5	1	553 266
21	849	0.5	1	581 268
22	845	0.5	1	619 226
23	939	0.5	1	683 256
24	1692	0.5	1	1220 472
25	829	0.5	1	596 233
26	936	0.5	1	661 275
27	1206	0.5	1	849 357
28	1009	0.5	1	715 294
29	1004	0.5	1	676 328
30	1043	0.5	1	781 262
31	635	0.5	1	418 217
32	1226	0.5	1	927 299
33	974	0.5	1	681 293
34	1084	0.5	1	764 320
35	1362	0.5	1	1025 337
36	2025	0.5	1	1631 394
37	1206	0.5	1	889 317
38	365	0.5	1	227 138
39	385	0.5	1	240 145
40	399	0.5	1	272 127
41	582	0.5	1	396 186
42	1184	0.5	1	955 229
43	525	0.5	1	342 183
44	1430	0.5	1	1173 257
45	865	0.5	1	630 235
46	419	0.5	1	278 141
47	563	0.5	1	390 173
48	285	0.5	1	143 142
49	399	0.5	1	259 140
50	249	0.5	1	139 110
51	237	0.5	1	145 92
52	219	0.5	1	128 91
53	443	0.5	1	296 147
54	657	0.5	1	491 166
55	443	0.5	1	291 152
56	587	0.5	1	401 186
57	941	0.5	1	678 263
58	616	0.5	1	432 184
59	409	0.5	1	265 144
60	948	0.5	1	722 226
61	646	0.5	1	477 169
62	346	0.5	1	203 143
63	655	0.5	1	460 195
64	1163	0.5	1	936 227
65	568	0.5	1	429 139
66	517	0.5	1	357 160
67	466	0.5	1	325 141
68	250	0.5	1	153 97
69	275	0.5	1	172 103
70	357	0.5	1	227 130
71	224	0.5	1	142 82
72	159	0.5	1	83 76
73	190	0.5	1	106 84
74	174	0.5	1	91 83
75	194	0.5	1	105 89
76	273	0.5	1	182 91
77	369	0.5	1	254 115
78	380	0.5	1	273 107
79	455	0.5	1	333 122
80	449	0.5	1	315 134
81	496	0.5	1	345 151
82	468	0.5	1	330 138
83	496	0.5	1	352 144
84	456	0.5	1	338 118
85	523	0.5	1	384 139
86	481	0.5	1	346 135
87	481	0.5	1	326 155
88	425	0.5	1	317 108
89	463	0.5	1	310 153
90	432	0.5	1	307 125
91	428	0.5	1	309 119
92	451	0.5	1	321 130
93	432	0.5	1	306 126
94	441	0.5	1	319 122
95	425	0.5	1	296 129
96	432	0.5	1	315 117
97	399	0.5	1	294 105
98	394	0.5	1	278 116
99	399	0.5	1	289 110
100	388	0.5	1	260 128
101	344	0.5	1	242 102
102	404	0.5	1	274 130
103	356	0.5	1	261 95
104	349	0.5	1	252 97
105	338	0.5	1	235 103
106	364	0.5	1	267 97
107	319	0.5	1	218 101
108	333	0.5	1	230 103
109	304	0.5	1	226 78
110	273	0.5	1	173 100
111	299	0.5	1	201 98
112	267	0.5	1	189 78
113	281	0.5	1	198 83
114	270	0.5	1	200 70
115	243	0.5	1	186 57
116	212	0.5	1	154 58
117	228	0.5	1	164 64
118	207	0.5	1	149 58
119	211	0.5	1	146 65
120	204	0.5	1	140 64
121	169	0.5	1	121 48
122	192	0.5	1	130 62
123	180	0.5	1	125 55
124	162	0.5	1	108 54
125	125	0.5	1	86 39
126	132	0.5	1	92 40
127	134	0.5	1	86 48
128	98	0.5	1	78 20
129	85	0.5	1	58 27
130	76	0.5	1	59 17
131	70	0.5	1	42 28
132	52	0.5	1	38 14
133	56	0.5	1	38 18
134	38	0.5	1	28 10
135	22	0.5	1	14 8
136	40	0.5	1	26 14
137	31	0.5	1	16 15
138	34	0.5	1	16 18
139	20	0.5	1	6 14
140	21	0.5	1	6 15
141	11	0.5	1	4 7
142	19	0.5	1	3 16
143	13	0.5	1	2 11
144	14	0.5	1	1 13
145	19	0.5	1	1 18
146	14	0.5	1	0 14
147	7	0.5	1	1 6
148	11	0.5	1	0 11
149	16	0.5	1	0 16
150	8	0.5	1	0 8

RUN STATISTICS FOR INPUT FILE: ERR3961606_2.fastq.gz
=============================================
35148847 sequences processed in total
The length threshold of paired-end sequences gets evaluated later on (in the validation step)

Validate paired-end files ERR3961606_1_trimmed.fq.gz and ERR3961606_2_trimmed.fq.gz
file_1: ERR3961606_1_trimmed.fq.gz, file_2: ERR3961606_2_trimmed.fq.gz


>>>>> Now validing the length of the 2 paired-end infiles: ERR3961606_1_trimmed.fq.gz and ERR3961606_2_trimmed.fq.gz <<<<<
Writing validated paired-end Read 1 reads to ERR3961606_1_val_1.fq.gz
Writing validated paired-end Read 2 reads to ERR3961606_2_val_2.fq.gz

Total number of sequences analysed: 35148847

Number of sequence pairs removed because at least one read was shorter than the length cutoff (20 bp): 52170 (0.15%)

Deleting both intermediate output files ERR3961606_1_trimmed.fq.gz and ERR3961606_2_trimmed.fq.gz

====================================================================================================

Done.
