Prefetching SRR1596754...

2020-05-21T00:18:51 prefetch.2.10.0: 1) Downloading 'SRR1596754'...
2020-05-21T00:18:51 prefetch.2.10.0:  Downloading via https...
2020-05-21T02:54:29 prefetch.2.10.0:  https download succeed
2020-05-21T02:54:29 prefetch.2.10.0: 1,2) Downloading 'SRR1596754.vdbcache'...
2020-05-21T02:54:29 prefetch.2.10.0:  Downloading via https...
2020-05-21T02:57:26 prefetch.2.10.0:  https download succeed
2020-05-21T02:57:26 prefetch.2.10.0: 1.2) 'SRR1596754.vdbcache' was downloaded successfully
2020-05-21T02:57:26 prefetch.2.10.0: 1) 'SRR1596754' was downloaded successfully
2020-05-21T02:57:52 prefetch.2.10.0: 'SRR1596754' has 86 unresolved dependencies
2020-05-21T02:57:52 prefetch.2.10.0: 2) Downloading 'ncbi-acc:CM000663.1?vdb-ctx=refseq'...
2020-05-21T02:57:52 prefetch.2.10.0:  Downloading via https...
2020-05-21T02:58:43 prefetch.2.10.0:  https download succeed
2020-05-21T02:58:43 prefetch.2.10.0: 2) 'ncbi-acc:CM000663.1?vdb-ctx=refseq' was downloaded successfully
2020-05-21T02:58:43 prefetch.2.10.0: 3) Downloading 'ncbi-acc:CM000664.1?vdb-ctx=refseq'...
2020-05-21T02:58:43 prefetch.2.10.0:  Downloading via https...
2020-05-21T02:59:44 prefetch.2.10.0:  https download succeed
2020-05-21T02:59:44 prefetch.2.10.0: 3) 'ncbi-acc:CM000664.1?vdb-ctx=refseq' was downloaded successfully
2020-05-21T02:59:44 prefetch.2.10.0: 4) Downloading 'ncbi-acc:CM000665.1?vdb-ctx=refseq'...
2020-05-21T02:59:44 prefetch.2.10.0:  Downloading via https...
2020-05-21T03:00:25 prefetch.2.10.0:  https download succeed
2020-05-21T03:00:25 prefetch.2.10.0: 4) 'ncbi-acc:CM000665.1?vdb-ctx=refseq' was downloaded successfully
2020-05-21T03:00:25 prefetch.2.10.0: 5) Downloading 'ncbi-acc:CM000666.1?vdb-ctx=refseq'...
2020-05-21T03:00:25 prefetch.2.10.0:  Downloading via https...
2020-05-21T03:01:14 prefetch.2.10.0:  https download succeed
2020-05-21T03:01:14 prefetch.2.10.0: 5) 'ncbi-acc:CM000666.1?vdb-ctx=refseq' was downloaded successfully
2020-05-21T03:01:14 prefetch.2.10.0: 6) Downloading 'ncbi-acc:CM000667.1?vdb-ctx=refseq'...
2020-05-21T03:01:14 prefetch.2.10.0:  Downloading via https...
2020-05-21T03:02:11 prefetch.2.10.0:  https download succeed
2020-05-21T03:02:11 prefetch.2.10.0: 6) 'ncbi-acc:CM000667.1?vdb-ctx=refseq' was downloaded successfully
2020-05-21T03:02:11 prefetch.2.10.0: 7) Downloading 'ncbi-acc:CM000668.1?vdb-ctx=refseq'...
2020-05-21T03:02:11 prefetch.2.10.0:  Downloading via https...
2020-05-21T03:02:49 prefetch.2.10.0:  https download succeed
2020-05-21T03:02:49 prefetch.2.10.0: 7) 'ncbi-acc:CM000668.1?vdb-ctx=refseq' was downloaded successfully
2020-05-21T03:02:49 prefetch.2.10.0: 8) Downloading 'ncbi-acc:CM000669.1?vdb-ctx=refseq'...
2020-05-21T03:02:49 prefetch.2.10.0:  Downloading via https...
2020-05-21T03:03:44 prefetch.2.10.0:  https download succeed
2020-05-21T03:03:44 prefetch.2.10.0: 8) 'ncbi-acc:CM000669.1?vdb-ctx=refseq' was downloaded successfully
2020-05-21T03:03:44 prefetch.2.10.0: 9) Downloading 'ncbi-acc:CM000670.1?vdb-ctx=refseq'...
2020-05-21T03:03:44 prefetch.2.10.0:  Downloading via https...
2020-05-21T03:04:56 prefetch.2.10.0:  https download succeed
2020-05-21T03:04:56 prefetch.2.10.0: 9) 'ncbi-acc:CM000670.1?vdb-ctx=refseq' was downloaded successfully
2020-05-21T03:04:56 prefetch.2.10.0: 10) Downloading 'ncbi-acc:CM000671.1?vdb-ctx=refseq'...
2020-05-21T03:04:56 prefetch.2.10.0:  Downloading via https...
2020-05-21T03:10:16 prefetch.2.10.0 int: timeout exhausted while reading file within network system module - Cannot KStreamRead: https://sra-download.ncbi.nlm.nih.gov/traces/refseq/CM000671.1
2020-05-21T03:10:16 prefetch.2.10.0:  https download failed
2020-05-21T03:10:16 prefetch.2.10.0: 10) failed to download ncbi-acc:CM000671.1?vdb-ctx=refseq
Done.
Dumping fastq file for SRR1596754
2020-05-21T13:59:20 fastq-dump.2.10.0 err: connection failed while opening file within cryptographic module - error with https open 'https://sra-download.ncbi.nlm.nih.gov/traces/refseq/CM000677.1'
slurmstepd-i18: error: *** JOB 1148641 ON i18 CANCELLED AT 2020-05-21T13:18:47 DUE TO TIME LIMIT ***
