Prefetching SRR1600373...

2020-05-19T06:05:52 prefetch.2.10.0: 1) Downloading 'SRR1600373'...
2020-05-19T06:05:52 prefetch.2.10.0:  Downloading via https...
2020-05-19T06:38:58 prefetch.2.10.0:  https download succeed
2020-05-19T06:38:58 prefetch.2.10.0: 1,2) Downloading 'SRR1600373.vdbcache'...
2020-05-19T06:38:58 prefetch.2.10.0:  Downloading via https...
2020-05-19T06:39:25 prefetch.2.10.0:  https download succeed
2020-05-19T06:39:25 prefetch.2.10.0: 1.2) 'SRR1600373.vdbcache' was downloaded successfully
2020-05-19T06:39:25 prefetch.2.10.0: 1) 'SRR1600373' was downloaded successfully
2020-05-19T06:39:52 prefetch.2.10.0: 'SRR1600373' has 86 unresolved dependencies
2020-05-19T06:39:52 prefetch.2.10.0: 2) Downloading 'ncbi-acc:CM000663.1?vdb-ctx=refseq'...
2020-05-19T06:39:52 prefetch.2.10.0:  Downloading via https...
2020-05-19T06:40:09 prefetch.2.10.0:  https download succeed
2020-05-19T06:40:09 prefetch.2.10.0: 2) 'ncbi-acc:CM000663.1?vdb-ctx=refseq' was downloaded successfully
2020-05-19T06:40:09 prefetch.2.10.0: 3) Downloading 'ncbi-acc:CM000664.1?vdb-ctx=refseq'...
2020-05-19T06:40:09 prefetch.2.10.0:  Downloading via https...
2020-05-19T06:40:23 prefetch.2.10.0:  https download succeed
2020-05-19T06:40:23 prefetch.2.10.0: 3) 'ncbi-acc:CM000664.1?vdb-ctx=refseq' was downloaded successfully
2020-05-19T06:40:23 prefetch.2.10.0: 4) Downloading 'ncbi-acc:CM000665.1?vdb-ctx=refseq'...
2020-05-19T06:40:23 prefetch.2.10.0:  Downloading via https...
2020-05-19T06:40:36 prefetch.2.10.0:  https download succeed
2020-05-19T06:40:36 prefetch.2.10.0: 4) 'ncbi-acc:CM000665.1?vdb-ctx=refseq' was downloaded successfully
2020-05-19T06:40:36 prefetch.2.10.0: 5) Downloading 'ncbi-acc:CM000666.1?vdb-ctx=refseq'...
2020-05-19T06:40:36 prefetch.2.10.0:  Downloading via https...
2020-05-19T06:40:48 prefetch.2.10.0:  https download succeed
2020-05-19T06:40:48 prefetch.2.10.0: 5) 'ncbi-acc:CM000666.1?vdb-ctx=refseq' was downloaded successfully
2020-05-19T06:40:48 prefetch.2.10.0: 6) Downloading 'ncbi-acc:CM000667.1?vdb-ctx=refseq'...
2020-05-19T06:40:48 prefetch.2.10.0:  Downloading via https...
2020-05-19T06:40:59 prefetch.2.10.0:  https download succeed
2020-05-19T06:40:59 prefetch.2.10.0: 6) 'ncbi-acc:CM000667.1?vdb-ctx=refseq' was downloaded successfully
2020-05-19T06:40:59 prefetch.2.10.0: 7) Downloading 'ncbi-acc:CM000668.1?vdb-ctx=refseq'...
2020-05-19T06:40:59 prefetch.2.10.0:  Downloading via https...
2020-05-19T06:41:05 prefetch.2.10.0:  https download succeed
2020-05-19T06:41:05 prefetch.2.10.0: 7) 'ncbi-acc:CM000668.1?vdb-ctx=refseq' was downloaded successfully
2020-05-19T06:41:05 prefetch.2.10.0: 8) Downloading 'ncbi-acc:CM000669.1?vdb-ctx=refseq'...
2020-05-19T06:41:05 prefetch.2.10.0:  Downloading via https...
2020-05-19T06:41:14 prefetch.2.10.0:  https download succeed
2020-05-19T06:41:14 prefetch.2.10.0: 8) 'ncbi-acc:CM000669.1?vdb-ctx=refseq' was downloaded successfully
2020-05-19T06:41:14 prefetch.2.10.0: 9) Downloading 'ncbi-acc:CM000670.1?vdb-ctx=refseq'...
2020-05-19T06:41:14 prefetch.2.10.0:  Downloading via https...
2020-05-19T06:41:23 prefetch.2.10.0:  https download succeed
2020-05-19T06:41:23 prefetch.2.10.0: 9) 'ncbi-acc:CM000670.1?vdb-ctx=refseq' was downloaded successfully
2020-05-19T06:41:23 prefetch.2.10.0: 10) Downloading 'ncbi-acc:CM000671.1?vdb-ctx=refseq'...
2020-05-19T06:41:23 prefetch.2.10.0:  Downloading via https...
2020-05-19T06:41:29 prefetch.2.10.0:  https download succeed
2020-05-19T06:41:29 prefetch.2.10.0: 10) 'ncbi-acc:CM000671.1?vdb-ctx=refseq' was downloaded successfully
2020-05-19T06:41:29 prefetch.2.10.0: 11) Downloading 'ncbi-acc:CM000672.1?vdb-ctx=refseq'...
2020-05-19T06:41:29 prefetch.2.10.0:  Downloading via https...
2020-05-19T06:41:38 prefetch.2.10.0:  https download succeed
2020-05-19T06:41:38 prefetch.2.10.0: 11) 'ncbi-acc:CM000672.1?vdb-ctx=refseq' was downloaded successfully
2020-05-19T06:41:38 prefetch.2.10.0: 12) Downloading 'ncbi-acc:CM000673.1?vdb-ctx=refseq'...
2020-05-19T06:41:38 prefetch.2.10.0:  Downloading via https...
2020-05-19T06:41:49 prefetch.2.10.0:  https download succeed
2020-05-19T06:41:49 prefetch.2.10.0: 12) 'ncbi-acc:CM000673.1?vdb-ctx=refseq' was downloaded successfully
2020-05-19T06:41:49 prefetch.2.10.0: 13) Downloading 'ncbi-acc:CM000674.1?vdb-ctx=refseq'...
2020-05-19T06:41:49 prefetch.2.10.0:  Downloading via https...
2020-05-19T06:49:45 prefetch.2.10.0:  https download succeed
2020-05-19T06:49:45 prefetch.2.10.0: 13) 'ncbi-acc:CM000674.1?vdb-ctx=refseq' was downloaded successfully
2020-05-19T06:49:45 prefetch.2.10.0: 14) Downloading 'ncbi-acc:CM000675.1?vdb-ctx=refseq'...
2020-05-19T06:49:45 prefetch.2.10.0:  Downloading via https...
2020-05-19T06:49:54 prefetch.2.10.0:  https download succeed
2020-05-19T06:49:54 prefetch.2.10.0: 14) 'ncbi-acc:CM000675.1?vdb-ctx=refseq' was downloaded successfully
2020-05-19T06:49:54 prefetch.2.10.0: 15) Downloading 'ncbi-acc:CM000676.1?vdb-ctx=refseq'...
2020-05-19T06:49:54 prefetch.2.10.0:  Downloading via https...
2020-05-19T06:50:01 prefetch.2.10.0:  https download succeed
2020-05-19T06:50:01 prefetch.2.10.0: 15) 'ncbi-acc:CM000676.1?vdb-ctx=refseq' was downloaded successfully
2020-05-19T06:50:01 prefetch.2.10.0: 16) Downloading 'ncbi-acc:CM000677.1?vdb-ctx=refseq'...
2020-05-19T06:50:01 prefetch.2.10.0:  Downloading via https...
2020-05-19T06:50:06 prefetch.2.10.0:  https download succeed
2020-05-19T06:50:06 prefetch.2.10.0: 16) 'ncbi-acc:CM000677.1?vdb-ctx=refseq' was downloaded successfully
2020-05-19T06:50:06 prefetch.2.10.0: 17) Downloading 'ncbi-acc:CM000678.1?vdb-ctx=refseq'...
2020-05-19T06:50:06 prefetch.2.10.0:  Downloading via https...
2020-05-19T06:50:13 prefetch.2.10.0:  https download succeed
2020-05-19T06:50:13 prefetch.2.10.0: 17) 'ncbi-acc:CM000678.1?vdb-ctx=refseq' was downloaded successfully
2020-05-19T06:50:13 prefetch.2.10.0: 18) Downloading 'ncbi-acc:CM000679.1?vdb-ctx=refseq'...
2020-05-19T06:50:13 prefetch.2.10.0:  Downloading via https...
2020-05-19T06:50:21 prefetch.2.10.0:  https download succeed
2020-05-19T06:50:21 prefetch.2.10.0: 18) 'ncbi-acc:CM000679.1?vdb-ctx=refseq' was downloaded successfully
2020-05-19T06:50:21 prefetch.2.10.0: 19) Downloading 'ncbi-acc:CM000680.1?vdb-ctx=refseq'...
2020-05-19T06:50:21 prefetch.2.10.0:  Downloading via https...
2020-05-19T06:50:30 prefetch.2.10.0:  https download succeed
2020-05-19T06:50:30 prefetch.2.10.0: 19) 'ncbi-acc:CM000680.1?vdb-ctx=refseq' was downloaded successfully
2020-05-19T06:50:30 prefetch.2.10.0: 20) Downloading 'ncbi-acc:CM000681.1?vdb-ctx=refseq'...
2020-05-19T06:50:30 prefetch.2.10.0:  Downloading via https...
2020-05-19T06:50:34 prefetch.2.10.0:  https download succeed
2020-05-19T06:50:34 prefetch.2.10.0: 20) 'ncbi-acc:CM000681.1?vdb-ctx=refseq' was downloaded successfully
2020-05-19T06:50:34 prefetch.2.10.0: 21) Downloading 'ncbi-acc:CM000682.1?vdb-ctx=refseq'...
2020-05-19T06:50:34 prefetch.2.10.0:  Downloading via https...
2020-05-19T06:50:39 prefetch.2.10.0:  https download succeed
2020-05-19T06:50:39 prefetch.2.10.0: 21) 'ncbi-acc:CM000682.1?vdb-ctx=refseq' was downloaded successfully
2020-05-19T06:50:39 prefetch.2.10.0: 22) Downloading 'ncbi-acc:CM000683.1?vdb-ctx=refseq'...
2020-05-19T06:50:39 prefetch.2.10.0:  Downloading via https...
2020-05-19T06:50:43 prefetch.2.10.0:  https download succeed
2020-05-19T06:50:43 prefetch.2.10.0: 22) 'ncbi-acc:CM000683.1?vdb-ctx=refseq' was downloaded successfully
2020-05-19T06:50:43 prefetch.2.10.0: 23) Downloading 'ncbi-acc:CM000684.1?vdb-ctx=refseq'...
2020-05-19T06:50:43 prefetch.2.10.0:  Downloading via https...
2020-05-19T06:50:47 prefetch.2.10.0:  https download succeed
2020-05-19T06:50:47 prefetch.2.10.0: 23) 'ncbi-acc:CM000684.1?vdb-ctx=refseq' was downloaded successfully
2020-05-19T06:50:47 prefetch.2.10.0: 24) Downloading 'ncbi-acc:CM000685.1?vdb-ctx=refseq'...
2020-05-19T06:50:47 prefetch.2.10.0:  Downloading via https...
2020-05-19T06:50:59 prefetch.2.10.0:  https download succeed
2020-05-19T06:50:59 prefetch.2.10.0: 24) 'ncbi-acc:CM000685.1?vdb-ctx=refseq' was downloaded successfully
2020-05-19T06:50:59 prefetch.2.10.0: 25) Downloading 'ncbi-acc:CM000686.1?vdb-ctx=refseq'...
2020-05-19T06:50:59 prefetch.2.10.0:  Downloading via https...
2020-05-19T06:51:03 prefetch.2.10.0:  https download succeed
2020-05-19T06:51:03 prefetch.2.10.0: 25) 'ncbi-acc:CM000686.1?vdb-ctx=refseq' was downloaded successfully
2020-05-19T06:51:03 prefetch.2.10.0: 26) Downloading 'ncbi-acc:GL000191.1?vdb-ctx=refseq'...
2020-05-19T06:51:03 prefetch.2.10.0:  Downloading via https...
2020-05-19T06:59:33 prefetch.2.10.0 int: connection failed while opening file within cryptographic module - Cannot KNSManagerMakeClientRequest: https://sra-download.ncbi.nlm.nih.gov/traces/refseq/GL000191.1
2020-05-19T06:59:33 prefetch.2.10.0:  https download failed
2020-05-19T06:59:33 prefetch.2.10.0: 26) failed to download ncbi-acc:GL000191.1?vdb-ctx=refseq
Done.
Dumping fastq file for SRR1600373
2020-05-19T11:02:12 fastq-dump.2.10.0 err: connection failed while opening file within cryptographic module - error with https open 'https://sra-download.ncbi.nlm.nih.gov/traces/refseq/GL000208.1'
2020-05-19T11:06:14 fastq-dump.2.10.0 err: connection failed while opening file within cryptographic module - error with https open 'https://sra-download.ncbi.nlm.nih.gov/traces/refseq/GL000208.1'
2020-05-19T11:56:18 fastq-dump.2.10.0 err: connection failed while opening file within cryptographic module - error with https open 'https://sra-download.ncbi.nlm.nih.gov/traces/refseq/GL000220.1'
2020-05-19T12:09:52 fastq-dump.2.10.0 err: connection failed while opening file within cryptographic module - error with https open 'https://sra-download.ncbi.nlm.nih.gov/traces/refseq/GL000199.1'
2020-05-19T12:16:12 fastq-dump.2.10.0 err: connection failed while opening file within cryptographic module - error with https open 'https://sra-download.ncbi.nlm.nih.gov/traces/refseq/GL000216.1'
2020-05-19T12:20:31 fastq-dump.2.10.0 err: connection failed while opening file within cryptographic module - error with https open 'https://sra-download.ncbi.nlm.nih.gov/traces/refseq/GL000228.1'
2020-05-19T12:44:33 fastq-dump.2.10.0 err: connection failed while opening file within cryptographic module - error with https open 'https://sra-download.ncbi.nlm.nih.gov/traces/refseq/GL000224.1'
2020-05-19T13:10:32 fastq-dump.2.10.0 err: connection failed while opening file within cryptographic module - error with https open 'https://sra-download.ncbi.nlm.nih.gov/traces/refseq/NC_007605.1'
2020-05-19T13:24:51 fastq-dump.2.10.0 err: directory not found while opening manager within virtual file system module - failed SRR1600373

=============================================================
An error occurred during processing.
A report was generated into the file '/rhome/arajewski/ncbi_error_report.txt'.
If the problem persists, you may consider sending the file
to 'sra-tools@ncbi.nlm.nih.gov' for assistance.
=============================================================

Done.
