Prefetching SRR1596798...

2020-05-18T22:00:03 prefetch.2.10.0: 1) Downloading 'SRR1596798'...
2020-05-18T22:00:03 prefetch.2.10.0:  Downloading via https...
2020-05-18T22:48:52 prefetch.2.10.0:  https download succeed
2020-05-18T22:48:52 prefetch.2.10.0: 1,2) Downloading 'SRR1596798.vdbcache'...
2020-05-18T22:48:52 prefetch.2.10.0:  Downloading via https...
2020-05-18T22:52:08 prefetch.2.10.0:  https download succeed
2020-05-18T22:52:08 prefetch.2.10.0: 1.2) 'SRR1596798.vdbcache' was downloaded successfully
2020-05-18T22:52:08 prefetch.2.10.0: 1) 'SRR1596798' was downloaded successfully
2020-05-18T22:52:35 prefetch.2.10.0: 'SRR1596798' has 86 unresolved dependencies
2020-05-18T22:52:35 prefetch.2.10.0: 2) Downloading 'ncbi-acc:CM000663.1?vdb-ctx=refseq'...
2020-05-18T22:52:35 prefetch.2.10.0:  Downloading via https...
2020-05-18T22:53:16 prefetch.2.10.0:  https download succeed
2020-05-18T22:53:16 prefetch.2.10.0: 2) 'ncbi-acc:CM000663.1?vdb-ctx=refseq' was downloaded successfully
2020-05-18T22:53:16 prefetch.2.10.0: 3) Downloading 'ncbi-acc:CM000664.1?vdb-ctx=refseq'...
2020-05-18T22:53:16 prefetch.2.10.0:  Downloading via https...
2020-05-18T22:54:03 prefetch.2.10.0:  https download succeed
2020-05-18T22:54:03 prefetch.2.10.0: 3) 'ncbi-acc:CM000664.1?vdb-ctx=refseq' was downloaded successfully
2020-05-18T22:54:03 prefetch.2.10.0: 4) Downloading 'ncbi-acc:CM000665.1?vdb-ctx=refseq'...
2020-05-18T22:54:03 prefetch.2.10.0:  Downloading via https...
2020-05-18T22:54:51 prefetch.2.10.0:  https download succeed
2020-05-18T22:54:51 prefetch.2.10.0: 4) 'ncbi-acc:CM000665.1?vdb-ctx=refseq' was downloaded successfully
2020-05-18T22:54:51 prefetch.2.10.0: 5) Downloading 'ncbi-acc:CM000666.1?vdb-ctx=refseq'...
2020-05-18T22:54:51 prefetch.2.10.0:  Downloading via https...
2020-05-18T22:55:25 prefetch.2.10.0:  https download succeed
2020-05-18T22:55:25 prefetch.2.10.0: 5) 'ncbi-acc:CM000666.1?vdb-ctx=refseq' was downloaded successfully
2020-05-18T22:55:25 prefetch.2.10.0: 6) Downloading 'ncbi-acc:CM000667.1?vdb-ctx=refseq'...
2020-05-18T22:55:25 prefetch.2.10.0:  Downloading via https...
2020-05-18T22:56:08 prefetch.2.10.0:  https download succeed
2020-05-18T22:56:08 prefetch.2.10.0: 6) 'ncbi-acc:CM000667.1?vdb-ctx=refseq' was downloaded successfully
2020-05-18T22:56:08 prefetch.2.10.0: 7) Downloading 'ncbi-acc:CM000668.1?vdb-ctx=refseq'...
2020-05-18T22:56:08 prefetch.2.10.0:  Downloading via https...
2020-05-18T22:56:45 prefetch.2.10.0:  https download succeed
2020-05-18T22:56:45 prefetch.2.10.0: 7) 'ncbi-acc:CM000668.1?vdb-ctx=refseq' was downloaded successfully
2020-05-18T22:56:45 prefetch.2.10.0: 8) Downloading 'ncbi-acc:CM000669.1?vdb-ctx=refseq'...
2020-05-18T22:56:45 prefetch.2.10.0:  Downloading via https...
2020-05-18T22:57:13 prefetch.2.10.0:  https download succeed
2020-05-18T22:57:13 prefetch.2.10.0: 8) 'ncbi-acc:CM000669.1?vdb-ctx=refseq' was downloaded successfully
2020-05-18T22:57:13 prefetch.2.10.0: 9) Downloading 'ncbi-acc:CM000670.1?vdb-ctx=refseq'...
2020-05-18T22:57:13 prefetch.2.10.0:  Downloading via https...
2020-05-18T22:57:39 prefetch.2.10.0:  https download succeed
2020-05-18T22:57:39 prefetch.2.10.0: 9) 'ncbi-acc:CM000670.1?vdb-ctx=refseq' was downloaded successfully
2020-05-18T22:57:39 prefetch.2.10.0: 10) Downloading 'ncbi-acc:CM000671.1?vdb-ctx=refseq'...
2020-05-18T22:57:39 prefetch.2.10.0:  Downloading via https...
2020-05-18T22:58:06 prefetch.2.10.0:  https download succeed
2020-05-18T22:58:06 prefetch.2.10.0: 10) 'ncbi-acc:CM000671.1?vdb-ctx=refseq' was downloaded successfully
2020-05-18T22:58:06 prefetch.2.10.0: 11) Downloading 'ncbi-acc:CM000672.1?vdb-ctx=refseq'...
2020-05-18T22:58:06 prefetch.2.10.0:  Downloading via https...
2020-05-18T22:58:28 prefetch.2.10.0:  https download succeed
2020-05-18T22:58:28 prefetch.2.10.0: 11) 'ncbi-acc:CM000672.1?vdb-ctx=refseq' was downloaded successfully
2020-05-18T22:58:29 prefetch.2.10.0: 12) Downloading 'ncbi-acc:CM000673.1?vdb-ctx=refseq'...
2020-05-18T22:58:29 prefetch.2.10.0:  Downloading via https...
2020-05-18T23:01:48 prefetch.2.10.0 int: transfer incomplete while reading file within network system module - Cannot KStreamRead: https://sra-download.ncbi.nlm.nih.gov/traces/refseq/CM000673.1
2020-05-18T23:01:48 prefetch.2.10.0:  https download failed
2020-05-18T23:01:48 prefetch.2.10.0: 12) failed to download ncbi-acc:CM000673.1?vdb-ctx=refseq
Done.
Dumping fastq file for SRR1596798
slurmstepd-i37: error: *** JOB 1140000 ON i37 CANCELLED AT 2020-05-19T03:00:04 DUE TO TIME LIMIT ***
