Prefetching SRR1596808...

2020-05-18T22:00:02 prefetch.2.10.0: 1) Downloading 'SRR1596808'...
2020-05-18T22:00:02 prefetch.2.10.0:  Downloading via https...
2020-05-18T22:50:58 prefetch.2.10.0:  https download succeed
2020-05-18T22:50:58 prefetch.2.10.0: 1,2) Downloading 'SRR1596808.vdbcache'...
2020-05-18T22:50:58 prefetch.2.10.0:  Downloading via https...
2020-05-18T22:54:24 prefetch.2.10.0:  https download succeed
2020-05-18T22:54:24 prefetch.2.10.0: 1.2) 'SRR1596808.vdbcache' was downloaded successfully
2020-05-18T22:54:24 prefetch.2.10.0: 1) 'SRR1596808' was downloaded successfully
2020-05-18T22:54:50 prefetch.2.10.0: 'SRR1596808' has 86 unresolved dependencies
2020-05-18T22:54:50 prefetch.2.10.0: 2) Downloading 'ncbi-acc:CM000663.1?vdb-ctx=refseq'...
2020-05-18T22:54:50 prefetch.2.10.0:  Downloading via https...
2020-05-18T22:55:23 prefetch.2.10.0:  https download succeed
2020-05-18T22:55:23 prefetch.2.10.0: 2) 'ncbi-acc:CM000663.1?vdb-ctx=refseq' was downloaded successfully
2020-05-18T22:55:23 prefetch.2.10.0: 3) Downloading 'ncbi-acc:CM000664.1?vdb-ctx=refseq'...
2020-05-18T22:55:23 prefetch.2.10.0:  Downloading via https...
2020-05-18T22:56:21 prefetch.2.10.0:  https download succeed
2020-05-18T22:56:21 prefetch.2.10.0: 3) 'ncbi-acc:CM000664.1?vdb-ctx=refseq' was downloaded successfully
2020-05-18T22:56:21 prefetch.2.10.0: 4) Downloading 'ncbi-acc:CM000665.1?vdb-ctx=refseq'...
2020-05-18T22:56:21 prefetch.2.10.0:  Downloading via https...
2020-05-18T22:56:52 prefetch.2.10.0:  https download succeed
2020-05-18T22:56:52 prefetch.2.10.0: 4) 'ncbi-acc:CM000665.1?vdb-ctx=refseq' was downloaded successfully
2020-05-18T22:56:52 prefetch.2.10.0: 5) Downloading 'ncbi-acc:CM000666.1?vdb-ctx=refseq'...
2020-05-18T22:56:52 prefetch.2.10.0:  Downloading via https...
2020-05-18T22:57:40 prefetch.2.10.0:  https download succeed
2020-05-18T22:57:40 prefetch.2.10.0: 5) 'ncbi-acc:CM000666.1?vdb-ctx=refseq' was downloaded successfully
2020-05-18T22:57:40 prefetch.2.10.0: 6) Downloading 'ncbi-acc:CM000667.1?vdb-ctx=refseq'...
2020-05-18T22:57:40 prefetch.2.10.0:  Downloading via https...
2020-05-18T22:58:01 prefetch.2.10.0:  https download succeed
2020-05-18T22:58:01 prefetch.2.10.0: 6) 'ncbi-acc:CM000667.1?vdb-ctx=refseq' was downloaded successfully
2020-05-18T22:58:01 prefetch.2.10.0: 7) Downloading 'ncbi-acc:CM000668.1?vdb-ctx=refseq'...
2020-05-18T22:58:01 prefetch.2.10.0:  Downloading via https...
2020-05-18T22:58:30 prefetch.2.10.0:  https download succeed
2020-05-18T22:58:30 prefetch.2.10.0: 7) 'ncbi-acc:CM000668.1?vdb-ctx=refseq' was downloaded successfully
2020-05-18T22:58:30 prefetch.2.10.0: 8) Downloading 'ncbi-acc:CM000669.1?vdb-ctx=refseq'...
2020-05-18T22:58:30 prefetch.2.10.0:  Downloading via https...
2020-05-18T22:59:02 prefetch.2.10.0:  https download succeed
2020-05-18T22:59:02 prefetch.2.10.0: 8) 'ncbi-acc:CM000669.1?vdb-ctx=refseq' was downloaded successfully
2020-05-18T22:59:02 prefetch.2.10.0: 9) Downloading 'ncbi-acc:CM000670.1?vdb-ctx=refseq'...
2020-05-18T22:59:02 prefetch.2.10.0:  Downloading via https...
2020-05-18T22:59:27 prefetch.2.10.0:  https download succeed
2020-05-18T22:59:27 prefetch.2.10.0: 9) 'ncbi-acc:CM000670.1?vdb-ctx=refseq' was downloaded successfully
2020-05-18T22:59:27 prefetch.2.10.0: 10) Downloading 'ncbi-acc:CM000671.1?vdb-ctx=refseq'...
2020-05-18T22:59:27 prefetch.2.10.0:  Downloading via https...
2020-05-18T22:59:50 prefetch.2.10.0:  https download succeed
2020-05-18T22:59:50 prefetch.2.10.0: 10) 'ncbi-acc:CM000671.1?vdb-ctx=refseq' was downloaded successfully
2020-05-18T22:59:50 prefetch.2.10.0: 11) Downloading 'ncbi-acc:CM000672.1?vdb-ctx=refseq'...
2020-05-18T22:59:50 prefetch.2.10.0:  Downloading via https...
2020-05-18T23:00:02 prefetch.2.10.0:  https download succeed
2020-05-18T23:00:02 prefetch.2.10.0: 11) 'ncbi-acc:CM000672.1?vdb-ctx=refseq' was downloaded successfully
2020-05-18T23:00:02 prefetch.2.10.0: 12) Downloading 'ncbi-acc:CM000673.1?vdb-ctx=refseq'...
2020-05-18T23:00:02 prefetch.2.10.0:  Downloading via https...
2020-05-18T23:00:28 prefetch.2.10.0:  https download succeed
2020-05-18T23:00:28 prefetch.2.10.0: 12) 'ncbi-acc:CM000673.1?vdb-ctx=refseq' was downloaded successfully
2020-05-18T23:00:28 prefetch.2.10.0: 13) Downloading 'ncbi-acc:CM000674.1?vdb-ctx=refseq'...
2020-05-18T23:00:28 prefetch.2.10.0:  Downloading via https...
2020-05-18T23:00:57 prefetch.2.10.0:  https download succeed
2020-05-18T23:00:57 prefetch.2.10.0: 13) 'ncbi-acc:CM000674.1?vdb-ctx=refseq' was downloaded successfully
2020-05-18T23:00:57 prefetch.2.10.0: 14) Downloading 'ncbi-acc:CM000675.1?vdb-ctx=refseq'...
2020-05-18T23:00:57 prefetch.2.10.0:  Downloading via https...
2020-05-18T23:01:26 prefetch.2.10.0:  https download succeed
2020-05-18T23:01:26 prefetch.2.10.0: 14) 'ncbi-acc:CM000675.1?vdb-ctx=refseq' was downloaded successfully
2020-05-18T23:01:26 prefetch.2.10.0: 15) Downloading 'ncbi-acc:CM000676.1?vdb-ctx=refseq'...
2020-05-18T23:01:26 prefetch.2.10.0:  Downloading via https...
2020-05-18T23:01:42 prefetch.2.10.0:  https download succeed
2020-05-18T23:01:42 prefetch.2.10.0: 15) 'ncbi-acc:CM000676.1?vdb-ctx=refseq' was downloaded successfully
2020-05-18T23:01:42 prefetch.2.10.0: 16) Downloading 'ncbi-acc:CM000677.1?vdb-ctx=refseq'...
2020-05-18T23:01:42 prefetch.2.10.0:  Downloading via https...
2020-05-18T23:01:59 prefetch.2.10.0:  https download succeed
2020-05-18T23:01:59 prefetch.2.10.0: 16) 'ncbi-acc:CM000677.1?vdb-ctx=refseq' was downloaded successfully
2020-05-18T23:01:59 prefetch.2.10.0: 17) Downloading 'ncbi-acc:CM000678.1?vdb-ctx=refseq'...
2020-05-18T23:01:59 prefetch.2.10.0:  Downloading via https...
2020-05-18T23:02:19 prefetch.2.10.0:  https download succeed
2020-05-18T23:02:19 prefetch.2.10.0: 17) 'ncbi-acc:CM000678.1?vdb-ctx=refseq' was downloaded successfully
2020-05-18T23:02:19 prefetch.2.10.0: 18) Downloading 'ncbi-acc:CM000679.1?vdb-ctx=refseq'...
2020-05-18T23:02:19 prefetch.2.10.0:  Downloading via https...
2020-05-18T23:02:39 prefetch.2.10.0:  https download succeed
2020-05-18T23:02:39 prefetch.2.10.0: 18) 'ncbi-acc:CM000679.1?vdb-ctx=refseq' was downloaded successfully
2020-05-18T23:02:39 prefetch.2.10.0: 19) Downloading 'ncbi-acc:CM000680.1?vdb-ctx=refseq'...
2020-05-18T23:02:39 prefetch.2.10.0:  Downloading via https...
2020-05-18T23:02:50 prefetch.2.10.0:  https download succeed
2020-05-18T23:02:50 prefetch.2.10.0: 19) 'ncbi-acc:CM000680.1?vdb-ctx=refseq' was downloaded successfully
2020-05-18T23:02:50 prefetch.2.10.0: 20) Downloading 'ncbi-acc:CM000681.1?vdb-ctx=refseq'...
2020-05-18T23:02:50 prefetch.2.10.0:  Downloading via https...
2020-05-18T23:03:00 prefetch.2.10.0:  https download succeed
2020-05-18T23:03:00 prefetch.2.10.0: 20) 'ncbi-acc:CM000681.1?vdb-ctx=refseq' was downloaded successfully
2020-05-18T23:03:00 prefetch.2.10.0: 21) Downloading 'ncbi-acc:CM000682.1?vdb-ctx=refseq'...
2020-05-18T23:03:00 prefetch.2.10.0:  Downloading via https...
2020-05-18T23:03:14 prefetch.2.10.0:  https download succeed
2020-05-18T23:03:14 prefetch.2.10.0: 21) 'ncbi-acc:CM000682.1?vdb-ctx=refseq' was downloaded successfully
2020-05-18T23:03:14 prefetch.2.10.0: 22) Downloading 'ncbi-acc:CM000683.1?vdb-ctx=refseq'...
2020-05-18T23:03:14 prefetch.2.10.0:  Downloading via https...
2020-05-18T23:03:22 prefetch.2.10.0:  https download succeed
2020-05-18T23:03:22 prefetch.2.10.0: 22) 'ncbi-acc:CM000683.1?vdb-ctx=refseq' was downloaded successfully
2020-05-18T23:03:22 prefetch.2.10.0: 23) Downloading 'ncbi-acc:CM000684.1?vdb-ctx=refseq'...
2020-05-18T23:03:22 prefetch.2.10.0:  Downloading via https...
2020-05-18T23:03:31 prefetch.2.10.0:  https download succeed
2020-05-18T23:03:31 prefetch.2.10.0: 23) 'ncbi-acc:CM000684.1?vdb-ctx=refseq' was downloaded successfully
2020-05-18T23:03:31 prefetch.2.10.0: 24) Downloading 'ncbi-acc:CM000685.1?vdb-ctx=refseq'...
2020-05-18T23:03:31 prefetch.2.10.0:  Downloading via https...
2020-05-18T23:04:05 prefetch.2.10.0:  https download succeed
2020-05-18T23:04:05 prefetch.2.10.0: 24) 'ncbi-acc:CM000685.1?vdb-ctx=refseq' was downloaded successfully
2020-05-18T23:04:05 prefetch.2.10.0: 25) Downloading 'ncbi-acc:CM000686.1?vdb-ctx=refseq'...
2020-05-18T23:04:05 prefetch.2.10.0:  Downloading via https...
2020-05-18T23:04:09 prefetch.2.10.0:  https download succeed
2020-05-18T23:04:09 prefetch.2.10.0: 25) 'ncbi-acc:CM000686.1?vdb-ctx=refseq' was downloaded successfully
2020-05-18T23:04:09 prefetch.2.10.0: 26) Downloading 'ncbi-acc:GL000191.1?vdb-ctx=refseq'...
2020-05-18T23:04:09 prefetch.2.10.0:  Downloading via https...
2020-05-18T23:04:10 prefetch.2.10.0:  https download succeed
2020-05-18T23:04:10 prefetch.2.10.0: 26) 'ncbi-acc:GL000191.1?vdb-ctx=refseq' was downloaded successfully
2020-05-18T23:04:10 prefetch.2.10.0: 27) Downloading 'ncbi-acc:GL000192.1?vdb-ctx=refseq'...
2020-05-18T23:04:10 prefetch.2.10.0:  Downloading via https...
2020-05-18T23:04:10 prefetch.2.10.0:  https download succeed
2020-05-18T23:04:10 prefetch.2.10.0: 27) 'ncbi-acc:GL000192.1?vdb-ctx=refseq' was downloaded successfully
2020-05-18T23:04:10 prefetch.2.10.0: 28) Downloading 'ncbi-acc:GL000193.1?vdb-ctx=refseq'...
2020-05-18T23:04:10 prefetch.2.10.0:  Downloading via https...
2020-05-18T23:04:11 prefetch.2.10.0:  https download succeed
2020-05-18T23:04:11 prefetch.2.10.0: 28) 'ncbi-acc:GL000193.1?vdb-ctx=refseq' was downloaded successfully
2020-05-18T23:04:11 prefetch.2.10.0: 29) Downloading 'ncbi-acc:GL000194.1?vdb-ctx=refseq'...
2020-05-18T23:04:11 prefetch.2.10.0:  Downloading via https...
2020-05-18T23:04:11 prefetch.2.10.0:  https download succeed
2020-05-18T23:04:11 prefetch.2.10.0: 29) 'ncbi-acc:GL000194.1?vdb-ctx=refseq' was downloaded successfully
2020-05-18T23:04:11 prefetch.2.10.0: 30) Downloading 'ncbi-acc:GL000195.1?vdb-ctx=refseq'...
2020-05-18T23:04:11 prefetch.2.10.0:  Downloading via https...
2020-05-18T23:04:12 prefetch.2.10.0:  https download succeed
2020-05-18T23:04:12 prefetch.2.10.0: 30) 'ncbi-acc:GL000195.1?vdb-ctx=refseq' was downloaded successfully
2020-05-18T23:04:12 prefetch.2.10.0: 31) Downloading 'ncbi-acc:GL000196.1?vdb-ctx=refseq'...
2020-05-18T23:04:12 prefetch.2.10.0:  Downloading via https...
2020-05-18T23:04:12 prefetch.2.10.0:  https download succeed
2020-05-18T23:04:12 prefetch.2.10.0: 31) 'ncbi-acc:GL000196.1?vdb-ctx=refseq' was downloaded successfully
2020-05-18T23:04:12 prefetch.2.10.0: 32) Downloading 'ncbi-acc:GL000197.1?vdb-ctx=refseq'...
2020-05-18T23:04:12 prefetch.2.10.0:  Downloading via https...
2020-05-18T23:04:12 prefetch.2.10.0:  https download succeed
2020-05-18T23:04:12 prefetch.2.10.0: 32) 'ncbi-acc:GL000197.1?vdb-ctx=refseq' was downloaded successfully
2020-05-18T23:04:12 prefetch.2.10.0: 33) Downloading 'ncbi-acc:GL000198.1?vdb-ctx=refseq'...
2020-05-18T23:04:12 prefetch.2.10.0:  Downloading via https...
2020-05-18T23:04:13 prefetch.2.10.0:  https download succeed
2020-05-18T23:04:13 prefetch.2.10.0: 33) 'ncbi-acc:GL000198.1?vdb-ctx=refseq' was downloaded successfully
2020-05-18T23:04:13 prefetch.2.10.0: 34) Downloading 'ncbi-acc:GL000199.1?vdb-ctx=refseq'...
2020-05-18T23:04:13 prefetch.2.10.0:  Downloading via https...
2020-05-18T23:04:13 prefetch.2.10.0:  https download succeed
2020-05-18T23:04:13 prefetch.2.10.0: 34) 'ncbi-acc:GL000199.1?vdb-ctx=refseq' was downloaded successfully
2020-05-18T23:04:13 prefetch.2.10.0: 35) Downloading 'ncbi-acc:GL000200.1?vdb-ctx=refseq'...
2020-05-18T23:04:13 prefetch.2.10.0:  Downloading via https...
2020-05-18T23:04:14 prefetch.2.10.0:  https download succeed
2020-05-18T23:04:14 prefetch.2.10.0: 35) 'ncbi-acc:GL000200.1?vdb-ctx=refseq' was downloaded successfully
2020-05-18T23:04:14 prefetch.2.10.0: 36) Downloading 'ncbi-acc:GL000201.1?vdb-ctx=refseq'...
2020-05-18T23:04:14 prefetch.2.10.0:  Downloading via https...
2020-05-18T23:04:14 prefetch.2.10.0:  https download succeed
2020-05-18T23:04:14 prefetch.2.10.0: 36) 'ncbi-acc:GL000201.1?vdb-ctx=refseq' was downloaded successfully
2020-05-18T23:04:14 prefetch.2.10.0: 37) Downloading 'ncbi-acc:GL000202.1?vdb-ctx=refseq'...
2020-05-18T23:04:14 prefetch.2.10.0:  Downloading via https...
2020-05-18T23:04:14 prefetch.2.10.0:  https download succeed
2020-05-18T23:04:14 prefetch.2.10.0: 37) 'ncbi-acc:GL000202.1?vdb-ctx=refseq' was downloaded successfully
2020-05-18T23:04:14 prefetch.2.10.0: 38) Downloading 'ncbi-acc:GL000203.1?vdb-ctx=refseq'...
2020-05-18T23:04:14 prefetch.2.10.0:  Downloading via https...
2020-05-18T23:04:15 prefetch.2.10.0:  https download succeed
2020-05-18T23:04:15 prefetch.2.10.0: 38) 'ncbi-acc:GL000203.1?vdb-ctx=refseq' was downloaded successfully
2020-05-18T23:04:15 prefetch.2.10.0: 39) Downloading 'ncbi-acc:GL000204.1?vdb-ctx=refseq'...
2020-05-18T23:04:15 prefetch.2.10.0:  Downloading via https...
2020-05-18T23:04:15 prefetch.2.10.0:  https download succeed
2020-05-18T23:04:15 prefetch.2.10.0: 39) 'ncbi-acc:GL000204.1?vdb-ctx=refseq' was downloaded successfully
2020-05-18T23:04:15 prefetch.2.10.0: 40) Downloading 'ncbi-acc:GL000205.1?vdb-ctx=refseq'...
2020-05-18T23:04:15 prefetch.2.10.0:  Downloading via https...
2020-05-18T23:04:16 prefetch.2.10.0:  https download succeed
2020-05-18T23:04:16 prefetch.2.10.0: 40) 'ncbi-acc:GL000205.1?vdb-ctx=refseq' was downloaded successfully
2020-05-18T23:04:16 prefetch.2.10.0: 41) Downloading 'ncbi-acc:GL000206.1?vdb-ctx=refseq'...
2020-05-18T23:04:16 prefetch.2.10.0:  Downloading via https...
2020-05-18T23:04:16 prefetch.2.10.0:  https download succeed
2020-05-18T23:04:16 prefetch.2.10.0: 41) 'ncbi-acc:GL000206.1?vdb-ctx=refseq' was downloaded successfully
2020-05-18T23:04:16 prefetch.2.10.0: 42) Downloading 'ncbi-acc:GL000207.1?vdb-ctx=refseq'...
2020-05-18T23:04:16 prefetch.2.10.0:  Downloading via https...
2020-05-18T23:04:16 prefetch.2.10.0:  https download succeed
2020-05-18T23:04:16 prefetch.2.10.0: 42) 'ncbi-acc:GL000207.1?vdb-ctx=refseq' was downloaded successfully
2020-05-18T23:04:16 prefetch.2.10.0: 43) Downloading 'ncbi-acc:GL000208.1?vdb-ctx=refseq'...
2020-05-18T23:04:16 prefetch.2.10.0:  Downloading via https...
2020-05-18T23:04:17 prefetch.2.10.0:  https download succeed
2020-05-18T23:04:17 prefetch.2.10.0: 43) 'ncbi-acc:GL000208.1?vdb-ctx=refseq' was downloaded successfully
2020-05-18T23:04:17 prefetch.2.10.0: 44) Downloading 'ncbi-acc:GL000209.1?vdb-ctx=refseq'...
2020-05-18T23:04:17 prefetch.2.10.0:  Downloading via https...
2020-05-18T23:04:17 prefetch.2.10.0:  https download succeed
2020-05-18T23:04:17 prefetch.2.10.0: 44) 'ncbi-acc:GL000209.1?vdb-ctx=refseq' was downloaded successfully
2020-05-18T23:04:17 prefetch.2.10.0: 45) Downloading 'ncbi-acc:GL000210.1?vdb-ctx=refseq'...
2020-05-18T23:04:17 prefetch.2.10.0:  Downloading via https...
2020-05-18T23:04:18 prefetch.2.10.0:  https download succeed
2020-05-18T23:04:18 prefetch.2.10.0: 45) 'ncbi-acc:GL000210.1?vdb-ctx=refseq' was downloaded successfully
2020-05-18T23:04:18 prefetch.2.10.0: 46) Downloading 'ncbi-acc:GL000211.1?vdb-ctx=refseq'...
2020-05-18T23:04:18 prefetch.2.10.0:  Downloading via https...
2020-05-18T23:04:18 prefetch.2.10.0:  https download succeed
2020-05-18T23:04:18 prefetch.2.10.0: 46) 'ncbi-acc:GL000211.1?vdb-ctx=refseq' was downloaded successfully
2020-05-18T23:04:18 prefetch.2.10.0: 47) Downloading 'ncbi-acc:GL000212.1?vdb-ctx=refseq'...
2020-05-18T23:04:18 prefetch.2.10.0:  Downloading via https...
2020-05-18T23:04:19 prefetch.2.10.0:  https download succeed
2020-05-18T23:04:19 prefetch.2.10.0: 47) 'ncbi-acc:GL000212.1?vdb-ctx=refseq' was downloaded successfully
2020-05-18T23:04:19 prefetch.2.10.0: 48) Downloading 'ncbi-acc:GL000213.1?vdb-ctx=refseq'...
2020-05-18T23:04:19 prefetch.2.10.0:  Downloading via https...
2020-05-18T23:04:19 prefetch.2.10.0:  https download succeed
2020-05-18T23:04:19 prefetch.2.10.0: 48) 'ncbi-acc:GL000213.1?vdb-ctx=refseq' was downloaded successfully
2020-05-18T23:04:19 prefetch.2.10.0: 49) Downloading 'ncbi-acc:GL000214.1?vdb-ctx=refseq'...
2020-05-18T23:04:19 prefetch.2.10.0:  Downloading via https...
2020-05-18T23:04:20 prefetch.2.10.0:  https download succeed
2020-05-18T23:04:20 prefetch.2.10.0: 49) 'ncbi-acc:GL000214.1?vdb-ctx=refseq' was downloaded successfully
2020-05-18T23:04:20 prefetch.2.10.0: 50) Downloading 'ncbi-acc:GL000215.1?vdb-ctx=refseq'...
2020-05-18T23:04:20 prefetch.2.10.0:  Downloading via https...
2020-05-18T23:04:20 prefetch.2.10.0:  https download succeed
2020-05-18T23:04:20 prefetch.2.10.0: 50) 'ncbi-acc:GL000215.1?vdb-ctx=refseq' was downloaded successfully
2020-05-18T23:04:20 prefetch.2.10.0: 51) Downloading 'ncbi-acc:GL000216.1?vdb-ctx=refseq'...
2020-05-18T23:04:20 prefetch.2.10.0:  Downloading via https...
2020-05-18T23:04:20 prefetch.2.10.0:  https download succeed
2020-05-18T23:04:20 prefetch.2.10.0: 51) 'ncbi-acc:GL000216.1?vdb-ctx=refseq' was downloaded successfully
2020-05-18T23:04:20 prefetch.2.10.0: 52) Downloading 'ncbi-acc:GL000217.1?vdb-ctx=refseq'...
2020-05-18T23:04:20 prefetch.2.10.0:  Downloading via https...
2020-05-18T23:04:21 prefetch.2.10.0:  https download succeed
2020-05-18T23:04:21 prefetch.2.10.0: 52) 'ncbi-acc:GL000217.1?vdb-ctx=refseq' was downloaded successfully
2020-05-18T23:04:21 prefetch.2.10.0: 53) Downloading 'ncbi-acc:GL000218.1?vdb-ctx=refseq'...
2020-05-18T23:04:21 prefetch.2.10.0:  Downloading via https...
2020-05-18T23:04:22 prefetch.2.10.0:  https download succeed
2020-05-18T23:04:22 prefetch.2.10.0: 53) 'ncbi-acc:GL000218.1?vdb-ctx=refseq' was downloaded successfully
2020-05-18T23:04:22 prefetch.2.10.0: 54) Downloading 'ncbi-acc:GL000219.1?vdb-ctx=refseq'...
2020-05-18T23:04:22 prefetch.2.10.0:  Downloading via https...
2020-05-18T23:04:22 prefetch.2.10.0:  https download succeed
2020-05-18T23:04:22 prefetch.2.10.0: 54) 'ncbi-acc:GL000219.1?vdb-ctx=refseq' was downloaded successfully
2020-05-18T23:04:22 prefetch.2.10.0: 55) Downloading 'ncbi-acc:GL000220.1?vdb-ctx=refseq'...
2020-05-18T23:04:22 prefetch.2.10.0:  Downloading via https...
2020-05-18T23:04:23 prefetch.2.10.0:  https download succeed
2020-05-18T23:04:23 prefetch.2.10.0: 55) 'ncbi-acc:GL000220.1?vdb-ctx=refseq' was downloaded successfully
2020-05-18T23:04:23 prefetch.2.10.0: 56) Downloading 'ncbi-acc:GL000221.1?vdb-ctx=refseq'...
2020-05-18T23:04:23 prefetch.2.10.0:  Downloading via https...
2020-05-18T23:04:23 prefetch.2.10.0:  https download succeed
2020-05-18T23:04:23 prefetch.2.10.0: 56) 'ncbi-acc:GL000221.1?vdb-ctx=refseq' was downloaded successfully
2020-05-18T23:04:23 prefetch.2.10.0: 57) Downloading 'ncbi-acc:GL000222.1?vdb-ctx=refseq'...
2020-05-18T23:04:23 prefetch.2.10.0:  Downloading via https...
2020-05-18T23:04:23 prefetch.2.10.0:  https download succeed
2020-05-18T23:04:23 prefetch.2.10.0: 57) 'ncbi-acc:GL000222.1?vdb-ctx=refseq' was downloaded successfully
2020-05-18T23:04:23 prefetch.2.10.0: 58) Downloading 'ncbi-acc:GL000223.1?vdb-ctx=refseq'...
2020-05-18T23:04:23 prefetch.2.10.0:  Downloading via https...
2020-05-18T23:04:24 prefetch.2.10.0:  https download succeed
2020-05-18T23:04:24 prefetch.2.10.0: 58) 'ncbi-acc:GL000223.1?vdb-ctx=refseq' was downloaded successfully
2020-05-18T23:04:24 prefetch.2.10.0: 59) Downloading 'ncbi-acc:GL000224.1?vdb-ctx=refseq'...
2020-05-18T23:04:24 prefetch.2.10.0:  Downloading via https...
2020-05-18T23:04:24 prefetch.2.10.0:  https download succeed
2020-05-18T23:04:24 prefetch.2.10.0: 59) 'ncbi-acc:GL000224.1?vdb-ctx=refseq' was downloaded successfully
2020-05-18T23:04:24 prefetch.2.10.0: 60) Downloading 'ncbi-acc:GL000225.1?vdb-ctx=refseq'...
2020-05-18T23:04:24 prefetch.2.10.0:  Downloading via https...
2020-05-18T23:04:25 prefetch.2.10.0:  https download succeed
2020-05-18T23:04:25 prefetch.2.10.0: 60) 'ncbi-acc:GL000225.1?vdb-ctx=refseq' was downloaded successfully
2020-05-18T23:04:25 prefetch.2.10.0: 61) Downloading 'ncbi-acc:GL000226.1?vdb-ctx=refseq'...
2020-05-18T23:04:25 prefetch.2.10.0:  Downloading via https...
2020-05-18T23:04:25 prefetch.2.10.0:  https download succeed
2020-05-18T23:04:25 prefetch.2.10.0: 61) 'ncbi-acc:GL000226.1?vdb-ctx=refseq' was downloaded successfully
2020-05-18T23:04:25 prefetch.2.10.0: 62) Downloading 'ncbi-acc:GL000227.1?vdb-ctx=refseq'...
2020-05-18T23:04:25 prefetch.2.10.0:  Downloading via https...
2020-05-18T23:04:26 prefetch.2.10.0:  https download succeed
2020-05-18T23:04:26 prefetch.2.10.0: 62) 'ncbi-acc:GL000227.1?vdb-ctx=refseq' was downloaded successfully
2020-05-18T23:04:26 prefetch.2.10.0: 63) Downloading 'ncbi-acc:GL000228.1?vdb-ctx=refseq'...
2020-05-18T23:04:26 prefetch.2.10.0:  Downloading via https...
2020-05-18T23:04:27 prefetch.2.10.0:  https download succeed
2020-05-18T23:04:27 prefetch.2.10.0: 63) 'ncbi-acc:GL000228.1?vdb-ctx=refseq' was downloaded successfully
2020-05-18T23:04:27 prefetch.2.10.0: 64) Downloading 'ncbi-acc:GL000229.1?vdb-ctx=refseq'...
2020-05-18T23:04:27 prefetch.2.10.0:  Downloading via https...
2020-05-18T23:04:27 prefetch.2.10.0:  https download succeed
2020-05-18T23:04:27 prefetch.2.10.0: 64) 'ncbi-acc:GL000229.1?vdb-ctx=refseq' was downloaded successfully
2020-05-18T23:04:27 prefetch.2.10.0: 65) Downloading 'ncbi-acc:GL000230.1?vdb-ctx=refseq'...
2020-05-18T23:04:27 prefetch.2.10.0:  Downloading via https...
2020-05-18T23:04:27 prefetch.2.10.0:  https download succeed
2020-05-18T23:04:27 prefetch.2.10.0: 65) 'ncbi-acc:GL000230.1?vdb-ctx=refseq' was downloaded successfully
2020-05-18T23:04:27 prefetch.2.10.0: 66) Downloading 'ncbi-acc:GL000231.1?vdb-ctx=refseq'...
2020-05-18T23:04:27 prefetch.2.10.0:  Downloading via https...
2020-05-18T23:04:28 prefetch.2.10.0:  https download succeed
2020-05-18T23:04:28 prefetch.2.10.0: 66) 'ncbi-acc:GL000231.1?vdb-ctx=refseq' was downloaded successfully
2020-05-18T23:04:28 prefetch.2.10.0: 67) Downloading 'ncbi-acc:GL000232.1?vdb-ctx=refseq'...
2020-05-18T23:04:28 prefetch.2.10.0:  Downloading via https...
2020-05-18T23:04:28 prefetch.2.10.0:  https download succeed
2020-05-18T23:04:28 prefetch.2.10.0: 67) 'ncbi-acc:GL000232.1?vdb-ctx=refseq' was downloaded successfully
2020-05-18T23:04:28 prefetch.2.10.0: 68) Downloading 'ncbi-acc:GL000233.1?vdb-ctx=refseq'...
2020-05-18T23:04:28 prefetch.2.10.0:  Downloading via https...
2020-05-18T23:04:28 prefetch.2.10.0:  https download succeed
2020-05-18T23:04:28 prefetch.2.10.0: 68) 'ncbi-acc:GL000233.1?vdb-ctx=refseq' was downloaded successfully
2020-05-18T23:04:28 prefetch.2.10.0: 69) Downloading 'ncbi-acc:GL000234.1?vdb-ctx=refseq'...
2020-05-18T23:04:28 prefetch.2.10.0:  Downloading via https...
2020-05-18T23:04:29 prefetch.2.10.0:  https download succeed
2020-05-18T23:04:29 prefetch.2.10.0: 69) 'ncbi-acc:GL000234.1?vdb-ctx=refseq' was downloaded successfully
2020-05-18T23:04:29 prefetch.2.10.0: 70) Downloading 'ncbi-acc:GL000235.1?vdb-ctx=refseq'...
2020-05-18T23:04:29 prefetch.2.10.0:  Downloading via https...
2020-05-18T23:04:29 prefetch.2.10.0:  https download succeed
2020-05-18T23:04:29 prefetch.2.10.0: 70) 'ncbi-acc:GL000235.1?vdb-ctx=refseq' was downloaded successfully
2020-05-18T23:04:29 prefetch.2.10.0: 71) Downloading 'ncbi-acc:GL000236.1?vdb-ctx=refseq'...
2020-05-18T23:04:29 prefetch.2.10.0:  Downloading via https...
2020-05-18T23:04:30 prefetch.2.10.0:  https download succeed
2020-05-18T23:04:30 prefetch.2.10.0: 71) 'ncbi-acc:GL000236.1?vdb-ctx=refseq' was downloaded successfully
2020-05-18T23:04:30 prefetch.2.10.0: 72) Downloading 'ncbi-acc:GL000237.1?vdb-ctx=refseq'...
2020-05-18T23:04:30 prefetch.2.10.0:  Downloading via https...
2020-05-18T23:04:30 prefetch.2.10.0:  https download succeed
2020-05-18T23:04:30 prefetch.2.10.0: 72) 'ncbi-acc:GL000237.1?vdb-ctx=refseq' was downloaded successfully
2020-05-18T23:04:30 prefetch.2.10.0: 73) Downloading 'ncbi-acc:GL000238.1?vdb-ctx=refseq'...
2020-05-18T23:04:30 prefetch.2.10.0:  Downloading via https...
2020-05-18T23:04:30 prefetch.2.10.0:  https download succeed
2020-05-18T23:04:30 prefetch.2.10.0: 73) 'ncbi-acc:GL000238.1?vdb-ctx=refseq' was downloaded successfully
2020-05-18T23:04:30 prefetch.2.10.0: 74) Downloading 'ncbi-acc:GL000239.1?vdb-ctx=refseq'...
2020-05-18T23:04:30 prefetch.2.10.0:  Downloading via https...
2020-05-18T23:04:31 prefetch.2.10.0:  https download succeed
2020-05-18T23:04:31 prefetch.2.10.0: 74) 'ncbi-acc:GL000239.1?vdb-ctx=refseq' was downloaded successfully
2020-05-18T23:04:31 prefetch.2.10.0: 75) Downloading 'ncbi-acc:GL000240.1?vdb-ctx=refseq'...
2020-05-18T23:04:31 prefetch.2.10.0:  Downloading via https...
2020-05-18T23:04:31 prefetch.2.10.0:  https download succeed
2020-05-18T23:04:31 prefetch.2.10.0: 75) 'ncbi-acc:GL000240.1?vdb-ctx=refseq' was downloaded successfully
2020-05-18T23:04:31 prefetch.2.10.0: 76) Downloading 'ncbi-acc:GL000241.1?vdb-ctx=refseq'...
2020-05-18T23:04:31 prefetch.2.10.0:  Downloading via https...
2020-05-18T23:04:31 prefetch.2.10.0:  https download succeed
2020-05-18T23:04:31 prefetch.2.10.0: 76) 'ncbi-acc:GL000241.1?vdb-ctx=refseq' was downloaded successfully
2020-05-18T23:04:31 prefetch.2.10.0: 77) Downloading 'ncbi-acc:GL000242.1?vdb-ctx=refseq'...
2020-05-18T23:04:31 prefetch.2.10.0:  Downloading via https...
2020-05-18T23:04:32 prefetch.2.10.0:  https download succeed
2020-05-18T23:04:32 prefetch.2.10.0: 77) 'ncbi-acc:GL000242.1?vdb-ctx=refseq' was downloaded successfully
2020-05-18T23:04:32 prefetch.2.10.0: 78) Downloading 'ncbi-acc:GL000243.1?vdb-ctx=refseq'...
2020-05-18T23:04:32 prefetch.2.10.0:  Downloading via https...
2020-05-18T23:04:32 prefetch.2.10.0:  https download succeed
2020-05-18T23:04:32 prefetch.2.10.0: 78) 'ncbi-acc:GL000243.1?vdb-ctx=refseq' was downloaded successfully
2020-05-18T23:04:32 prefetch.2.10.0: 79) Downloading 'ncbi-acc:GL000244.1?vdb-ctx=refseq'...
2020-05-18T23:04:32 prefetch.2.10.0:  Downloading via https...
2020-05-18T23:04:32 prefetch.2.10.0:  https download succeed
2020-05-18T23:04:32 prefetch.2.10.0: 79) 'ncbi-acc:GL000244.1?vdb-ctx=refseq' was downloaded successfully
2020-05-18T23:04:32 prefetch.2.10.0: 80) Downloading 'ncbi-acc:GL000245.1?vdb-ctx=refseq'...
2020-05-18T23:04:32 prefetch.2.10.0:  Downloading via https...
2020-05-18T23:04:33 prefetch.2.10.0:  https download succeed
2020-05-18T23:04:33 prefetch.2.10.0: 80) 'ncbi-acc:GL000245.1?vdb-ctx=refseq' was downloaded successfully
2020-05-18T23:04:33 prefetch.2.10.0: 81) Downloading 'ncbi-acc:GL000246.1?vdb-ctx=refseq'...
2020-05-18T23:04:33 prefetch.2.10.0:  Downloading via https...
2020-05-18T23:04:33 prefetch.2.10.0:  https download succeed
2020-05-18T23:04:33 prefetch.2.10.0: 81) 'ncbi-acc:GL000246.1?vdb-ctx=refseq' was downloaded successfully
2020-05-18T23:04:33 prefetch.2.10.0: 82) Downloading 'ncbi-acc:GL000247.1?vdb-ctx=refseq'...
2020-05-18T23:04:33 prefetch.2.10.0:  Downloading via https...
2020-05-18T23:04:34 prefetch.2.10.0:  https download succeed
2020-05-18T23:04:34 prefetch.2.10.0: 82) 'ncbi-acc:GL000247.1?vdb-ctx=refseq' was downloaded successfully
2020-05-18T23:04:34 prefetch.2.10.0: 83) Downloading 'ncbi-acc:GL000248.1?vdb-ctx=refseq'...
2020-05-18T23:04:34 prefetch.2.10.0:  Downloading via https...
2020-05-18T23:04:34 prefetch.2.10.0:  https download succeed
2020-05-18T23:04:34 prefetch.2.10.0: 83) 'ncbi-acc:GL000248.1?vdb-ctx=refseq' was downloaded successfully
2020-05-18T23:04:34 prefetch.2.10.0: 84) Downloading 'ncbi-acc:GL000249.1?vdb-ctx=refseq'...
2020-05-18T23:04:34 prefetch.2.10.0:  Downloading via https...
2020-05-18T23:04:34 prefetch.2.10.0:  https download succeed
2020-05-18T23:04:34 prefetch.2.10.0: 84) 'ncbi-acc:GL000249.1?vdb-ctx=refseq' was downloaded successfully
2020-05-18T23:04:34 prefetch.2.10.0: 85) Downloading 'ncbi-acc:NC_007605.1?vdb-ctx=refseq'...
2020-05-18T23:04:34 prefetch.2.10.0:  Downloading via https...
2020-05-18T23:04:35 prefetch.2.10.0:  https download succeed
2020-05-18T23:04:35 prefetch.2.10.0: 85) 'ncbi-acc:NC_007605.1?vdb-ctx=refseq' was downloaded successfully
2020-05-18T23:04:35 prefetch.2.10.0: 86) Downloading 'ncbi-acc:NC_012920.1?vdb-ctx=refseq'...
2020-05-18T23:04:35 prefetch.2.10.0:  Downloading via https...
2020-05-18T23:04:35 prefetch.2.10.0:  https download succeed
2020-05-18T23:04:35 prefetch.2.10.0: 86) 'ncbi-acc:NC_012920.1?vdb-ctx=refseq' was downloaded successfully
2020-05-18T23:04:35 prefetch.2.10.0: 87) Downloading 'ncbi-acc:hs37d5?vdb-ctx=refseq'...
2020-05-18T23:04:35 prefetch.2.10.0:  Downloading via https...
2020-05-18T23:04:46 prefetch.2.10.0:  https download succeed
2020-05-18T23:04:46 prefetch.2.10.0: 87) 'ncbi-acc:hs37d5?vdb-ctx=refseq' was downloaded successfully
2020-05-18T23:04:46 prefetch.2.10.0: 1) Downloading 'SRR1596808.vdbcache'...
2020-05-18T23:04:46 prefetch.2.10.0: 1) 'SRR1596808.vdbcache' was downloaded successfully
Done.
Dumping fastq file for SRR1596808
slurmstepd-i37: error: *** JOB 1140005 ON i37 CANCELLED AT 2020-05-19T03:00:04 DUE TO TIME LIMIT ***
