Prefetching SRR1604436...

2020-05-19T11:25:33 prefetch.2.10.0: 1) Downloading 'SRR1604436'...
2020-05-19T11:25:33 prefetch.2.10.0:  Downloading via https...
2020-05-19T11:51:07 prefetch.2.10.0:  https download succeed
2020-05-19T11:51:07 prefetch.2.10.0: 1,2) Downloading 'SRR1604436.vdbcache'...
2020-05-19T11:51:07 prefetch.2.10.0:  Downloading via https...
2020-05-19T11:51:14 prefetch.2.10.0:  https download succeed
2020-05-19T11:51:14 prefetch.2.10.0: 1.2) 'SRR1604436.vdbcache' was downloaded successfully
2020-05-19T11:51:14 prefetch.2.10.0: 1) 'SRR1604436' was downloaded successfully
2020-05-19T11:51:40 prefetch.2.10.0: 'SRR1604436' has 86 unresolved dependencies
2020-05-19T11:51:40 prefetch.2.10.0: 2) Downloading 'ncbi-acc:CM000663.1?vdb-ctx=refseq'...
2020-05-19T11:51:40 prefetch.2.10.0:  Downloading via https...
2020-05-19T11:52:02 prefetch.2.10.0:  https download succeed
2020-05-19T11:52:02 prefetch.2.10.0: 2) 'ncbi-acc:CM000663.1?vdb-ctx=refseq' was downloaded successfully
2020-05-19T11:52:02 prefetch.2.10.0: 3) Downloading 'ncbi-acc:CM000664.1?vdb-ctx=refseq'...
2020-05-19T11:52:02 prefetch.2.10.0:  Downloading via https...
2020-05-19T11:59:52 prefetch.2.10.0:  https download succeed
2020-05-19T11:59:52 prefetch.2.10.0: 3) 'ncbi-acc:CM000664.1?vdb-ctx=refseq' was downloaded successfully
2020-05-19T11:59:52 prefetch.2.10.0: 4) Downloading 'ncbi-acc:CM000665.1?vdb-ctx=refseq'...
2020-05-19T11:59:52 prefetch.2.10.0:  Downloading via https...
2020-05-19T12:00:17 prefetch.2.10.0:  https download succeed
2020-05-19T12:00:17 prefetch.2.10.0: 4) 'ncbi-acc:CM000665.1?vdb-ctx=refseq' was downloaded successfully
2020-05-19T12:00:17 prefetch.2.10.0: 5) Downloading 'ncbi-acc:CM000666.1?vdb-ctx=refseq'...
2020-05-19T12:00:17 prefetch.2.10.0:  Downloading via https...
2020-05-19T12:00:32 prefetch.2.10.0:  https download succeed
2020-05-19T12:00:32 prefetch.2.10.0: 5) 'ncbi-acc:CM000666.1?vdb-ctx=refseq' was downloaded successfully
2020-05-19T12:00:32 prefetch.2.10.0: 6) Downloading 'ncbi-acc:CM000667.1?vdb-ctx=refseq'...
2020-05-19T12:00:32 prefetch.2.10.0:  Downloading via https...
2020-05-19T12:00:54 prefetch.2.10.0:  https download succeed
2020-05-19T12:00:54 prefetch.2.10.0: 6) 'ncbi-acc:CM000667.1?vdb-ctx=refseq' was downloaded successfully
2020-05-19T12:00:54 prefetch.2.10.0: 7) Downloading 'ncbi-acc:CM000668.1?vdb-ctx=refseq'...
2020-05-19T12:00:54 prefetch.2.10.0:  Downloading via https...
2020-05-19T12:01:07 prefetch.2.10.0:  https download succeed
2020-05-19T12:01:07 prefetch.2.10.0: 7) 'ncbi-acc:CM000668.1?vdb-ctx=refseq' was downloaded successfully
2020-05-19T12:01:07 prefetch.2.10.0: 8) Downloading 'ncbi-acc:CM000669.1?vdb-ctx=refseq'...
2020-05-19T12:01:07 prefetch.2.10.0:  Downloading via https...
2020-05-19T12:01:14 prefetch.2.10.0:  https download succeed
2020-05-19T12:01:14 prefetch.2.10.0: 8) 'ncbi-acc:CM000669.1?vdb-ctx=refseq' was downloaded successfully
2020-05-19T12:01:14 prefetch.2.10.0: 9) Downloading 'ncbi-acc:CM000670.1?vdb-ctx=refseq'...
2020-05-19T12:01:14 prefetch.2.10.0:  Downloading via https...
2020-05-19T12:01:25 prefetch.2.10.0:  https download succeed
2020-05-19T12:01:25 prefetch.2.10.0: 9) 'ncbi-acc:CM000670.1?vdb-ctx=refseq' was downloaded successfully
2020-05-19T12:01:25 prefetch.2.10.0: 10) Downloading 'ncbi-acc:CM000671.1?vdb-ctx=refseq'...
2020-05-19T12:01:25 prefetch.2.10.0:  Downloading via https...
2020-05-19T12:01:34 prefetch.2.10.0:  https download succeed
2020-05-19T12:01:34 prefetch.2.10.0: 10) 'ncbi-acc:CM000671.1?vdb-ctx=refseq' was downloaded successfully
2020-05-19T12:01:34 prefetch.2.10.0: 11) Downloading 'ncbi-acc:CM000672.1?vdb-ctx=refseq'...
2020-05-19T12:01:34 prefetch.2.10.0:  Downloading via https...
2020-05-19T12:01:46 prefetch.2.10.0:  https download succeed
2020-05-19T12:01:46 prefetch.2.10.0: 11) 'ncbi-acc:CM000672.1?vdb-ctx=refseq' was downloaded successfully
2020-05-19T12:01:46 prefetch.2.10.0: 12) Downloading 'ncbi-acc:CM000673.1?vdb-ctx=refseq'...
2020-05-19T12:01:46 prefetch.2.10.0:  Downloading via https...
2020-05-19T12:02:01 prefetch.2.10.0:  https download succeed
2020-05-19T12:02:01 prefetch.2.10.0: 12) 'ncbi-acc:CM000673.1?vdb-ctx=refseq' was downloaded successfully
2020-05-19T12:02:01 prefetch.2.10.0: 13) Downloading 'ncbi-acc:CM000674.1?vdb-ctx=refseq'...
2020-05-19T12:02:01 prefetch.2.10.0:  Downloading via https...
2020-05-19T12:02:16 prefetch.2.10.0:  https download succeed
2020-05-19T12:02:16 prefetch.2.10.0: 13) 'ncbi-acc:CM000674.1?vdb-ctx=refseq' was downloaded successfully
2020-05-19T12:02:16 prefetch.2.10.0: 14) Downloading 'ncbi-acc:CM000675.1?vdb-ctx=refseq'...
2020-05-19T12:02:16 prefetch.2.10.0:  Downloading via https...
2020-05-19T12:07:32 prefetch.2.10.0 int: connection failed while opening file within cryptographic module - Cannot KNSManagerMakeClientRequest: https://sra-download.ncbi.nlm.nih.gov/traces/refseq/CM000675.1
2020-05-19T12:07:32 prefetch.2.10.0:  https download failed
2020-05-19T12:07:32 prefetch.2.10.0: 14) failed to download ncbi-acc:CM000675.1?vdb-ctx=refseq
Done.
Dumping fastq file for SRR1604436
2020-05-19T13:10:32 fastq-dump.2.10.0 err: connection failed while opening file within cryptographic module - error with https open 'https://sra-download.ncbi.nlm.nih.gov/traces/refseq/CM000676.1'
2020-05-19T16:20:46 fastq-dump.2.10.0 err: directory not found while opening manager within virtual file system module - failed SRR1604436

=============================================================
An error occurred during processing.
A report was generated into the file '/rhome/arajewski/ncbi_error_report.txt'.
If the problem persists, you may consider sending the file
to 'sra-tools@ncbi.nlm.nih.gov' for assistance.
=============================================================

Done.
