Prefetching SRR1598060...

2020-05-21T00:19:49 prefetch.2.10.0 warn: Maximum file size download limit is 20GB 
2020-05-21T00:19:49 prefetch.2.10.0: 1) 'SRR1598060' (22GB) is larger than maximum allowed: skipped 
2020-05-21T00:19:49 prefetch.2.10.0: 1) Downloading 'SRR1598060.vdbcache'...
2020-05-21T00:19:49 prefetch.2.10.0:  Downloading via https...
2020-05-21T00:42:23 prefetch.2.10.0:  https download succeed
2020-05-21T00:42:23 prefetch.2.10.0: 1) 'SRR1598060.vdbcache' was downloaded successfully

Download of some files was skipped because they are too large
You can change size download limit by setting
--min-size and --max-size command line arguments
Done.
Dumping fastq file for SRR1598060
2020-05-21T08:27:40 fastq-dump.2.10.0 err: connection failed while opening file within cryptographic module - error with https open 'https://sra-download.ncbi.nlm.nih.gov/traces/refseq/CM000664.1'
2020-05-21T11:48:25 fastq-dump.2.10.0 err: connection failed while opening file within cryptographic module - error with https open 'https://sra-download.ncbi.nlm.nih.gov/traces/refseq/CM000666.1'
2020-05-21T12:24:45 fastq-dump.2.10.0 err: connection failed while opening file within cryptographic module - error with https open 'https://sra-download.ncbi.nlm.nih.gov/traces/refseq/CM000663.1'
2020-05-21T12:51:43 fastq-dump.2.10.0 err: timeout exhausted while waiting condition within process system module - failed SRR1598060

=============================================================
An error occurred during processing.
A report was generated into the file '/rhome/arajewski/ncbi_error_report.txt'.
If the problem persists, you may consider sending the file
to 'sra-tools@ncbi.nlm.nih.gov' for assistance.
=============================================================

Done.
