Prefetching SRR1600379...

2020-05-19T06:22:34 prefetch.2.10.0: 1) Downloading 'SRR1600379'...
2020-05-19T06:22:34 prefetch.2.10.0:  Downloading via https...
2020-05-19T07:01:37 prefetch.2.10.0:  https download succeed
2020-05-19T07:01:37 prefetch.2.10.0: 1,2) Downloading 'SRR1600379.vdbcache'...
2020-05-19T07:01:37 prefetch.2.10.0:  Downloading via https...
2020-05-19T07:02:32 prefetch.2.10.0:  https download succeed
2020-05-19T07:02:32 prefetch.2.10.0: 1.2) 'SRR1600379.vdbcache' was downloaded successfully
2020-05-19T07:02:32 prefetch.2.10.0: 1) 'SRR1600379' was downloaded successfully
2020-05-19T07:02:59 prefetch.2.10.0: 'SRR1600379' has 86 unresolved dependencies
2020-05-19T07:02:59 prefetch.2.10.0: 2) Downloading 'ncbi-acc:CM000663.1?vdb-ctx=refseq'...
2020-05-19T07:02:59 prefetch.2.10.0:  Downloading via https...
2020-05-19T07:03:15 prefetch.2.10.0:  https download succeed
2020-05-19T07:03:15 prefetch.2.10.0: 2) 'ncbi-acc:CM000663.1?vdb-ctx=refseq' was downloaded successfully
2020-05-19T07:03:15 prefetch.2.10.0: 3) Downloading 'ncbi-acc:CM000664.1?vdb-ctx=refseq'...
2020-05-19T07:03:15 prefetch.2.10.0:  Downloading via https...
2020-05-19T07:03:31 prefetch.2.10.0:  https download succeed
2020-05-19T07:03:31 prefetch.2.10.0: 3) 'ncbi-acc:CM000664.1?vdb-ctx=refseq' was downloaded successfully
2020-05-19T07:03:31 prefetch.2.10.0: 4) Downloading 'ncbi-acc:CM000665.1?vdb-ctx=refseq'...
2020-05-19T07:03:32 prefetch.2.10.0:  Downloading via https...
2020-05-19T07:03:45 prefetch.2.10.0:  https download succeed
2020-05-19T07:03:45 prefetch.2.10.0: 4) 'ncbi-acc:CM000665.1?vdb-ctx=refseq' was downloaded successfully
2020-05-19T07:03:45 prefetch.2.10.0: 5) Downloading 'ncbi-acc:CM000666.1?vdb-ctx=refseq'...
2020-05-19T07:03:45 prefetch.2.10.0:  Downloading via https...
2020-05-19T07:03:59 prefetch.2.10.0:  https download succeed
2020-05-19T07:03:59 prefetch.2.10.0: 5) 'ncbi-acc:CM000666.1?vdb-ctx=refseq' was downloaded successfully
2020-05-19T07:03:59 prefetch.2.10.0: 6) Downloading 'ncbi-acc:CM000667.1?vdb-ctx=refseq'...
2020-05-19T07:03:59 prefetch.2.10.0:  Downloading via https...
2020-05-19T07:04:14 prefetch.2.10.0:  https download succeed
2020-05-19T07:04:14 prefetch.2.10.0: 6) 'ncbi-acc:CM000667.1?vdb-ctx=refseq' was downloaded successfully
2020-05-19T07:04:14 prefetch.2.10.0: 7) Downloading 'ncbi-acc:CM000668.1?vdb-ctx=refseq'...
2020-05-19T07:04:14 prefetch.2.10.0:  Downloading via https...
2020-05-19T07:04:25 prefetch.2.10.0:  https download succeed
2020-05-19T07:04:25 prefetch.2.10.0: 7) 'ncbi-acc:CM000668.1?vdb-ctx=refseq' was downloaded successfully
2020-05-19T07:04:25 prefetch.2.10.0: 8) Downloading 'ncbi-acc:CM000669.1?vdb-ctx=refseq'...
2020-05-19T07:04:25 prefetch.2.10.0:  Downloading via https...
2020-05-19T07:04:34 prefetch.2.10.0:  https download succeed
2020-05-19T07:04:34 prefetch.2.10.0: 8) 'ncbi-acc:CM000669.1?vdb-ctx=refseq' was downloaded successfully
2020-05-19T07:04:34 prefetch.2.10.0: 9) Downloading 'ncbi-acc:CM000670.1?vdb-ctx=refseq'...
2020-05-19T07:04:34 prefetch.2.10.0:  Downloading via https...
2020-05-19T07:04:42 prefetch.2.10.0:  https download succeed
2020-05-19T07:04:42 prefetch.2.10.0: 9) 'ncbi-acc:CM000670.1?vdb-ctx=refseq' was downloaded successfully
2020-05-19T07:04:42 prefetch.2.10.0: 10) Downloading 'ncbi-acc:CM000671.1?vdb-ctx=refseq'...
2020-05-19T07:04:42 prefetch.2.10.0:  Downloading via https...
2020-05-19T07:04:53 prefetch.2.10.0:  https download succeed
2020-05-19T07:04:53 prefetch.2.10.0: 10) 'ncbi-acc:CM000671.1?vdb-ctx=refseq' was downloaded successfully
2020-05-19T07:04:53 prefetch.2.10.0: 11) Downloading 'ncbi-acc:CM000672.1?vdb-ctx=refseq'...
2020-05-19T07:04:53 prefetch.2.10.0:  Downloading via https...
2020-05-19T07:05:04 prefetch.2.10.0:  https download succeed
2020-05-19T07:05:04 prefetch.2.10.0: 11) 'ncbi-acc:CM000672.1?vdb-ctx=refseq' was downloaded successfully
2020-05-19T07:05:04 prefetch.2.10.0: 12) Downloading 'ncbi-acc:CM000673.1?vdb-ctx=refseq'...
2020-05-19T07:05:04 prefetch.2.10.0:  Downloading via https...
2020-05-19T07:05:15 prefetch.2.10.0:  https download succeed
2020-05-19T07:05:15 prefetch.2.10.0: 12) 'ncbi-acc:CM000673.1?vdb-ctx=refseq' was downloaded successfully
2020-05-19T07:05:15 prefetch.2.10.0: 13) Downloading 'ncbi-acc:CM000674.1?vdb-ctx=refseq'...
2020-05-19T07:05:15 prefetch.2.10.0:  Downloading via https...
2020-05-19T07:05:26 prefetch.2.10.0:  https download succeed
2020-05-19T07:05:26 prefetch.2.10.0: 13) 'ncbi-acc:CM000674.1?vdb-ctx=refseq' was downloaded successfully
2020-05-19T07:05:26 prefetch.2.10.0: 14) Downloading 'ncbi-acc:CM000675.1?vdb-ctx=refseq'...
2020-05-19T07:05:26 prefetch.2.10.0:  Downloading via https...
2020-05-19T07:05:36 prefetch.2.10.0:  https download succeed
2020-05-19T07:05:36 prefetch.2.10.0: 14) 'ncbi-acc:CM000675.1?vdb-ctx=refseq' was downloaded successfully
2020-05-19T07:05:36 prefetch.2.10.0: 15) Downloading 'ncbi-acc:CM000676.1?vdb-ctx=refseq'...
2020-05-19T07:05:36 prefetch.2.10.0:  Downloading via https...
2020-05-19T07:05:43 prefetch.2.10.0:  https download succeed
2020-05-19T07:05:43 prefetch.2.10.0: 15) 'ncbi-acc:CM000676.1?vdb-ctx=refseq' was downloaded successfully
2020-05-19T07:05:43 prefetch.2.10.0: 16) Downloading 'ncbi-acc:CM000677.1?vdb-ctx=refseq'...
2020-05-19T07:05:43 prefetch.2.10.0:  Downloading via https...
2020-05-19T07:11:03 prefetch.2.10.0 int: connection failed while opening file within cryptographic module - Cannot KNSManagerMakeClientRequest: https://sra-download.ncbi.nlm.nih.gov/traces/refseq/CM000677.1
2020-05-19T07:11:03 prefetch.2.10.0:  https download failed
2020-05-19T07:11:03 prefetch.2.10.0: 16) failed to download ncbi-acc:CM000677.1?vdb-ctx=refseq
Done.
Dumping fastq file for SRR1600379
slurmstepd-i26: error: *** JOB 1141858 ON i26 CANCELLED AT 2020-05-19T11:22:48 DUE TO TIME LIMIT ***
