Prefetching SRR1603949...

2020-05-19T11:12:00 prefetch.2.10.0: 1) Downloading 'SRR1603949'...
2020-05-19T11:12:00 prefetch.2.10.0:  Downloading via https...
2020-05-19T11:43:25 prefetch.2.10.0:  https download succeed
2020-05-19T11:43:25 prefetch.2.10.0: 1,2) Downloading 'SRR1603949.vdbcache'...
2020-05-19T11:43:25 prefetch.2.10.0:  Downloading via https...
2020-05-19T11:43:39 prefetch.2.10.0:  https download succeed
2020-05-19T11:43:39 prefetch.2.10.0: 1.2) 'SRR1603949.vdbcache' was downloaded successfully
2020-05-19T11:43:39 prefetch.2.10.0: 1) 'SRR1603949' was downloaded successfully
2020-05-19T11:44:06 prefetch.2.10.0: 'SRR1603949' has 86 unresolved dependencies
2020-05-19T11:44:06 prefetch.2.10.0: 2) Downloading 'ncbi-acc:CM000663.1?vdb-ctx=refseq'...
2020-05-19T11:44:06 prefetch.2.10.0:  Downloading via https...
2020-05-19T11:44:32 prefetch.2.10.0:  https download succeed
2020-05-19T11:44:32 prefetch.2.10.0: 2) 'ncbi-acc:CM000663.1?vdb-ctx=refseq' was downloaded successfully
2020-05-19T11:44:32 prefetch.2.10.0: 3) Downloading 'ncbi-acc:CM000664.1?vdb-ctx=refseq'...
2020-05-19T11:44:32 prefetch.2.10.0:  Downloading via https...
2020-05-19T11:45:03 prefetch.2.10.0:  https download succeed
2020-05-19T11:45:03 prefetch.2.10.0: 3) 'ncbi-acc:CM000664.1?vdb-ctx=refseq' was downloaded successfully
2020-05-19T11:45:03 prefetch.2.10.0: 4) Downloading 'ncbi-acc:CM000665.1?vdb-ctx=refseq'...
2020-05-19T11:45:03 prefetch.2.10.0:  Downloading via https...
2020-05-19T11:45:26 prefetch.2.10.0:  https download succeed
2020-05-19T11:45:26 prefetch.2.10.0: 4) 'ncbi-acc:CM000665.1?vdb-ctx=refseq' was downloaded successfully
2020-05-19T11:45:26 prefetch.2.10.0: 5) Downloading 'ncbi-acc:CM000666.1?vdb-ctx=refseq'...
2020-05-19T11:45:26 prefetch.2.10.0:  Downloading via https...
2020-05-19T11:45:53 prefetch.2.10.0:  https download succeed
2020-05-19T11:45:53 prefetch.2.10.0: 5) 'ncbi-acc:CM000666.1?vdb-ctx=refseq' was downloaded successfully
2020-05-19T11:45:53 prefetch.2.10.0: 6) Downloading 'ncbi-acc:CM000667.1?vdb-ctx=refseq'...
2020-05-19T11:45:53 prefetch.2.10.0:  Downloading via https...
2020-05-19T11:46:15 prefetch.2.10.0:  https download succeed
2020-05-19T11:46:15 prefetch.2.10.0: 6) 'ncbi-acc:CM000667.1?vdb-ctx=refseq' was downloaded successfully
2020-05-19T11:46:15 prefetch.2.10.0: 7) Downloading 'ncbi-acc:CM000668.1?vdb-ctx=refseq'...
2020-05-19T11:46:15 prefetch.2.10.0:  Downloading via https...
2020-05-19T11:46:34 prefetch.2.10.0:  https download succeed
2020-05-19T11:46:34 prefetch.2.10.0: 7) 'ncbi-acc:CM000668.1?vdb-ctx=refseq' was downloaded successfully
2020-05-19T11:46:34 prefetch.2.10.0: 8) Downloading 'ncbi-acc:CM000669.1?vdb-ctx=refseq'...
2020-05-19T11:46:34 prefetch.2.10.0:  Downloading via https...
2020-05-19T11:46:51 prefetch.2.10.0:  https download succeed
2020-05-19T11:46:51 prefetch.2.10.0: 8) 'ncbi-acc:CM000669.1?vdb-ctx=refseq' was downloaded successfully
2020-05-19T11:46:51 prefetch.2.10.0: 9) Downloading 'ncbi-acc:CM000670.1?vdb-ctx=refseq'...
2020-05-19T11:46:51 prefetch.2.10.0:  Downloading via https...
2020-05-19T11:54:47 prefetch.2.10.0:  https download succeed
2020-05-19T11:54:47 prefetch.2.10.0: 9) 'ncbi-acc:CM000670.1?vdb-ctx=refseq' was downloaded successfully
2020-05-19T11:54:47 prefetch.2.10.0: 10) Downloading 'ncbi-acc:CM000671.1?vdb-ctx=refseq'...
2020-05-19T11:54:47 prefetch.2.10.0:  Downloading via https...
2020-05-19T11:54:57 prefetch.2.10.0:  https download succeed
2020-05-19T11:54:57 prefetch.2.10.0: 10) 'ncbi-acc:CM000671.1?vdb-ctx=refseq' was downloaded successfully
2020-05-19T11:54:57 prefetch.2.10.0: 11) Downloading 'ncbi-acc:CM000672.1?vdb-ctx=refseq'...
2020-05-19T11:54:57 prefetch.2.10.0:  Downloading via https...
2020-05-19T11:55:15 prefetch.2.10.0:  https download succeed
2020-05-19T11:55:15 prefetch.2.10.0: 11) 'ncbi-acc:CM000672.1?vdb-ctx=refseq' was downloaded successfully
2020-05-19T11:55:15 prefetch.2.10.0: 12) Downloading 'ncbi-acc:CM000673.1?vdb-ctx=refseq'...
2020-05-19T11:55:15 prefetch.2.10.0:  Downloading via https...
2020-05-19T11:55:30 prefetch.2.10.0:  https download succeed
2020-05-19T11:55:30 prefetch.2.10.0: 12) 'ncbi-acc:CM000673.1?vdb-ctx=refseq' was downloaded successfully
2020-05-19T11:55:30 prefetch.2.10.0: 13) Downloading 'ncbi-acc:CM000674.1?vdb-ctx=refseq'...
2020-05-19T11:55:30 prefetch.2.10.0:  Downloading via https...
2020-05-19T11:55:43 prefetch.2.10.0:  https download succeed
2020-05-19T11:55:43 prefetch.2.10.0: 13) 'ncbi-acc:CM000674.1?vdb-ctx=refseq' was downloaded successfully
2020-05-19T11:55:43 prefetch.2.10.0: 14) Downloading 'ncbi-acc:CM000675.1?vdb-ctx=refseq'...
2020-05-19T11:55:43 prefetch.2.10.0:  Downloading via https...
2020-05-19T11:55:54 prefetch.2.10.0:  https download succeed
2020-05-19T11:55:54 prefetch.2.10.0: 14) 'ncbi-acc:CM000675.1?vdb-ctx=refseq' was downloaded successfully
2020-05-19T11:55:54 prefetch.2.10.0: 15) Downloading 'ncbi-acc:CM000676.1?vdb-ctx=refseq'...
2020-05-19T11:55:54 prefetch.2.10.0:  Downloading via https...
2020-05-19T11:56:06 prefetch.2.10.0:  https download succeed
2020-05-19T11:56:06 prefetch.2.10.0: 15) 'ncbi-acc:CM000676.1?vdb-ctx=refseq' was downloaded successfully
2020-05-19T11:56:06 prefetch.2.10.0: 16) Downloading 'ncbi-acc:CM000677.1?vdb-ctx=refseq'...
2020-05-19T11:56:06 prefetch.2.10.0:  Downloading via https...
2020-05-19T11:56:20 prefetch.2.10.0:  https download succeed
2020-05-19T11:56:20 prefetch.2.10.0: 16) 'ncbi-acc:CM000677.1?vdb-ctx=refseq' was downloaded successfully
2020-05-19T11:56:20 prefetch.2.10.0: 17) Downloading 'ncbi-acc:CM000678.1?vdb-ctx=refseq'...
2020-05-19T11:56:20 prefetch.2.10.0:  Downloading via https...
2020-05-19T12:04:33 prefetch.2.10.0 int: connection failed while opening file within cryptographic module - Cannot KNSManagerMakeClientRequest: https://sra-download.ncbi.nlm.nih.gov/traces/refseq/CM000678.1
2020-05-19T12:04:33 prefetch.2.10.0:  https download failed
2020-05-19T12:04:33 prefetch.2.10.0: 17) failed to download ncbi-acc:CM000678.1?vdb-ctx=refseq
Done.
Dumping fastq file for SRR1603949
2020-05-19T13:10:24 fastq-dump.2.10.0 err: connection failed while opening file within cryptographic module - error with https open 'https://sra-download.ncbi.nlm.nih.gov/traces/refseq/CM000678.1'
2020-05-19T13:16:12 fastq-dump.2.10.0 err: connection failed while opening file within cryptographic module - error with https open 'https://sra-download.ncbi.nlm.nih.gov/traces/refseq/CM000678.1'
2020-05-19T13:34:33 fastq-dump.2.10.0 err: connection failed while opening file within cryptographic module - error with https open 'https://sra-download.ncbi.nlm.nih.gov/traces/refseq/CM000678.1'
2020-05-19T18:58:48 fastq-dump.2.10.0 err: data corrupt while selecting function within transform module - failed SRR1603949

=============================================================
An error occurred during processing.
A report was generated into the file '/rhome/arajewski/ncbi_error_report.txt'.
If the problem persists, you may consider sending the file
to 'sra-tools@ncbi.nlm.nih.gov' for assistance.
=============================================================

Done.
